[  0%] Built target _pal_statistics_msgs_generate_messages_check_deps_StatisticsNames
[  0%] Built target std_msgs_generate_messages_lisp
[  0%] Built target _pal_statistics_msgs_generate_messages_check_deps_StatisticsValues
[  0%] Built target _pal_statistics_msgs_generate_messages_check_deps_Statistics
[  0%] Built target _pal_statistics_msgs_generate_messages_check_deps_Statistic
[  0%] Built target std_msgs_generate_messages_py
[  0%] Built target std_msgs_generate_messages_nodejs
[  0%] Built target std_msgs_generate_messages_eus
[  0%] Built target std_msgs_generate_messages_cpp
[  4%] [34m[1mGenerating Lisp code from pal_statistics_msgs/StatisticsValues.msg[0m
[  9%] [34m[1mGenerating Lisp code from pal_statistics_msgs/Statistic.msg[0m
[ 13%] [34m[1mGenerating Lisp code from pal_statistics_msgs/StatisticsNames.msg[0m
[ 18%] [34m[1mGenerating Lisp code from pal_statistics_msgs/Statistics.msg[0m
[ 18%] Built target pal_statistics_msgs_generate_messages_lisp
[ 22%] [34m[1mGenerating Python from MSG pal_statistics_msgs/StatisticsValues[0m
[ 27%] [34m[1mGenerating Python from MSG pal_statistics_msgs/Statistic[0m
[ 31%] [34m[1mGenerating Python from MSG pal_statistics_msgs/StatisticsNames[0m
[ 36%] [34m[1mGenerating Python from MSG pal_statistics_msgs/Statistics[0m
[ 40%] [34m[1mGenerating Python msg __init__.py for pal_statistics_msgs[0m
[ 40%] Built target pal_statistics_msgs_generate_messages_py
[ 45%] [34m[1mGenerating Javascript code from pal_statistics_msgs/StatisticsValues.msg[0m
[ 50%] [34m[1mGenerating Javascript code from pal_statistics_msgs/Statistic.msg[0m
[ 54%] [34m[1mGenerating Javascript code from pal_statistics_msgs/StatisticsNames.msg[0m
[ 59%] [34m[1mGenerating Javascript code from pal_statistics_msgs/Statistics.msg[0m
[ 59%] Built target pal_statistics_msgs_generate_messages_nodejs
[ 63%] [34m[1mGenerating EusLisp code from pal_statistics_msgs/StatisticsValues.msg[0m
[ 68%] [34m[1mGenerating EusLisp code from pal_statistics_msgs/Statistic.msg[0m
[ 72%] [34m[1mGenerating C++ code from pal_statistics_msgs/StatisticsValues.msg[0m
[ 77%] [34m[1mGenerating EusLisp code from pal_statistics_msgs/StatisticsNames.msg[0m
[ 81%] [34m[1mGenerating C++ code from pal_statistics_msgs/Statistic.msg[0m
[ 86%] [34m[1mGenerating EusLisp code from pal_statistics_msgs/Statistics.msg[0m
[ 90%] [34m[1mGenerating C++ code from pal_statistics_msgs/StatisticsNames.msg[0m
[ 95%] Built target pal_statistics_msgs_generate_messages_eus
[100%] [34m[1mGenerating C++ code from pal_statistics_msgs/Statistics.msg[0m
[100%] Built target pal_statistics_msgs_generate_messages_cpp
[100%] Built target pal_statistics_msgs_generate_messages
