Symlinking /home/adrii/talos_public_ws/devel/share/roseus/ros/pal_statistics_msgs/manifest.l
Symlinking /home/adrii/talos_public_ws/devel/share/roseus/ros/pal_statistics_msgs/msg/Statistics.l
Symlinking /home/adrii/talos_public_ws/devel/share/roseus/ros/pal_statistics_msgs/msg/StatisticsNames.l
Symlinking /home/adrii/talos_public_ws/devel/share/roseus/ros/pal_statistics_msgs/msg/Statistic.l
Symlinking /home/adrii/talos_public_ws/devel/share/roseus/ros/pal_statistics_msgs/msg/StatisticsValues.l
Symlinking /home/adrii/talos_public_ws/devel/share/common-lisp/ros/pal_statistics_msgs/msg/_package_StatisticsValues.lisp
Symlinking /home/adrii/talos_public_ws/devel/share/common-lisp/ros/pal_statistics_msgs/msg/_package.lisp
Symlinking /home/adrii/talos_public_ws/devel/share/common-lisp/ros/pal_statistics_msgs/msg/Statistic.lisp
Symlinking /home/adrii/talos_public_ws/devel/share/common-lisp/ros/pal_statistics_msgs/msg/StatisticsValues.lisp
Symlinking /home/adrii/talos_public_ws/devel/share/common-lisp/ros/pal_statistics_msgs/msg/pal_statistics_msgs-msg.asd
Symlinking /home/adrii/talos_public_ws/devel/share/common-lisp/ros/pal_statistics_msgs/msg/_package_StatisticsNames.lisp
Symlinking /home/adrii/talos_public_ws/devel/share/common-lisp/ros/pal_statistics_msgs/msg/Statistics.lisp
Symlinking /home/adrii/talos_public_ws/devel/share/common-lisp/ros/pal_statistics_msgs/msg/StatisticsNames.lisp
Symlinking /home/adrii/talos_public_ws/devel/share/common-lisp/ros/pal_statistics_msgs/msg/_package_Statistic.lisp
Symlinking /home/adrii/talos_public_ws/devel/share/common-lisp/ros/pal_statistics_msgs/msg/_package_Statistics.lisp
Symlinking /home/adrii/talos_public_ws/devel/share/gennodejs/ros/pal_statistics_msgs/_index.js
Symlinking /home/adrii/talos_public_ws/devel/share/gennodejs/ros/pal_statistics_msgs/msg/Statistics.js
Symlinking /home/adrii/talos_public_ws/devel/share/gennodejs/ros/pal_statistics_msgs/msg/StatisticsValues.js
Symlinking /home/adrii/talos_public_ws/devel/share/gennodejs/ros/pal_statistics_msgs/msg/_index.js
Symlinking /home/adrii/talos_public_ws/devel/share/gennodejs/ros/pal_statistics_msgs/msg/StatisticsNames.js
Symlinking /home/adrii/talos_public_ws/devel/share/gennodejs/ros/pal_statistics_msgs/msg/Statistic.js
Symlinking /home/adrii/talos_public_ws/devel/share/pal_statistics_msgs/cmake/pal_statistics_msgs-msg-paths.cmake
Symlinking /home/adrii/talos_public_ws/devel/share/pal_statistics_msgs/cmake/pal_statistics_msgsConfig-version.cmake
Symlinking /home/adrii/talos_public_ws/devel/share/pal_statistics_msgs/cmake/pal_statistics_msgs-msg-extras.cmake
Symlinking /home/adrii/talos_public_ws/devel/share/pal_statistics_msgs/cmake/pal_statistics_msgsConfig.cmake
Symlinking /home/adrii/talos_public_ws/devel/include/pal_statistics_msgs/Statistics.h
Symlinking /home/adrii/talos_public_ws/devel/include/pal_statistics_msgs/StatisticsValues.h
Symlinking /home/adrii/talos_public_ws/devel/include/pal_statistics_msgs/StatisticsNames.h
Symlinking /home/adrii/talos_public_ws/devel/include/pal_statistics_msgs/Statistic.h
Symlinking /home/adrii/talos_public_ws/devel/lib/python2.7/dist-packages/pal_statistics_msgs/__init__.py
Symlinking /home/adrii/talos_public_ws/devel/lib/python2.7/dist-packages/pal_statistics_msgs/msg/__init__.py
Symlinking /home/adrii/talos_public_ws/devel/lib/python2.7/dist-packages/pal_statistics_msgs/msg/_Statistics.py
Symlinking /home/adrii/talos_public_ws/devel/lib/python2.7/dist-packages/pal_statistics_msgs/msg/_Statistic.py
Symlinking /home/adrii/talos_public_ws/devel/lib/python2.7/dist-packages/pal_statistics_msgs/msg/_StatisticsValues.py
Symlinking /home/adrii/talos_public_ws/devel/lib/python2.7/dist-packages/pal_statistics_msgs/msg/_StatisticsNames.py
Symlinking /home/adrii/talos_public_ws/devel/lib/pkgconfig/pal_statistics_msgs.pc
