Performing C SOURCE FILE Test CMAKE_HAVE_LIBC_PTHREAD failed with the following output:
Change Dir: /home/adrii/talos_public_ws/build/talos_astronaut/CMakeFiles/CMakeTmp

Run Build Command(s):/usr/bin/make cmTC_29168/fast && /usr/bin/make  -f CMakeFiles/cmTC_29168.dir/build.make CMakeFiles/cmTC_29168.dir/build
make[1]: se entra en el directorio '/home/adrii/talos_public_ws/build/talos_astronaut/CMakeFiles/CMakeTmp'
Building C object CMakeFiles/cmTC_29168.dir/src.c.o
/usr/bin/cc   -DCMAKE_HAVE_LIBC_PTHREAD -o CMakeFiles/cmTC_29168.dir/src.c.o -c /home/adrii/talos_public_ws/build/talos_astronaut/CMakeFiles/CMakeTmp/src.c
Linking C executable cmTC_29168
/home/adrii/.local/lib/python3.5/site-packages/cmake/data/bin/cmake -E cmake_link_script CMakeFiles/cmTC_29168.dir/link.txt --verbose=1
/usr/bin/cc  -DCMAKE_HAVE_LIBC_PTHREAD -rdynamic CMakeFiles/cmTC_29168.dir/src.c.o -o cmTC_29168 
CMakeFiles/cmTC_29168.dir/src.c.o: En la función `main':
src.c:(.text+0x3c): referencia a `pthread_create' sin definir
src.c:(.text+0x48): referencia a `pthread_detach' sin definir
src.c:(.text+0x54): referencia a `pthread_cancel' sin definir
src.c:(.text+0x65): referencia a `pthread_join' sin definir
src.c:(.text+0x79): referencia a `pthread_atfork' sin definir
collect2: error: ld returned 1 exit status
CMakeFiles/cmTC_29168.dir/build.make:105: fallo en las instrucciones para el objetivo 'cmTC_29168'
make[1]: *** [cmTC_29168] Error 1
make[1]: se sale del directorio '/home/adrii/talos_public_ws/build/talos_astronaut/CMakeFiles/CMakeTmp'
Makefile:140: fallo en las instrucciones para el objetivo 'cmTC_29168/fast'
make: *** [cmTC_29168/fast] Error 2


Source file was:
#include <pthread.h>

void* test_func(void* data)
{
  return data;
}

int main(void)
{
  pthread_t thread;
  pthread_create(&thread, NULL, test_func, NULL);
  pthread_detach(thread);
  pthread_cancel(thread);
  pthread_join(thread, NULL);
  pthread_atfork(NULL, NULL, NULL);
  pthread_exit(NULL);

  return 0;
}

Determining if the function pthread_create exists in the pthreads failed with the following output:
Change Dir: /home/adrii/talos_public_ws/build/talos_astronaut/CMakeFiles/CMakeTmp

Run Build Command(s):/usr/bin/make cmTC_2f1e7/fast && /usr/bin/make  -f CMakeFiles/cmTC_2f1e7.dir/build.make CMakeFiles/cmTC_2f1e7.dir/build
make[1]: se entra en el directorio '/home/adrii/talos_public_ws/build/talos_astronaut/CMakeFiles/CMakeTmp'
Building C object CMakeFiles/cmTC_2f1e7.dir/CheckFunctionExists.c.o
/usr/bin/cc   -DCHECK_FUNCTION_EXISTS=pthread_create -o CMakeFiles/cmTC_2f1e7.dir/CheckFunctionExists.c.o -c /home/adrii/.local/lib/python3.5/site-packages/cmake/data/share/cmake-3.18/Modules/CheckFunctionExists.c
Linking C executable cmTC_2f1e7
/home/adrii/.local/lib/python3.5/site-packages/cmake/data/bin/cmake -E cmake_link_script CMakeFiles/cmTC_2f1e7.dir/link.txt --verbose=1
/usr/bin/cc  -DCHECK_FUNCTION_EXISTS=pthread_create -rdynamic CMakeFiles/cmTC_2f1e7.dir/CheckFunctionExists.c.o -o cmTC_2f1e7  -lpthreads 
/usr/bin/ld: no se puede encontrar -lpthreads
collect2: error: ld returned 1 exit status
CMakeFiles/cmTC_2f1e7.dir/build.make:105: fallo en las instrucciones para el objetivo 'cmTC_2f1e7'
make[1]: *** [cmTC_2f1e7] Error 1
make[1]: se sale del directorio '/home/adrii/talos_public_ws/build/talos_astronaut/CMakeFiles/CMakeTmp'
Makefile:140: fallo en las instrucciones para el objetivo 'cmTC_2f1e7/fast'
make: *** [cmTC_2f1e7/fast] Error 2



