Not searching for unused variables given on the command line.
[36m--[0m Using CATKIN_DEVEL_PREFIX: /home/adrii/talos_public_ws/devel/.private/roboticsgroup_gazebo_plugins
[36m--[0m Using CMAKE_PREFIX_PATH: /home/adrii/talos_public_ws/devel;/opt/ros/kinetic
[36m--[0m This workspace overlays: /home/adrii/talos_public_ws/devel;/opt/ros/kinetic
[36m--[0m Using PYTHON_EXECUTABLE: /usr/bin/python2
[36m--[0m Using Debian Python package layout
[36m--[0m Using empy: /usr/bin/empy
[36m--[0m Using CATKIN_ENABLE_TESTING: 0
[36m--[0m catkin 0.7.29
[36m--[0m BUILD_SHARED_LIBS is on
[36m--[0m Using these message generators: gencpp;geneus;genlisp;gennodejs;genpy
[36m--[0m Boost version: 1.58.0
[36m--[0m Found the following Boost libraries:
[36m--[0m   thread
[36m--[0m   system
[36m--[0m   filesystem
[36m--[0m   program_options
[36m--[0m   regex
[36m--[0m   iostreams
[36m--[0m   date_time
[36m--[0m   chrono
[36m--[0m   atomic
[36m--[0m Boost version: 1.58.0
[36m--[0m Looking for OGRE...
[36m--[0m Found Ogre Ghadamon (1.9.0)
[36m--[0m Found OGRE: optimized;/usr/lib/x86_64-linux-gnu/libOgreMain.so;debug;/usr/lib/x86_64-linux-gnu/libOgreMain.so
[36m--[0m Looking for OGRE_Paging...
[36m--[0m Found OGRE_Paging: optimized;/usr/lib/x86_64-linux-gnu/libOgrePaging.so;debug;/usr/lib/x86_64-linux-gnu/libOgrePaging.so
[36m--[0m Looking for OGRE_Terrain...
[36m--[0m Found OGRE_Terrain: optimized;/usr/lib/x86_64-linux-gnu/libOgreTerrain.so;debug;/usr/lib/x86_64-linux-gnu/libOgreTerrain.so
[36m--[0m Looking for OGRE_Property...
[36m--[0m Found OGRE_Property: optimized;/usr/lib/x86_64-linux-gnu/libOgreProperty.so;debug;/usr/lib/x86_64-linux-gnu/libOgreProperty.so
[36m--[0m Looking for OGRE_RTShaderSystem...
[36m--[0m Found OGRE_RTShaderSystem: optimized;/usr/lib/x86_64-linux-gnu/libOgreRTShaderSystem.so;debug;/usr/lib/x86_64-linux-gnu/libOgreRTShaderSystem.so
[36m--[0m Looking for OGRE_Volume...
[36m--[0m Found OGRE_Volume: optimized;/usr/lib/x86_64-linux-gnu/libOgreVolume.so;debug;/usr/lib/x86_64-linux-gnu/libOgreVolume.so
[36m--[0m Looking for OGRE_Overlay...
[36m--[0m Found OGRE_Overlay: optimized;/usr/lib/x86_64-linux-gnu/libOgreOverlay.so;debug;/usr/lib/x86_64-linux-gnu/libOgreOverlay.so
[36m--[0m Boost version: 1.58.0
[36m--[0m Configuring done
[36m--[0m Generating done
[36m--[0m Build files have been written to: /home/adrii/talos_public_ws/build/roboticsgroup_gazebo_plugins
