Determining if the pthread_create exist failed with the following output:
Change Dir: /home/adrii/talos_public_ws/build/astronaut/CMakeFiles/CMakeTmp

Run Build Command:"/usr/bin/make" "cmTC_6631d/fast"
/usr/bin/make -f CMakeFiles/cmTC_6631d.dir/build.make CMakeFiles/cmTC_6631d.dir/build
make[1]: se entra en el directorio '/home/adrii/talos_public_ws/build/astronaut/CMakeFiles/CMakeTmp'
Building C object CMakeFiles/cmTC_6631d.dir/CheckSymbolExists.c.o
/usr/bin/cc     -o CMakeFiles/cmTC_6631d.dir/CheckSymbolExists.c.o   -c /home/adrii/talos_public_ws/build/astronaut/CMakeFiles/CMakeTmp/CheckSymbolExists.c
Linking C executable cmTC_6631d
/usr/bin/cmake -E cmake_link_script CMakeFiles/cmTC_6631d.dir/link.txt --verbose=1
/usr/bin/cc       CMakeFiles/cmTC_6631d.dir/CheckSymbolExists.c.o  -o cmTC_6631d -rdynamic 
CMakeFiles/cmTC_6631d.dir/CheckSymbolExists.c.o: En la función `main':
CheckSymbolExists.c:(.text+0x16): referencia a `pthread_create' sin definir
collect2: error: ld returned 1 exit status
CMakeFiles/cmTC_6631d.dir/build.make:97: fallo en las instrucciones para el objetivo 'cmTC_6631d'
make[1]: *** [cmTC_6631d] Error 1
make[1]: se sale del directorio '/home/adrii/talos_public_ws/build/astronaut/CMakeFiles/CMakeTmp'
Makefile:126: fallo en las instrucciones para el objetivo 'cmTC_6631d/fast'
make: *** [cmTC_6631d/fast] Error 2

File /home/adrii/talos_public_ws/build/astronaut/CMakeFiles/CMakeTmp/CheckSymbolExists.c:
/* */
#include <pthread.h>

int main(int argc, char** argv)
{
  (void)argv;
#ifndef pthread_create
  return ((int*)(&pthread_create))[argc];
#else
  (void)argc;
  return 0;
#endif
}

Determining if the function pthread_create exists in the pthreads failed with the following output:
Change Dir: /home/adrii/talos_public_ws/build/astronaut/CMakeFiles/CMakeTmp

Run Build Command:"/usr/bin/make" "cmTC_368ff/fast"
/usr/bin/make -f CMakeFiles/cmTC_368ff.dir/build.make CMakeFiles/cmTC_368ff.dir/build
make[1]: se entra en el directorio '/home/adrii/talos_public_ws/build/astronaut/CMakeFiles/CMakeTmp'
Building C object CMakeFiles/cmTC_368ff.dir/CheckFunctionExists.c.o
/usr/bin/cc    -DCHECK_FUNCTION_EXISTS=pthread_create   -o CMakeFiles/cmTC_368ff.dir/CheckFunctionExists.c.o   -c /usr/share/cmake-3.5/Modules/CheckFunctionExists.c
Linking C executable cmTC_368ff
/usr/bin/cmake -E cmake_link_script CMakeFiles/cmTC_368ff.dir/link.txt --verbose=1
/usr/bin/cc   -DCHECK_FUNCTION_EXISTS=pthread_create    CMakeFiles/cmTC_368ff.dir/CheckFunctionExists.c.o  -o cmTC_368ff -rdynamic -lpthreads 
/usr/bin/ld: no se puede encontrar -lpthreads
collect2: error: ld returned 1 exit status
CMakeFiles/cmTC_368ff.dir/build.make:97: fallo en las instrucciones para el objetivo 'cmTC_368ff'
make[1]: *** [cmTC_368ff] Error 1
make[1]: se sale del directorio '/home/adrii/talos_public_ws/build/astronaut/CMakeFiles/CMakeTmp'
Makefile:126: fallo en las instrucciones para el objetivo 'cmTC_368ff/fast'
make: *** [cmTC_368ff/fast] Error 2


