Symlinking /home/adrii/talos_public_ws/devel/share/roseus/ros/pal_navigation_msgs/manifest.l
Symlinking /home/adrii/talos_public_ws/devel/share/roseus/ros/pal_navigation_msgs/msg/VisualTrainingResult.l
Symlinking /home/adrii/talos_public_ws/devel/share/roseus/ros/pal_navigation_msgs/msg/ServiceStatus.l
Symlinking /home/adrii/talos_public_ws/devel/share/roseus/ros/pal_navigation_msgs/msg/GoToAction.l
Symlinking /home/adrii/talos_public_ws/devel/share/roseus/ros/pal_navigation_msgs/msg/GoToGoal.l
Symlinking /home/adrii/talos_public_ws/devel/share/roseus/ros/pal_navigation_msgs/msg/VisualLocDB.l
Symlinking /home/adrii/talos_public_ws/devel/share/roseus/ros/pal_navigation_msgs/msg/NiceMapTransformation.l
Symlinking /home/adrii/talos_public_ws/devel/share/roseus/ros/pal_navigation_msgs/msg/GoToPOIResult.l
Symlinking /home/adrii/talos_public_ws/devel/share/roseus/ros/pal_navigation_msgs/msg/JoyPriorityFeedback.l
Symlinking /home/adrii/talos_public_ws/devel/share/roseus/ros/pal_navigation_msgs/msg/JoyPriorityResult.l
Symlinking /home/adrii/talos_public_ws/devel/share/roseus/ros/pal_navigation_msgs/msg/NavigationStatus.l
Symlinking /home/adrii/talos_public_ws/devel/share/roseus/ros/pal_navigation_msgs/msg/GoToPOIAction.l
Symlinking /home/adrii/talos_public_ws/devel/share/roseus/ros/pal_navigation_msgs/msg/GoToPOIActionGoal.l
Symlinking /home/adrii/talos_public_ws/devel/share/roseus/ros/pal_navigation_msgs/msg/Emergency.l
Symlinking /home/adrii/talos_public_ws/devel/share/roseus/ros/pal_navigation_msgs/msg/PolarReadingScan.l
Symlinking /home/adrii/talos_public_ws/devel/share/roseus/ros/pal_navigation_msgs/msg/JoyTurboResult.l
Symlinking /home/adrii/talos_public_ws/devel/share/roseus/ros/pal_navigation_msgs/msg/GoToActionGoal.l
Symlinking /home/adrii/talos_public_ws/devel/share/roseus/ros/pal_navigation_msgs/msg/JoyTurboAction.l
Symlinking /home/adrii/talos_public_ws/devel/share/roseus/ros/pal_navigation_msgs/msg/JoyPriorityActionGoal.l
Symlinking /home/adrii/talos_public_ws/devel/share/roseus/ros/pal_navigation_msgs/msg/VisualTrainingActionGoal.l
Symlinking /home/adrii/talos_public_ws/devel/share/roseus/ros/pal_navigation_msgs/msg/POI.l
Symlinking /home/adrii/talos_public_ws/devel/share/roseus/ros/pal_navigation_msgs/msg/GoToActionFeedback.l
Symlinking /home/adrii/talos_public_ws/devel/share/roseus/ros/pal_navigation_msgs/msg/VisualTrainingFeedback.l
Symlinking /home/adrii/talos_public_ws/devel/share/roseus/ros/pal_navigation_msgs/msg/AvailableMaps.l
Symlinking /home/adrii/talos_public_ws/devel/share/roseus/ros/pal_navigation_msgs/msg/JoyPriorityActionFeedback.l
Symlinking /home/adrii/talos_public_ws/devel/share/roseus/ros/pal_navigation_msgs/msg/GoToPOIGoal.l
Symlinking /home/adrii/talos_public_ws/devel/share/roseus/ros/pal_navigation_msgs/msg/JoyTurboGoal.l
Symlinking /home/adrii/talos_public_ws/devel/share/roseus/ros/pal_navigation_msgs/msg/JoyTurboActionGoal.l
Symlinking /home/adrii/talos_public_ws/devel/share/roseus/ros/pal_navigation_msgs/msg/TabletPOI.l
Symlinking /home/adrii/talos_public_ws/devel/share/roseus/ros/pal_navigation_msgs/msg/VisualTrainingActionResult.l
Symlinking /home/adrii/talos_public_ws/devel/share/roseus/ros/pal_navigation_msgs/msg/JoyPriorityAction.l
Symlinking /home/adrii/talos_public_ws/devel/share/roseus/ros/pal_navigation_msgs/msg/Highways.l
Symlinking /home/adrii/talos_public_ws/devel/share/roseus/ros/pal_navigation_msgs/msg/JoyTurboActionFeedback.l
Symlinking /home/adrii/talos_public_ws/devel/share/roseus/ros/pal_navigation_msgs/msg/GoToFeedback.l
Symlinking /home/adrii/talos_public_ws/devel/share/roseus/ros/pal_navigation_msgs/msg/JoyPriorityActionResult.l
Symlinking /home/adrii/talos_public_ws/devel/share/roseus/ros/pal_navigation_msgs/msg/JoyTurboFeedback.l
Symlinking /home/adrii/talos_public_ws/devel/share/roseus/ros/pal_navigation_msgs/msg/JoyPriorityGoal.l
Symlinking /home/adrii/talos_public_ws/devel/share/roseus/ros/pal_navigation_msgs/msg/EulerAngles.l
Symlinking /home/adrii/talos_public_ws/devel/share/roseus/ros/pal_navigation_msgs/msg/GoToPOIActionFeedback.l
Symlinking /home/adrii/talos_public_ws/devel/share/roseus/ros/pal_navigation_msgs/msg/PolarReading.l
Symlinking /home/adrii/talos_public_ws/devel/share/roseus/ros/pal_navigation_msgs/msg/GoToResult.l
Symlinking /home/adrii/talos_public_ws/devel/share/roseus/ros/pal_navigation_msgs/msg/GoToPOIFeedback.l
Symlinking /home/adrii/talos_public_ws/devel/share/roseus/ros/pal_navigation_msgs/msg/VisualTrainingAction.l
Symlinking /home/adrii/talos_public_ws/devel/share/roseus/ros/pal_navigation_msgs/msg/VisualTrainingActionFeedback.l
Symlinking /home/adrii/talos_public_ws/devel/share/roseus/ros/pal_navigation_msgs/msg/MapConfiguration.l
Symlinking /home/adrii/talos_public_ws/devel/share/roseus/ros/pal_navigation_msgs/msg/GoToActionResult.l
Symlinking /home/adrii/talos_public_ws/devel/share/roseus/ros/pal_navigation_msgs/msg/JoyTurboActionResult.l
Symlinking /home/adrii/talos_public_ws/devel/share/roseus/ros/pal_navigation_msgs/msg/GoToPOIActionResult.l
Symlinking /home/adrii/talos_public_ws/devel/share/roseus/ros/pal_navigation_msgs/msg/LaserImage.l
Symlinking /home/adrii/talos_public_ws/devel/share/roseus/ros/pal_navigation_msgs/msg/EulerAnglesStamped.l
Symlinking /home/adrii/talos_public_ws/devel/share/roseus/ros/pal_navigation_msgs/msg/VisualTrainingGoal.l
Symlinking /home/adrii/talos_public_ws/devel/share/roseus/ros/pal_navigation_msgs/srv/VisualLocRecognize.l
Symlinking /home/adrii/talos_public_ws/devel/share/roseus/ros/pal_navigation_msgs/srv/GetPOI.l
Symlinking /home/adrii/talos_public_ws/devel/share/roseus/ros/pal_navigation_msgs/srv/FinalApproachPose.l
Symlinking /home/adrii/talos_public_ws/devel/share/roseus/ros/pal_navigation_msgs/srv/SafetyZone.l
Symlinking /home/adrii/talos_public_ws/devel/share/roseus/ros/pal_navigation_msgs/srv/GetNodes.l
Symlinking /home/adrii/talos_public_ws/devel/share/roseus/ros/pal_navigation_msgs/srv/RenameMap.l
Symlinking /home/adrii/talos_public_ws/devel/share/roseus/ros/pal_navigation_msgs/srv/GetSubMap.l
Symlinking /home/adrii/talos_public_ws/devel/share/roseus/ros/pal_navigation_msgs/srv/SetPOI.l
Symlinking /home/adrii/talos_public_ws/devel/share/roseus/ros/pal_navigation_msgs/srv/ListMaps.l
Symlinking /home/adrii/talos_public_ws/devel/share/roseus/ros/pal_navigation_msgs/srv/GetMapConfiguration.l
Symlinking /home/adrii/talos_public_ws/devel/share/roseus/ros/pal_navigation_msgs/srv/SaveMap.l
Symlinking /home/adrii/talos_public_ws/devel/share/roseus/ros/pal_navigation_msgs/srv/DisableEmergency.l
Symlinking /home/adrii/talos_public_ws/devel/share/roseus/ros/pal_navigation_msgs/srv/SetMapConfiguration.l
Symlinking /home/adrii/talos_public_ws/devel/share/roseus/ros/pal_navigation_msgs/srv/SetSubMapFloor.l
Symlinking /home/adrii/talos_public_ws/devel/share/roseus/ros/pal_navigation_msgs/srv/Acknowledgment.l
Symlinking /home/adrii/talos_public_ws/devel/share/roseus/ros/pal_navigation_msgs/srv/ChangeBuilding.l
Symlinking /home/adrii/talos_public_ws/devel/share/common-lisp/ros/pal_navigation_msgs/msg/_package_EulerAngles.lisp
Symlinking /home/adrii/talos_public_ws/devel/share/common-lisp/ros/pal_navigation_msgs/msg/_package_GoToAction.lisp
Symlinking /home/adrii/talos_public_ws/devel/share/common-lisp/ros/pal_navigation_msgs/msg/JoyTurboActionResult.lisp
Symlinking /home/adrii/talos_public_ws/devel/share/common-lisp/ros/pal_navigation_msgs/msg/_package_JoyTurboResult.lisp
Symlinking /home/adrii/talos_public_ws/devel/share/common-lisp/ros/pal_navigation_msgs/msg/AvailableMaps.lisp
Symlinking /home/adrii/talos_public_ws/devel/share/common-lisp/ros/pal_navigation_msgs/msg/_package_Highways.lisp
Symlinking /home/adrii/talos_public_ws/devel/share/common-lisp/ros/pal_navigation_msgs/msg/VisualTrainingResult.lisp
Symlinking /home/adrii/talos_public_ws/devel/share/common-lisp/ros/pal_navigation_msgs/msg/_package_GoToPOIFeedback.lisp
Symlinking /home/adrii/talos_public_ws/devel/share/common-lisp/ros/pal_navigation_msgs/msg/_package_VisualTrainingAction.lisp
Symlinking /home/adrii/talos_public_ws/devel/share/common-lisp/ros/pal_navigation_msgs/msg/_package_GoToActionFeedback.lisp
Symlinking /home/adrii/talos_public_ws/devel/share/common-lisp/ros/pal_navigation_msgs/msg/_package_GoToPOIActionResult.lisp
Symlinking /home/adrii/talos_public_ws/devel/share/common-lisp/ros/pal_navigation_msgs/msg/_package_PolarReading.lisp
Symlinking /home/adrii/talos_public_ws/devel/share/common-lisp/ros/pal_navigation_msgs/msg/_package_JoyTurboActionResult.lisp
Symlinking /home/adrii/talos_public_ws/devel/share/common-lisp/ros/pal_navigation_msgs/msg/_package_Emergency.lisp
Symlinking /home/adrii/talos_public_ws/devel/share/common-lisp/ros/pal_navigation_msgs/msg/JoyPriorityActionFeedback.lisp
Symlinking /home/adrii/talos_public_ws/devel/share/common-lisp/ros/pal_navigation_msgs/msg/_package_JoyTurboActionFeedback.lisp
Symlinking /home/adrii/talos_public_ws/devel/share/common-lisp/ros/pal_navigation_msgs/msg/JoyPriorityResult.lisp
Symlinking /home/adrii/talos_public_ws/devel/share/common-lisp/ros/pal_navigation_msgs/msg/POI.lisp
Symlinking /home/adrii/talos_public_ws/devel/share/common-lisp/ros/pal_navigation_msgs/msg/pal_navigation_msgs-msg.asd
Symlinking /home/adrii/talos_public_ws/devel/share/common-lisp/ros/pal_navigation_msgs/msg/Emergency.lisp
Symlinking /home/adrii/talos_public_ws/devel/share/common-lisp/ros/pal_navigation_msgs/msg/VisualLocDB.lisp
Symlinking /home/adrii/talos_public_ws/devel/share/common-lisp/ros/pal_navigation_msgs/msg/JoyTurboActionFeedback.lisp
Symlinking /home/adrii/talos_public_ws/devel/share/common-lisp/ros/pal_navigation_msgs/msg/_package_AvailableMaps.lisp
Symlinking /home/adrii/talos_public_ws/devel/share/common-lisp/ros/pal_navigation_msgs/msg/_package_JoyTurboFeedback.lisp
Symlinking /home/adrii/talos_public_ws/devel/share/common-lisp/ros/pal_navigation_msgs/msg/_package_GoToPOIResult.lisp
Symlinking /home/adrii/talos_public_ws/devel/share/common-lisp/ros/pal_navigation_msgs/msg/GoToFeedback.lisp
Symlinking /home/adrii/talos_public_ws/devel/share/common-lisp/ros/pal_navigation_msgs/msg/GoToPOIActionResult.lisp
Symlinking /home/adrii/talos_public_ws/devel/share/common-lisp/ros/pal_navigation_msgs/msg/EulerAngles.lisp
Symlinking /home/adrii/talos_public_ws/devel/share/common-lisp/ros/pal_navigation_msgs/msg/_package_JoyTurboGoal.lisp
Symlinking /home/adrii/talos_public_ws/devel/share/common-lisp/ros/pal_navigation_msgs/msg/_package_JoyPriorityActionResult.lisp
Symlinking /home/adrii/talos_public_ws/devel/share/common-lisp/ros/pal_navigation_msgs/msg/_package.lisp
Symlinking /home/adrii/talos_public_ws/devel/share/common-lisp/ros/pal_navigation_msgs/msg/_package_GoToGoal.lisp
Symlinking /home/adrii/talos_public_ws/devel/share/common-lisp/ros/pal_navigation_msgs/msg/_package_JoyPriorityActionFeedback.lisp
Symlinking /home/adrii/talos_public_ws/devel/share/common-lisp/ros/pal_navigation_msgs/msg/GoToPOIResult.lisp
Symlinking /home/adrii/talos_public_ws/devel/share/common-lisp/ros/pal_navigation_msgs/msg/VisualTrainingFeedback.lisp
Symlinking /home/adrii/talos_public_ws/devel/share/common-lisp/ros/pal_navigation_msgs/msg/_package_GoToPOIActionGoal.lisp
Symlinking /home/adrii/talos_public_ws/devel/share/common-lisp/ros/pal_navigation_msgs/msg/JoyPriorityActionResult.lisp
Symlinking /home/adrii/talos_public_ws/devel/share/common-lisp/ros/pal_navigation_msgs/msg/_package_JoyTurboActionGoal.lisp
Symlinking /home/adrii/talos_public_ws/devel/share/common-lisp/ros/pal_navigation_msgs/msg/_package_NiceMapTransformation.lisp
Symlinking /home/adrii/talos_public_ws/devel/share/common-lisp/ros/pal_navigation_msgs/msg/JoyTurboAction.lisp
Symlinking /home/adrii/talos_public_ws/devel/share/common-lisp/ros/pal_navigation_msgs/msg/GoToPOIActionGoal.lisp
Symlinking /home/adrii/talos_public_ws/devel/share/common-lisp/ros/pal_navigation_msgs/msg/NavigationStatus.lisp
Symlinking /home/adrii/talos_public_ws/devel/share/common-lisp/ros/pal_navigation_msgs/msg/GoToActionGoal.lisp
Symlinking /home/adrii/talos_public_ws/devel/share/common-lisp/ros/pal_navigation_msgs/msg/TabletPOI.lisp
Symlinking /home/adrii/talos_public_ws/devel/share/common-lisp/ros/pal_navigation_msgs/msg/_package_POI.lisp
Symlinking /home/adrii/talos_public_ws/devel/share/common-lisp/ros/pal_navigation_msgs/msg/VisualTrainingAction.lisp
Symlinking /home/adrii/talos_public_ws/devel/share/common-lisp/ros/pal_navigation_msgs/msg/_package_LaserImage.lisp
Symlinking /home/adrii/talos_public_ws/devel/share/common-lisp/ros/pal_navigation_msgs/msg/_package_VisualTrainingActionFeedback.lisp
Symlinking /home/adrii/talos_public_ws/devel/share/common-lisp/ros/pal_navigation_msgs/msg/GoToAction.lisp
Symlinking /home/adrii/talos_public_ws/devel/share/common-lisp/ros/pal_navigation_msgs/msg/_package_GoToPOIAction.lisp
Symlinking /home/adrii/talos_public_ws/devel/share/common-lisp/ros/pal_navigation_msgs/msg/JoyTurboGoal.lisp
Symlinking /home/adrii/talos_public_ws/devel/share/common-lisp/ros/pal_navigation_msgs/msg/JoyPriorityGoal.lisp
Symlinking /home/adrii/talos_public_ws/devel/share/common-lisp/ros/pal_navigation_msgs/msg/_package_PolarReadingScan.lisp
Symlinking /home/adrii/talos_public_ws/devel/share/common-lisp/ros/pal_navigation_msgs/msg/_package_JoyPriorityResult.lisp
Symlinking /home/adrii/talos_public_ws/devel/share/common-lisp/ros/pal_navigation_msgs/msg/MapConfiguration.lisp
Symlinking /home/adrii/talos_public_ws/devel/share/common-lisp/ros/pal_navigation_msgs/msg/_package_MapConfiguration.lisp
Symlinking /home/adrii/talos_public_ws/devel/share/common-lisp/ros/pal_navigation_msgs/msg/JoyPriorityFeedback.lisp
Symlinking /home/adrii/talos_public_ws/devel/share/common-lisp/ros/pal_navigation_msgs/msg/_package_VisualLocDB.lisp
Symlinking /home/adrii/talos_public_ws/devel/share/common-lisp/ros/pal_navigation_msgs/msg/PolarReading.lisp
Symlinking /home/adrii/talos_public_ws/devel/share/common-lisp/ros/pal_navigation_msgs/msg/_package_GoToPOIActionFeedback.lisp
Symlinking /home/adrii/talos_public_ws/devel/share/common-lisp/ros/pal_navigation_msgs/msg/JoyTurboFeedback.lisp
Symlinking /home/adrii/talos_public_ws/devel/share/common-lisp/ros/pal_navigation_msgs/msg/GoToPOIActionFeedback.lisp
Symlinking /home/adrii/talos_public_ws/devel/share/common-lisp/ros/pal_navigation_msgs/msg/_package_TabletPOI.lisp
Symlinking /home/adrii/talos_public_ws/devel/share/common-lisp/ros/pal_navigation_msgs/msg/VisualTrainingActionFeedback.lisp
Symlinking /home/adrii/talos_public_ws/devel/share/common-lisp/ros/pal_navigation_msgs/msg/GoToPOIAction.lisp
Symlinking /home/adrii/talos_public_ws/devel/share/common-lisp/ros/pal_navigation_msgs/msg/Highways.lisp
Symlinking /home/adrii/talos_public_ws/devel/share/common-lisp/ros/pal_navigation_msgs/msg/_package_JoyTurboAction.lisp
Symlinking /home/adrii/talos_public_ws/devel/share/common-lisp/ros/pal_navigation_msgs/msg/GoToActionResult.lisp
Symlinking /home/adrii/talos_public_ws/devel/share/common-lisp/ros/pal_navigation_msgs/msg/_package_GoToPOIGoal.lisp
Symlinking /home/adrii/talos_public_ws/devel/share/common-lisp/ros/pal_navigation_msgs/msg/GoToPOIFeedback.lisp
Symlinking /home/adrii/talos_public_ws/devel/share/common-lisp/ros/pal_navigation_msgs/msg/_package_VisualTrainingActionGoal.lisp
Symlinking /home/adrii/talos_public_ws/devel/share/common-lisp/ros/pal_navigation_msgs/msg/VisualTrainingActionGoal.lisp
Symlinking /home/adrii/talos_public_ws/devel/share/common-lisp/ros/pal_navigation_msgs/msg/GoToPOIGoal.lisp
Symlinking /home/adrii/talos_public_ws/devel/share/common-lisp/ros/pal_navigation_msgs/msg/_package_VisualTrainingFeedback.lisp
Symlinking /home/adrii/talos_public_ws/devel/share/common-lisp/ros/pal_navigation_msgs/msg/JoyPriorityActionGoal.lisp
Symlinking /home/adrii/talos_public_ws/devel/share/common-lisp/ros/pal_navigation_msgs/msg/VisualTrainingActionResult.lisp
Symlinking /home/adrii/talos_public_ws/devel/share/common-lisp/ros/pal_navigation_msgs/msg/EulerAnglesStamped.lisp
Symlinking /home/adrii/talos_public_ws/devel/share/common-lisp/ros/pal_navigation_msgs/msg/_package_GoToResult.lisp
Symlinking /home/adrii/talos_public_ws/devel/share/common-lisp/ros/pal_navigation_msgs/msg/NiceMapTransformation.lisp
Symlinking /home/adrii/talos_public_ws/devel/share/common-lisp/ros/pal_navigation_msgs/msg/ServiceStatus.lisp
Symlinking /home/adrii/talos_public_ws/devel/share/common-lisp/ros/pal_navigation_msgs/msg/_package_EulerAnglesStamped.lisp
Symlinking /home/adrii/talos_public_ws/devel/share/common-lisp/ros/pal_navigation_msgs/msg/_package_JoyPriorityGoal.lisp
Symlinking /home/adrii/talos_public_ws/devel/share/common-lisp/ros/pal_navigation_msgs/msg/_package_NavigationStatus.lisp
Symlinking /home/adrii/talos_public_ws/devel/share/common-lisp/ros/pal_navigation_msgs/msg/_package_VisualTrainingResult.lisp
Symlinking /home/adrii/talos_public_ws/devel/share/common-lisp/ros/pal_navigation_msgs/msg/_package_JoyPriorityFeedback.lisp
Symlinking /home/adrii/talos_public_ws/devel/share/common-lisp/ros/pal_navigation_msgs/msg/_package_GoToFeedback.lisp
Symlinking /home/adrii/talos_public_ws/devel/share/common-lisp/ros/pal_navigation_msgs/msg/_package_GoToActionGoal.lisp
Symlinking /home/adrii/talos_public_ws/devel/share/common-lisp/ros/pal_navigation_msgs/msg/GoToActionFeedback.lisp
Symlinking /home/adrii/talos_public_ws/devel/share/common-lisp/ros/pal_navigation_msgs/msg/GoToGoal.lisp
Symlinking /home/adrii/talos_public_ws/devel/share/common-lisp/ros/pal_navigation_msgs/msg/_package_GoToActionResult.lisp
Symlinking /home/adrii/talos_public_ws/devel/share/common-lisp/ros/pal_navigation_msgs/msg/JoyTurboResult.lisp
Symlinking /home/adrii/talos_public_ws/devel/share/common-lisp/ros/pal_navigation_msgs/msg/_package_JoyPriorityActionGoal.lisp
Symlinking /home/adrii/talos_public_ws/devel/share/common-lisp/ros/pal_navigation_msgs/msg/_package_ServiceStatus.lisp
Symlinking /home/adrii/talos_public_ws/devel/share/common-lisp/ros/pal_navigation_msgs/msg/_package_JoyPriorityAction.lisp
Symlinking /home/adrii/talos_public_ws/devel/share/common-lisp/ros/pal_navigation_msgs/msg/JoyTurboActionGoal.lisp
Symlinking /home/adrii/talos_public_ws/devel/share/common-lisp/ros/pal_navigation_msgs/msg/VisualTrainingGoal.lisp
Symlinking /home/adrii/talos_public_ws/devel/share/common-lisp/ros/pal_navigation_msgs/msg/_package_VisualTrainingActionResult.lisp
Symlinking /home/adrii/talos_public_ws/devel/share/common-lisp/ros/pal_navigation_msgs/msg/_package_VisualTrainingGoal.lisp
Symlinking /home/adrii/talos_public_ws/devel/share/common-lisp/ros/pal_navigation_msgs/msg/PolarReadingScan.lisp
Symlinking /home/adrii/talos_public_ws/devel/share/common-lisp/ros/pal_navigation_msgs/msg/LaserImage.lisp
Symlinking /home/adrii/talos_public_ws/devel/share/common-lisp/ros/pal_navigation_msgs/msg/JoyPriorityAction.lisp
Symlinking /home/adrii/talos_public_ws/devel/share/common-lisp/ros/pal_navigation_msgs/msg/GoToResult.lisp
Symlinking /home/adrii/talos_public_ws/devel/share/common-lisp/ros/pal_navigation_msgs/srv/GetSubMap.lisp
Symlinking /home/adrii/talos_public_ws/devel/share/common-lisp/ros/pal_navigation_msgs/srv/DisableEmergency.lisp
Symlinking /home/adrii/talos_public_ws/devel/share/common-lisp/ros/pal_navigation_msgs/srv/GetMapConfiguration.lisp
Symlinking /home/adrii/talos_public_ws/devel/share/common-lisp/ros/pal_navigation_msgs/srv/SafetyZone.lisp
Symlinking /home/adrii/talos_public_ws/devel/share/common-lisp/ros/pal_navigation_msgs/srv/Acknowledgment.lisp
Symlinking /home/adrii/talos_public_ws/devel/share/common-lisp/ros/pal_navigation_msgs/srv/FinalApproachPose.lisp
Symlinking /home/adrii/talos_public_ws/devel/share/common-lisp/ros/pal_navigation_msgs/srv/_package.lisp
Symlinking /home/adrii/talos_public_ws/devel/share/common-lisp/ros/pal_navigation_msgs/srv/_package_ListMaps.lisp
Symlinking /home/adrii/talos_public_ws/devel/share/common-lisp/ros/pal_navigation_msgs/srv/ChangeBuilding.lisp
Symlinking /home/adrii/talos_public_ws/devel/share/common-lisp/ros/pal_navigation_msgs/srv/_package_SetSubMapFloor.lisp
Symlinking /home/adrii/talos_public_ws/devel/share/common-lisp/ros/pal_navigation_msgs/srv/_package_GetNodes.lisp
Symlinking /home/adrii/talos_public_ws/devel/share/common-lisp/ros/pal_navigation_msgs/srv/SaveMap.lisp
Symlinking /home/adrii/talos_public_ws/devel/share/common-lisp/ros/pal_navigation_msgs/srv/SetMapConfiguration.lisp
Symlinking /home/adrii/talos_public_ws/devel/share/common-lisp/ros/pal_navigation_msgs/srv/ListMaps.lisp
Symlinking /home/adrii/talos_public_ws/devel/share/common-lisp/ros/pal_navigation_msgs/srv/_package_ChangeBuilding.lisp
Symlinking /home/adrii/talos_public_ws/devel/share/common-lisp/ros/pal_navigation_msgs/srv/_package_RenameMap.lisp
Symlinking /home/adrii/talos_public_ws/devel/share/common-lisp/ros/pal_navigation_msgs/srv/VisualLocRecognize.lisp
Symlinking /home/adrii/talos_public_ws/devel/share/common-lisp/ros/pal_navigation_msgs/srv/_package_GetPOI.lisp
Symlinking /home/adrii/talos_public_ws/devel/share/common-lisp/ros/pal_navigation_msgs/srv/_package_FinalApproachPose.lisp
Symlinking /home/adrii/talos_public_ws/devel/share/common-lisp/ros/pal_navigation_msgs/srv/_package_SaveMap.lisp
Symlinking /home/adrii/talos_public_ws/devel/share/common-lisp/ros/pal_navigation_msgs/srv/GetPOI.lisp
Symlinking /home/adrii/talos_public_ws/devel/share/common-lisp/ros/pal_navigation_msgs/srv/_package_GetSubMap.lisp
Symlinking /home/adrii/talos_public_ws/devel/share/common-lisp/ros/pal_navigation_msgs/srv/_package_Acknowledgment.lisp
Symlinking /home/adrii/talos_public_ws/devel/share/common-lisp/ros/pal_navigation_msgs/srv/pal_navigation_msgs-srv.asd
Symlinking /home/adrii/talos_public_ws/devel/share/common-lisp/ros/pal_navigation_msgs/srv/SetSubMapFloor.lisp
Symlinking /home/adrii/talos_public_ws/devel/share/common-lisp/ros/pal_navigation_msgs/srv/_package_SetPOI.lisp
Symlinking /home/adrii/talos_public_ws/devel/share/common-lisp/ros/pal_navigation_msgs/srv/RenameMap.lisp
Symlinking /home/adrii/talos_public_ws/devel/share/common-lisp/ros/pal_navigation_msgs/srv/_package_SetMapConfiguration.lisp
Symlinking /home/adrii/talos_public_ws/devel/share/common-lisp/ros/pal_navigation_msgs/srv/_package_VisualLocRecognize.lisp
Symlinking /home/adrii/talos_public_ws/devel/share/common-lisp/ros/pal_navigation_msgs/srv/_package_GetMapConfiguration.lisp
Symlinking /home/adrii/talos_public_ws/devel/share/common-lisp/ros/pal_navigation_msgs/srv/_package_DisableEmergency.lisp
Symlinking /home/adrii/talos_public_ws/devel/share/common-lisp/ros/pal_navigation_msgs/srv/GetNodes.lisp
Symlinking /home/adrii/talos_public_ws/devel/share/common-lisp/ros/pal_navigation_msgs/srv/_package_SafetyZone.lisp
Symlinking /home/adrii/talos_public_ws/devel/share/common-lisp/ros/pal_navigation_msgs/srv/SetPOI.lisp
Symlinking /home/adrii/talos_public_ws/devel/share/gennodejs/ros/pal_navigation_msgs/_index.js
Symlinking /home/adrii/talos_public_ws/devel/share/gennodejs/ros/pal_navigation_msgs/msg/GoToActionGoal.js
Symlinking /home/adrii/talos_public_ws/devel/share/gennodejs/ros/pal_navigation_msgs/msg/VisualTrainingResult.js
Symlinking /home/adrii/talos_public_ws/devel/share/gennodejs/ros/pal_navigation_msgs/msg/JoyTurboGoal.js
Symlinking /home/adrii/talos_public_ws/devel/share/gennodejs/ros/pal_navigation_msgs/msg/GoToPOIResult.js
Symlinking /home/adrii/talos_public_ws/devel/share/gennodejs/ros/pal_navigation_msgs/msg/GoToPOIActionFeedback.js
Symlinking /home/adrii/talos_public_ws/devel/share/gennodejs/ros/pal_navigation_msgs/msg/GoToActionResult.js
Symlinking /home/adrii/talos_public_ws/devel/share/gennodejs/ros/pal_navigation_msgs/msg/VisualTrainingAction.js
Symlinking /home/adrii/talos_public_ws/devel/share/gennodejs/ros/pal_navigation_msgs/msg/GoToFeedback.js
Symlinking /home/adrii/talos_public_ws/devel/share/gennodejs/ros/pal_navigation_msgs/msg/JoyPriorityActionResult.js
Symlinking /home/adrii/talos_public_ws/devel/share/gennodejs/ros/pal_navigation_msgs/msg/GoToAction.js
Symlinking /home/adrii/talos_public_ws/devel/share/gennodejs/ros/pal_navigation_msgs/msg/_index.js
Symlinking /home/adrii/talos_public_ws/devel/share/gennodejs/ros/pal_navigation_msgs/msg/VisualTrainingActionResult.js
Symlinking /home/adrii/talos_public_ws/devel/share/gennodejs/ros/pal_navigation_msgs/msg/JoyPriorityActionFeedback.js
Symlinking /home/adrii/talos_public_ws/devel/share/gennodejs/ros/pal_navigation_msgs/msg/JoyPriorityResult.js
Symlinking /home/adrii/talos_public_ws/devel/share/gennodejs/ros/pal_navigation_msgs/msg/VisualLocDB.js
Symlinking /home/adrii/talos_public_ws/devel/share/gennodejs/ros/pal_navigation_msgs/msg/GoToResult.js
Symlinking /home/adrii/talos_public_ws/devel/share/gennodejs/ros/pal_navigation_msgs/msg/GoToPOIActionGoal.js
Symlinking /home/adrii/talos_public_ws/devel/share/gennodejs/ros/pal_navigation_msgs/msg/GoToPOIActionResult.js
Symlinking /home/adrii/talos_public_ws/devel/share/gennodejs/ros/pal_navigation_msgs/msg/NavigationStatus.js
Symlinking /home/adrii/talos_public_ws/devel/share/gennodejs/ros/pal_navigation_msgs/msg/ServiceStatus.js
Symlinking /home/adrii/talos_public_ws/devel/share/gennodejs/ros/pal_navigation_msgs/msg/JoyTurboAction.js
Symlinking /home/adrii/talos_public_ws/devel/share/gennodejs/ros/pal_navigation_msgs/msg/GoToPOIAction.js
Symlinking /home/adrii/talos_public_ws/devel/share/gennodejs/ros/pal_navigation_msgs/msg/LaserImage.js
Symlinking /home/adrii/talos_public_ws/devel/share/gennodejs/ros/pal_navigation_msgs/msg/POI.js
Symlinking /home/adrii/talos_public_ws/devel/share/gennodejs/ros/pal_navigation_msgs/msg/VisualTrainingActionGoal.js
Symlinking /home/adrii/talos_public_ws/devel/share/gennodejs/ros/pal_navigation_msgs/msg/JoyPriorityActionGoal.js
Symlinking /home/adrii/talos_public_ws/devel/share/gennodejs/ros/pal_navigation_msgs/msg/Highways.js
Symlinking /home/adrii/talos_public_ws/devel/share/gennodejs/ros/pal_navigation_msgs/msg/JoyPriorityGoal.js
Symlinking /home/adrii/talos_public_ws/devel/share/gennodejs/ros/pal_navigation_msgs/msg/MapConfiguration.js
Symlinking /home/adrii/talos_public_ws/devel/share/gennodejs/ros/pal_navigation_msgs/msg/JoyTurboActionFeedback.js
Symlinking /home/adrii/talos_public_ws/devel/share/gennodejs/ros/pal_navigation_msgs/msg/VisualTrainingGoal.js
Symlinking /home/adrii/talos_public_ws/devel/share/gennodejs/ros/pal_navigation_msgs/msg/TabletPOI.js
Symlinking /home/adrii/talos_public_ws/devel/share/gennodejs/ros/pal_navigation_msgs/msg/GoToPOIFeedback.js
Symlinking /home/adrii/talos_public_ws/devel/share/gennodejs/ros/pal_navigation_msgs/msg/Emergency.js
Symlinking /home/adrii/talos_public_ws/devel/share/gennodejs/ros/pal_navigation_msgs/msg/PolarReading.js
Symlinking /home/adrii/talos_public_ws/devel/share/gennodejs/ros/pal_navigation_msgs/msg/JoyTurboActionResult.js
Symlinking /home/adrii/talos_public_ws/devel/share/gennodejs/ros/pal_navigation_msgs/msg/GoToGoal.js
Symlinking /home/adrii/talos_public_ws/devel/share/gennodejs/ros/pal_navigation_msgs/msg/EulerAnglesStamped.js
Symlinking /home/adrii/talos_public_ws/devel/share/gennodejs/ros/pal_navigation_msgs/msg/AvailableMaps.js
Symlinking /home/adrii/talos_public_ws/devel/share/gennodejs/ros/pal_navigation_msgs/msg/JoyPriorityAction.js
Symlinking /home/adrii/talos_public_ws/devel/share/gennodejs/ros/pal_navigation_msgs/msg/JoyTurboActionGoal.js
Symlinking /home/adrii/talos_public_ws/devel/share/gennodejs/ros/pal_navigation_msgs/msg/NiceMapTransformation.js
Symlinking /home/adrii/talos_public_ws/devel/share/gennodejs/ros/pal_navigation_msgs/msg/VisualTrainingFeedback.js
Symlinking /home/adrii/talos_public_ws/devel/share/gennodejs/ros/pal_navigation_msgs/msg/EulerAngles.js
Symlinking /home/adrii/talos_public_ws/devel/share/gennodejs/ros/pal_navigation_msgs/msg/VisualTrainingActionFeedback.js
Symlinking /home/adrii/talos_public_ws/devel/share/gennodejs/ros/pal_navigation_msgs/msg/GoToActionFeedback.js
Symlinking /home/adrii/talos_public_ws/devel/share/gennodejs/ros/pal_navigation_msgs/msg/JoyTurboFeedback.js
Symlinking /home/adrii/talos_public_ws/devel/share/gennodejs/ros/pal_navigation_msgs/msg/PolarReadingScan.js
Symlinking /home/adrii/talos_public_ws/devel/share/gennodejs/ros/pal_navigation_msgs/msg/JoyPriorityFeedback.js
Symlinking /home/adrii/talos_public_ws/devel/share/gennodejs/ros/pal_navigation_msgs/msg/GoToPOIGoal.js
Symlinking /home/adrii/talos_public_ws/devel/share/gennodejs/ros/pal_navigation_msgs/msg/JoyTurboResult.js
Symlinking /home/adrii/talos_public_ws/devel/share/gennodejs/ros/pal_navigation_msgs/srv/GetNodes.js
Symlinking /home/adrii/talos_public_ws/devel/share/gennodejs/ros/pal_navigation_msgs/srv/GetMapConfiguration.js
Symlinking /home/adrii/talos_public_ws/devel/share/gennodejs/ros/pal_navigation_msgs/srv/RenameMap.js
Symlinking /home/adrii/talos_public_ws/devel/share/gennodejs/ros/pal_navigation_msgs/srv/GetPOI.js
Symlinking /home/adrii/talos_public_ws/devel/share/gennodejs/ros/pal_navigation_msgs/srv/SetPOI.js
Symlinking /home/adrii/talos_public_ws/devel/share/gennodejs/ros/pal_navigation_msgs/srv/Acknowledgment.js
Symlinking /home/adrii/talos_public_ws/devel/share/gennodejs/ros/pal_navigation_msgs/srv/SetSubMapFloor.js
Symlinking /home/adrii/talos_public_ws/devel/share/gennodejs/ros/pal_navigation_msgs/srv/_index.js
Symlinking /home/adrii/talos_public_ws/devel/share/gennodejs/ros/pal_navigation_msgs/srv/VisualLocRecognize.js
Symlinking /home/adrii/talos_public_ws/devel/share/gennodejs/ros/pal_navigation_msgs/srv/SetMapConfiguration.js
Symlinking /home/adrii/talos_public_ws/devel/share/gennodejs/ros/pal_navigation_msgs/srv/FinalApproachPose.js
Symlinking /home/adrii/talos_public_ws/devel/share/gennodejs/ros/pal_navigation_msgs/srv/SaveMap.js
Symlinking /home/adrii/talos_public_ws/devel/share/gennodejs/ros/pal_navigation_msgs/srv/SafetyZone.js
Symlinking /home/adrii/talos_public_ws/devel/share/gennodejs/ros/pal_navigation_msgs/srv/DisableEmergency.js
Symlinking /home/adrii/talos_public_ws/devel/share/gennodejs/ros/pal_navigation_msgs/srv/ChangeBuilding.js
Symlinking /home/adrii/talos_public_ws/devel/share/gennodejs/ros/pal_navigation_msgs/srv/ListMaps.js
Symlinking /home/adrii/talos_public_ws/devel/share/gennodejs/ros/pal_navigation_msgs/srv/GetSubMap.js
Symlinking /home/adrii/talos_public_ws/devel/share/pal_navigation_msgs/cmake/pal_navigation_msgs-msg-paths.cmake
Symlinking /home/adrii/talos_public_ws/devel/share/pal_navigation_msgs/cmake/pal_navigation_msgsConfig.cmake
Symlinking /home/adrii/talos_public_ws/devel/share/pal_navigation_msgs/cmake/pal_navigation_msgsConfig-version.cmake
Symlinking /home/adrii/talos_public_ws/devel/share/pal_navigation_msgs/cmake/pal_navigation_msgs-msg-extras.cmake
Symlinking /home/adrii/talos_public_ws/devel/share/pal_navigation_msgs/msg/JoyPriorityAction.msg
Symlinking /home/adrii/talos_public_ws/devel/share/pal_navigation_msgs/msg/GoToFeedback.msg
Symlinking /home/adrii/talos_public_ws/devel/share/pal_navigation_msgs/msg/GoToPOIResult.msg
Symlinking /home/adrii/talos_public_ws/devel/share/pal_navigation_msgs/msg/GoToPOIFeedback.msg
Symlinking /home/adrii/talos_public_ws/devel/share/pal_navigation_msgs/msg/JoyTurboActionGoal.msg
Symlinking /home/adrii/talos_public_ws/devel/share/pal_navigation_msgs/msg/VisualTrainingAction.msg
Symlinking /home/adrii/talos_public_ws/devel/share/pal_navigation_msgs/msg/GoToPOIActionFeedback.msg
Symlinking /home/adrii/talos_public_ws/devel/share/pal_navigation_msgs/msg/VisualTrainingResult.msg
Symlinking /home/adrii/talos_public_ws/devel/share/pal_navigation_msgs/msg/GoToPOIActionGoal.msg
Symlinking /home/adrii/talos_public_ws/devel/share/pal_navigation_msgs/msg/GoToPOIGoal.msg
Symlinking /home/adrii/talos_public_ws/devel/share/pal_navigation_msgs/msg/JoyPriorityActionFeedback.msg
Symlinking /home/adrii/talos_public_ws/devel/share/pal_navigation_msgs/msg/GoToAction.msg
Symlinking /home/adrii/talos_public_ws/devel/share/pal_navigation_msgs/msg/GoToPOIAction.msg
Symlinking /home/adrii/talos_public_ws/devel/share/pal_navigation_msgs/msg/GoToActionGoal.msg
Symlinking /home/adrii/talos_public_ws/devel/share/pal_navigation_msgs/msg/JoyTurboActionFeedback.msg
Symlinking /home/adrii/talos_public_ws/devel/share/pal_navigation_msgs/msg/JoyPriorityGoal.msg
Symlinking /home/adrii/talos_public_ws/devel/share/pal_navigation_msgs/msg/GoToActionResult.msg
Symlinking /home/adrii/talos_public_ws/devel/share/pal_navigation_msgs/msg/VisualTrainingActionResult.msg
Symlinking /home/adrii/talos_public_ws/devel/share/pal_navigation_msgs/msg/GoToPOIActionResult.msg
Symlinking /home/adrii/talos_public_ws/devel/share/pal_navigation_msgs/msg/VisualTrainingGoal.msg
Symlinking /home/adrii/talos_public_ws/devel/share/pal_navigation_msgs/msg/JoyTurboFeedback.msg
Symlinking /home/adrii/talos_public_ws/devel/share/pal_navigation_msgs/msg/JoyPriorityActionGoal.msg
Symlinking /home/adrii/talos_public_ws/devel/share/pal_navigation_msgs/msg/JoyPriorityActionResult.msg
Symlinking /home/adrii/talos_public_ws/devel/share/pal_navigation_msgs/msg/GoToActionFeedback.msg
Symlinking /home/adrii/talos_public_ws/devel/share/pal_navigation_msgs/msg/JoyPriorityFeedback.msg
Symlinking /home/adrii/talos_public_ws/devel/share/pal_navigation_msgs/msg/JoyTurboGoal.msg
Symlinking /home/adrii/talos_public_ws/devel/share/pal_navigation_msgs/msg/GoToGoal.msg
Symlinking /home/adrii/talos_public_ws/devel/share/pal_navigation_msgs/msg/VisualTrainingFeedback.msg
Symlinking /home/adrii/talos_public_ws/devel/share/pal_navigation_msgs/msg/VisualTrainingActionGoal.msg
Symlinking /home/adrii/talos_public_ws/devel/share/pal_navigation_msgs/msg/JoyTurboResult.msg
Symlinking /home/adrii/talos_public_ws/devel/share/pal_navigation_msgs/msg/JoyPriorityResult.msg
Symlinking /home/adrii/talos_public_ws/devel/share/pal_navigation_msgs/msg/GoToResult.msg
Symlinking /home/adrii/talos_public_ws/devel/share/pal_navigation_msgs/msg/JoyTurboActionResult.msg
Symlinking /home/adrii/talos_public_ws/devel/share/pal_navigation_msgs/msg/JoyTurboAction.msg
Symlinking /home/adrii/talos_public_ws/devel/share/pal_navigation_msgs/msg/VisualTrainingActionFeedback.msg
Symlinking /home/adrii/talos_public_ws/devel/include/pal_navigation_msgs/VisualTrainingGoal.h
Symlinking /home/adrii/talos_public_ws/devel/include/pal_navigation_msgs/SafetyZone.h
Symlinking /home/adrii/talos_public_ws/devel/include/pal_navigation_msgs/EulerAngles.h
Symlinking /home/adrii/talos_public_ws/devel/include/pal_navigation_msgs/SaveMapRequest.h
Symlinking /home/adrii/talos_public_ws/devel/include/pal_navigation_msgs/ListMaps.h
Symlinking /home/adrii/talos_public_ws/devel/include/pal_navigation_msgs/JoyTurboActionResult.h
Symlinking /home/adrii/talos_public_ws/devel/include/pal_navigation_msgs/EulerAnglesStamped.h
Symlinking /home/adrii/talos_public_ws/devel/include/pal_navigation_msgs/GoToPOIResult.h
Symlinking /home/adrii/talos_public_ws/devel/include/pal_navigation_msgs/GetNodesResponse.h
Symlinking /home/adrii/talos_public_ws/devel/include/pal_navigation_msgs/DisableEmergencyResponse.h
Symlinking /home/adrii/talos_public_ws/devel/include/pal_navigation_msgs/VisualTrainingActionResult.h
Symlinking /home/adrii/talos_public_ws/devel/include/pal_navigation_msgs/GoToPOIGoal.h
Symlinking /home/adrii/talos_public_ws/devel/include/pal_navigation_msgs/SetMapConfigurationResponse.h
Symlinking /home/adrii/talos_public_ws/devel/include/pal_navigation_msgs/DisableEmergency.h
Symlinking /home/adrii/talos_public_ws/devel/include/pal_navigation_msgs/AcknowledgmentResponse.h
Symlinking /home/adrii/talos_public_ws/devel/include/pal_navigation_msgs/JoyTurboAction.h
Symlinking /home/adrii/talos_public_ws/devel/include/pal_navigation_msgs/ListMapsResponse.h
Symlinking /home/adrii/talos_public_ws/devel/include/pal_navigation_msgs/ServiceStatus.h
Symlinking /home/adrii/talos_public_ws/devel/include/pal_navigation_msgs/ChangeBuildingResponse.h
Symlinking /home/adrii/talos_public_ws/devel/include/pal_navigation_msgs/VisualTrainingResult.h
Symlinking /home/adrii/talos_public_ws/devel/include/pal_navigation_msgs/JoyTurboActionGoal.h
Symlinking /home/adrii/talos_public_ws/devel/include/pal_navigation_msgs/AcknowledgmentRequest.h
Symlinking /home/adrii/talos_public_ws/devel/include/pal_navigation_msgs/Acknowledgment.h
Symlinking /home/adrii/talos_public_ws/devel/include/pal_navigation_msgs/RenameMap.h
Symlinking /home/adrii/talos_public_ws/devel/include/pal_navigation_msgs/GoToResult.h
Symlinking /home/adrii/talos_public_ws/devel/include/pal_navigation_msgs/JoyPriorityActionFeedback.h
Symlinking /home/adrii/talos_public_ws/devel/include/pal_navigation_msgs/GoToPOIFeedback.h
Symlinking /home/adrii/talos_public_ws/devel/include/pal_navigation_msgs/GoToPOIAction.h
Symlinking /home/adrii/talos_public_ws/devel/include/pal_navigation_msgs/AvailableMaps.h
Symlinking /home/adrii/talos_public_ws/devel/include/pal_navigation_msgs/SetPOIRequest.h
Symlinking /home/adrii/talos_public_ws/devel/include/pal_navigation_msgs/GetMapConfigurationRequest.h
Symlinking /home/adrii/talos_public_ws/devel/include/pal_navigation_msgs/JoyPriorityFeedback.h
Symlinking /home/adrii/talos_public_ws/devel/include/pal_navigation_msgs/JoyPriorityActionGoal.h
Symlinking /home/adrii/talos_public_ws/devel/include/pal_navigation_msgs/Highways.h
Symlinking /home/adrii/talos_public_ws/devel/include/pal_navigation_msgs/FinalApproachPoseRequest.h
Symlinking /home/adrii/talos_public_ws/devel/include/pal_navigation_msgs/GetNodesRequest.h
Symlinking /home/adrii/talos_public_ws/devel/include/pal_navigation_msgs/VisualLocRecognize.h
Symlinking /home/adrii/talos_public_ws/devel/include/pal_navigation_msgs/SafetyZoneResponse.h
Symlinking /home/adrii/talos_public_ws/devel/include/pal_navigation_msgs/MapConfiguration.h
Symlinking /home/adrii/talos_public_ws/devel/include/pal_navigation_msgs/RenameMapResponse.h
Symlinking /home/adrii/talos_public_ws/devel/include/pal_navigation_msgs/SetSubMapFloor.h
Symlinking /home/adrii/talos_public_ws/devel/include/pal_navigation_msgs/PolarReading.h
Symlinking /home/adrii/talos_public_ws/devel/include/pal_navigation_msgs/Emergency.h
Symlinking /home/adrii/talos_public_ws/devel/include/pal_navigation_msgs/JoyPriorityAction.h
Symlinking /home/adrii/talos_public_ws/devel/include/pal_navigation_msgs/SafetyZoneRequest.h
Symlinking /home/adrii/talos_public_ws/devel/include/pal_navigation_msgs/GetSubMap.h
Symlinking /home/adrii/talos_public_ws/devel/include/pal_navigation_msgs/GetNodes.h
Symlinking /home/adrii/talos_public_ws/devel/include/pal_navigation_msgs/GetSubMapResponse.h
Symlinking /home/adrii/talos_public_ws/devel/include/pal_navigation_msgs/GoToAction.h
Symlinking /home/adrii/talos_public_ws/devel/include/pal_navigation_msgs/SetMapConfigurationRequest.h
Symlinking /home/adrii/talos_public_ws/devel/include/pal_navigation_msgs/JoyTurboResult.h
Symlinking /home/adrii/talos_public_ws/devel/include/pal_navigation_msgs/VisualTrainingAction.h
Symlinking /home/adrii/talos_public_ws/devel/include/pal_navigation_msgs/GoToPOIActionGoal.h
Symlinking /home/adrii/talos_public_ws/devel/include/pal_navigation_msgs/SetPOIResponse.h
Symlinking /home/adrii/talos_public_ws/devel/include/pal_navigation_msgs/JoyTurboGoal.h
Symlinking /home/adrii/talos_public_ws/devel/include/pal_navigation_msgs/POI.h
Symlinking /home/adrii/talos_public_ws/devel/include/pal_navigation_msgs/SaveMap.h
Symlinking /home/adrii/talos_public_ws/devel/include/pal_navigation_msgs/SetSubMapFloorResponse.h
Symlinking /home/adrii/talos_public_ws/devel/include/pal_navigation_msgs/SetPOI.h
Symlinking /home/adrii/talos_public_ws/devel/include/pal_navigation_msgs/VisualLocDB.h
Symlinking /home/adrii/talos_public_ws/devel/include/pal_navigation_msgs/ChangeBuilding.h
Symlinking /home/adrii/talos_public_ws/devel/include/pal_navigation_msgs/ListMapsRequest.h
Symlinking /home/adrii/talos_public_ws/devel/include/pal_navigation_msgs/SetMapConfiguration.h
Symlinking /home/adrii/talos_public_ws/devel/include/pal_navigation_msgs/GetMapConfigurationResponse.h
Symlinking /home/adrii/talos_public_ws/devel/include/pal_navigation_msgs/JoyTurboActionFeedback.h
Symlinking /home/adrii/talos_public_ws/devel/include/pal_navigation_msgs/GoToPOIActionResult.h
Symlinking /home/adrii/talos_public_ws/devel/include/pal_navigation_msgs/GetMapConfiguration.h
Symlinking /home/adrii/talos_public_ws/devel/include/pal_navigation_msgs/TabletPOI.h
Symlinking /home/adrii/talos_public_ws/devel/include/pal_navigation_msgs/VisualTrainingActionFeedback.h
Symlinking /home/adrii/talos_public_ws/devel/include/pal_navigation_msgs/ChangeBuildingRequest.h
Symlinking /home/adrii/talos_public_ws/devel/include/pal_navigation_msgs/SaveMapResponse.h
Symlinking /home/adrii/talos_public_ws/devel/include/pal_navigation_msgs/VisualTrainingFeedback.h
Symlinking /home/adrii/talos_public_ws/devel/include/pal_navigation_msgs/GoToActionFeedback.h
Symlinking /home/adrii/talos_public_ws/devel/include/pal_navigation_msgs/NavigationStatus.h
Symlinking /home/adrii/talos_public_ws/devel/include/pal_navigation_msgs/VisualLocRecognizeRequest.h
Symlinking /home/adrii/talos_public_ws/devel/include/pal_navigation_msgs/JoyTurboFeedback.h
Symlinking /home/adrii/talos_public_ws/devel/include/pal_navigation_msgs/GoToPOIActionFeedback.h
Symlinking /home/adrii/talos_public_ws/devel/include/pal_navigation_msgs/GetPOI.h
Symlinking /home/adrii/talos_public_ws/devel/include/pal_navigation_msgs/PolarReadingScan.h
Symlinking /home/adrii/talos_public_ws/devel/include/pal_navigation_msgs/GetSubMapRequest.h
Symlinking /home/adrii/talos_public_ws/devel/include/pal_navigation_msgs/VisualLocRecognizeResponse.h
Symlinking /home/adrii/talos_public_ws/devel/include/pal_navigation_msgs/JoyPriorityGoal.h
Symlinking /home/adrii/talos_public_ws/devel/include/pal_navigation_msgs/GoToGoal.h
Symlinking /home/adrii/talos_public_ws/devel/include/pal_navigation_msgs/GoToFeedback.h
Symlinking /home/adrii/talos_public_ws/devel/include/pal_navigation_msgs/FinalApproachPose.h
Symlinking /home/adrii/talos_public_ws/devel/include/pal_navigation_msgs/GetPOIResponse.h
Symlinking /home/adrii/talos_public_ws/devel/include/pal_navigation_msgs/FinalApproachPoseResponse.h
Symlinking /home/adrii/talos_public_ws/devel/include/pal_navigation_msgs/GoToActionGoal.h
Symlinking /home/adrii/talos_public_ws/devel/include/pal_navigation_msgs/DisableEmergencyRequest.h
Symlinking /home/adrii/talos_public_ws/devel/include/pal_navigation_msgs/GetPOIRequest.h
Symlinking /home/adrii/talos_public_ws/devel/include/pal_navigation_msgs/VisualTrainingActionGoal.h
Symlinking /home/adrii/talos_public_ws/devel/include/pal_navigation_msgs/GoToActionResult.h
Symlinking /home/adrii/talos_public_ws/devel/include/pal_navigation_msgs/LaserImage.h
Symlinking /home/adrii/talos_public_ws/devel/include/pal_navigation_msgs/JoyPriorityResult.h
Symlinking /home/adrii/talos_public_ws/devel/include/pal_navigation_msgs/NiceMapTransformation.h
Symlinking /home/adrii/talos_public_ws/devel/include/pal_navigation_msgs/JoyPriorityActionResult.h
Symlinking /home/adrii/talos_public_ws/devel/include/pal_navigation_msgs/SetSubMapFloorRequest.h
Symlinking /home/adrii/talos_public_ws/devel/include/pal_navigation_msgs/RenameMapRequest.h
Symlinking /home/adrii/talos_public_ws/devel/lib/python2.7/dist-packages/pal_navigation_msgs/__init__.py
Symlinking /home/adrii/talos_public_ws/devel/lib/python2.7/dist-packages/pal_navigation_msgs/msg/_VisualTrainingFeedback.py
Symlinking /home/adrii/talos_public_ws/devel/lib/python2.7/dist-packages/pal_navigation_msgs/msg/_JoyTurboActionResult.py
Symlinking /home/adrii/talos_public_ws/devel/lib/python2.7/dist-packages/pal_navigation_msgs/msg/_GoToPOIGoal.py
Symlinking /home/adrii/talos_public_ws/devel/lib/python2.7/dist-packages/pal_navigation_msgs/msg/_JoyPriorityActionFeedback.py
Symlinking /home/adrii/talos_public_ws/devel/lib/python2.7/dist-packages/pal_navigation_msgs/msg/__init__.py
Symlinking /home/adrii/talos_public_ws/devel/lib/python2.7/dist-packages/pal_navigation_msgs/msg/_JoyTurboActionFeedback.py
Symlinking /home/adrii/talos_public_ws/devel/lib/python2.7/dist-packages/pal_navigation_msgs/msg/_JoyTurboFeedback.py
Symlinking /home/adrii/talos_public_ws/devel/lib/python2.7/dist-packages/pal_navigation_msgs/msg/_AvailableMaps.py
Symlinking /home/adrii/talos_public_ws/devel/lib/python2.7/dist-packages/pal_navigation_msgs/msg/_GoToResult.py
Symlinking /home/adrii/talos_public_ws/devel/lib/python2.7/dist-packages/pal_navigation_msgs/msg/_Emergency.py
Symlinking /home/adrii/talos_public_ws/devel/lib/python2.7/dist-packages/pal_navigation_msgs/msg/_JoyPriorityActionGoal.py
Symlinking /home/adrii/talos_public_ws/devel/lib/python2.7/dist-packages/pal_navigation_msgs/msg/_GoToActionGoal.py
Symlinking /home/adrii/talos_public_ws/devel/lib/python2.7/dist-packages/pal_navigation_msgs/msg/_GoToPOIFeedback.py
Symlinking /home/adrii/talos_public_ws/devel/lib/python2.7/dist-packages/pal_navigation_msgs/msg/_PolarReadingScan.py
Symlinking /home/adrii/talos_public_ws/devel/lib/python2.7/dist-packages/pal_navigation_msgs/msg/_Highways.py
Symlinking /home/adrii/talos_public_ws/devel/lib/python2.7/dist-packages/pal_navigation_msgs/msg/_NavigationStatus.py
Symlinking /home/adrii/talos_public_ws/devel/lib/python2.7/dist-packages/pal_navigation_msgs/msg/_GoToPOIActionFeedback.py
Symlinking /home/adrii/talos_public_ws/devel/lib/python2.7/dist-packages/pal_navigation_msgs/msg/_VisualTrainingActionGoal.py
Symlinking /home/adrii/talos_public_ws/devel/lib/python2.7/dist-packages/pal_navigation_msgs/msg/_POI.py
Symlinking /home/adrii/talos_public_ws/devel/lib/python2.7/dist-packages/pal_navigation_msgs/msg/_LaserImage.py
Symlinking /home/adrii/talos_public_ws/devel/lib/python2.7/dist-packages/pal_navigation_msgs/msg/_VisualTrainingActionResult.py
Symlinking /home/adrii/talos_public_ws/devel/lib/python2.7/dist-packages/pal_navigation_msgs/msg/_JoyPriorityAction.py
Symlinking /home/adrii/talos_public_ws/devel/lib/python2.7/dist-packages/pal_navigation_msgs/msg/_EulerAnglesStamped.py
Symlinking /home/adrii/talos_public_ws/devel/lib/python2.7/dist-packages/pal_navigation_msgs/msg/_GoToPOIActionResult.py
Symlinking /home/adrii/talos_public_ws/devel/lib/python2.7/dist-packages/pal_navigation_msgs/msg/_JoyTurboResult.py
Symlinking /home/adrii/talos_public_ws/devel/lib/python2.7/dist-packages/pal_navigation_msgs/msg/_EulerAngles.py
Symlinking /home/adrii/talos_public_ws/devel/lib/python2.7/dist-packages/pal_navigation_msgs/msg/_GoToAction.py
Symlinking /home/adrii/talos_public_ws/devel/lib/python2.7/dist-packages/pal_navigation_msgs/msg/_JoyPriorityFeedback.py
Symlinking /home/adrii/talos_public_ws/devel/lib/python2.7/dist-packages/pal_navigation_msgs/msg/_VisualTrainingAction.py
Symlinking /home/adrii/talos_public_ws/devel/lib/python2.7/dist-packages/pal_navigation_msgs/msg/_JoyPriorityResult.py
Symlinking /home/adrii/talos_public_ws/devel/lib/python2.7/dist-packages/pal_navigation_msgs/msg/_JoyPriorityGoal.py
Symlinking /home/adrii/talos_public_ws/devel/lib/python2.7/dist-packages/pal_navigation_msgs/msg/_JoyTurboActionGoal.py
Symlinking /home/adrii/talos_public_ws/devel/lib/python2.7/dist-packages/pal_navigation_msgs/msg/_JoyTurboGoal.py
Symlinking /home/adrii/talos_public_ws/devel/lib/python2.7/dist-packages/pal_navigation_msgs/msg/_ServiceStatus.py
Symlinking /home/adrii/talos_public_ws/devel/lib/python2.7/dist-packages/pal_navigation_msgs/msg/_GoToPOIResult.py
Symlinking /home/adrii/talos_public_ws/devel/lib/python2.7/dist-packages/pal_navigation_msgs/msg/_GoToGoal.py
Symlinking /home/adrii/talos_public_ws/devel/lib/python2.7/dist-packages/pal_navigation_msgs/msg/_GoToPOIAction.py
Symlinking /home/adrii/talos_public_ws/devel/lib/python2.7/dist-packages/pal_navigation_msgs/msg/_MapConfiguration.py
Symlinking /home/adrii/talos_public_ws/devel/lib/python2.7/dist-packages/pal_navigation_msgs/msg/_GoToFeedback.py
Symlinking /home/adrii/talos_public_ws/devel/lib/python2.7/dist-packages/pal_navigation_msgs/msg/_VisualTrainingActionFeedback.py
Symlinking /home/adrii/talos_public_ws/devel/lib/python2.7/dist-packages/pal_navigation_msgs/msg/_PolarReading.py
Symlinking /home/adrii/talos_public_ws/devel/lib/python2.7/dist-packages/pal_navigation_msgs/msg/_TabletPOI.py
Symlinking /home/adrii/talos_public_ws/devel/lib/python2.7/dist-packages/pal_navigation_msgs/msg/_VisualTrainingGoal.py
Symlinking /home/adrii/talos_public_ws/devel/lib/python2.7/dist-packages/pal_navigation_msgs/msg/_GoToActionFeedback.py
Symlinking /home/adrii/talos_public_ws/devel/lib/python2.7/dist-packages/pal_navigation_msgs/msg/_GoToActionResult.py
Symlinking /home/adrii/talos_public_ws/devel/lib/python2.7/dist-packages/pal_navigation_msgs/msg/_JoyPriorityActionResult.py
Symlinking /home/adrii/talos_public_ws/devel/lib/python2.7/dist-packages/pal_navigation_msgs/msg/_GoToPOIActionGoal.py
Symlinking /home/adrii/talos_public_ws/devel/lib/python2.7/dist-packages/pal_navigation_msgs/msg/_VisualLocDB.py
Symlinking /home/adrii/talos_public_ws/devel/lib/python2.7/dist-packages/pal_navigation_msgs/msg/_VisualTrainingResult.py
Symlinking /home/adrii/talos_public_ws/devel/lib/python2.7/dist-packages/pal_navigation_msgs/msg/_JoyTurboAction.py
Symlinking /home/adrii/talos_public_ws/devel/lib/python2.7/dist-packages/pal_navigation_msgs/msg/_NiceMapTransformation.py
Symlinking /home/adrii/talos_public_ws/devel/lib/python2.7/dist-packages/pal_navigation_msgs/srv/_SetPOI.py
Symlinking /home/adrii/talos_public_ws/devel/lib/python2.7/dist-packages/pal_navigation_msgs/srv/__init__.py
Symlinking /home/adrii/talos_public_ws/devel/lib/python2.7/dist-packages/pal_navigation_msgs/srv/_SetMapConfiguration.py
Symlinking /home/adrii/talos_public_ws/devel/lib/python2.7/dist-packages/pal_navigation_msgs/srv/_DisableEmergency.py
Symlinking /home/adrii/talos_public_ws/devel/lib/python2.7/dist-packages/pal_navigation_msgs/srv/_SaveMap.py
Symlinking /home/adrii/talos_public_ws/devel/lib/python2.7/dist-packages/pal_navigation_msgs/srv/_RenameMap.py
Symlinking /home/adrii/talos_public_ws/devel/lib/python2.7/dist-packages/pal_navigation_msgs/srv/_FinalApproachPose.py
Symlinking /home/adrii/talos_public_ws/devel/lib/python2.7/dist-packages/pal_navigation_msgs/srv/_GetPOI.py
Symlinking /home/adrii/talos_public_ws/devel/lib/python2.7/dist-packages/pal_navigation_msgs/srv/_VisualLocRecognize.py
Symlinking /home/adrii/talos_public_ws/devel/lib/python2.7/dist-packages/pal_navigation_msgs/srv/_GetMapConfiguration.py
Symlinking /home/adrii/talos_public_ws/devel/lib/python2.7/dist-packages/pal_navigation_msgs/srv/_ChangeBuilding.py
Symlinking /home/adrii/talos_public_ws/devel/lib/python2.7/dist-packages/pal_navigation_msgs/srv/_Acknowledgment.py
Symlinking /home/adrii/talos_public_ws/devel/lib/python2.7/dist-packages/pal_navigation_msgs/srv/_SafetyZone.py
Symlinking /home/adrii/talos_public_ws/devel/lib/python2.7/dist-packages/pal_navigation_msgs/srv/_ListMaps.py
Symlinking /home/adrii/talos_public_ws/devel/lib/python2.7/dist-packages/pal_navigation_msgs/srv/_SetSubMapFloor.py
Symlinking /home/adrii/talos_public_ws/devel/lib/python2.7/dist-packages/pal_navigation_msgs/srv/_GetNodes.py
Symlinking /home/adrii/talos_public_ws/devel/lib/python2.7/dist-packages/pal_navigation_msgs/srv/_GetSubMap.py
Symlinking /home/adrii/talos_public_ws/devel/lib/pkgconfig/pal_navigation_msgs.pc
