Determining if the pthread_create exist failed with the following output:
Change Dir: /home/adrii/talos_public_ws/build/play_motion/CMakeFiles/CMakeTmp

Run Build Command:"/usr/bin/make" "cmTC_e1fce/fast"
/usr/bin/make -f CMakeFiles/cmTC_e1fce.dir/build.make CMakeFiles/cmTC_e1fce.dir/build
make[1]: se entra en el directorio '/home/adrii/talos_public_ws/build/play_motion/CMakeFiles/CMakeTmp'
Building C object CMakeFiles/cmTC_e1fce.dir/CheckSymbolExists.c.o
/usr/bin/cc     -o CMakeFiles/cmTC_e1fce.dir/CheckSymbolExists.c.o   -c /home/adrii/talos_public_ws/build/play_motion/CMakeFiles/CMakeTmp/CheckSymbolExists.c
Linking C executable cmTC_e1fce
/usr/bin/cmake -E cmake_link_script CMakeFiles/cmTC_e1fce.dir/link.txt --verbose=1
/usr/bin/cc       CMakeFiles/cmTC_e1fce.dir/CheckSymbolExists.c.o  -o cmTC_e1fce -rdynamic 
CMakeFiles/cmTC_e1fce.dir/CheckSymbolExists.c.o: En la función `main':
CheckSymbolExists.c:(.text+0x16): referencia a `pthread_create' sin definir
collect2: error: ld returned 1 exit status
CMakeFiles/cmTC_e1fce.dir/build.make:97: fallo en las instrucciones para el objetivo 'cmTC_e1fce'
make[1]: *** [cmTC_e1fce] Error 1
make[1]: se sale del directorio '/home/adrii/talos_public_ws/build/play_motion/CMakeFiles/CMakeTmp'
Makefile:126: fallo en las instrucciones para el objetivo 'cmTC_e1fce/fast'
make: *** [cmTC_e1fce/fast] Error 2

File /home/adrii/talos_public_ws/build/play_motion/CMakeFiles/CMakeTmp/CheckSymbolExists.c:
/* */
#include <pthread.h>

int main(int argc, char** argv)
{
  (void)argv;
#ifndef pthread_create
  return ((int*)(&pthread_create))[argc];
#else
  (void)argc;
  return 0;
#endif
}

Determining if the function pthread_create exists in the pthreads failed with the following output:
Change Dir: /home/adrii/talos_public_ws/build/play_motion/CMakeFiles/CMakeTmp

Run Build Command:"/usr/bin/make" "cmTC_c699e/fast"
/usr/bin/make -f CMakeFiles/cmTC_c699e.dir/build.make CMakeFiles/cmTC_c699e.dir/build
make[1]: se entra en el directorio '/home/adrii/talos_public_ws/build/play_motion/CMakeFiles/CMakeTmp'
Building C object CMakeFiles/cmTC_c699e.dir/CheckFunctionExists.c.o
/usr/bin/cc    -DCHECK_FUNCTION_EXISTS=pthread_create   -o CMakeFiles/cmTC_c699e.dir/CheckFunctionExists.c.o   -c /usr/share/cmake-3.5/Modules/CheckFunctionExists.c
Linking C executable cmTC_c699e
/usr/bin/cmake -E cmake_link_script CMakeFiles/cmTC_c699e.dir/link.txt --verbose=1
/usr/bin/cc   -DCHECK_FUNCTION_EXISTS=pthread_create    CMakeFiles/cmTC_c699e.dir/CheckFunctionExists.c.o  -o cmTC_c699e -rdynamic -lpthreads 
/usr/bin/ld: no se puede encontrar -lpthreads
collect2: error: ld returned 1 exit status
CMakeFiles/cmTC_c699e.dir/build.make:97: fallo en las instrucciones para el objetivo 'cmTC_c699e'
make[1]: *** [cmTC_c699e] Error 1
make[1]: se sale del directorio '/home/adrii/talos_public_ws/build/play_motion/CMakeFiles/CMakeTmp'
Makefile:126: fallo en las instrucciones para el objetivo 'cmTC_c699e/fast'
make: *** [cmTC_c699e/fast] Error 2


