Determining if the pthread_create exist failed with the following output:
Change Dir: /home/adrii/talos_public_ws/build/aruco_msgs/CMakeFiles/CMakeTmp

Run Build Command:"/usr/bin/make" "cmTC_113e7/fast"
/usr/bin/make -f CMakeFiles/cmTC_113e7.dir/build.make CMakeFiles/cmTC_113e7.dir/build
make[1]: se entra en el directorio '/home/adrii/talos_public_ws/build/aruco_msgs/CMakeFiles/CMakeTmp'
Building C object CMakeFiles/cmTC_113e7.dir/CheckSymbolExists.c.o
/usr/bin/cc     -o CMakeFiles/cmTC_113e7.dir/CheckSymbolExists.c.o   -c /home/adrii/talos_public_ws/build/aruco_msgs/CMakeFiles/CMakeTmp/CheckSymbolExists.c
Linking C executable cmTC_113e7
/usr/bin/cmake -E cmake_link_script CMakeFiles/cmTC_113e7.dir/link.txt --verbose=1
/usr/bin/cc       CMakeFiles/cmTC_113e7.dir/CheckSymbolExists.c.o  -o cmTC_113e7 -rdynamic 
CMakeFiles/cmTC_113e7.dir/CheckSymbolExists.c.o: En la función `main':
CheckSymbolExists.c:(.text+0x16): referencia a `pthread_create' sin definir
collect2: error: ld returned 1 exit status
CMakeFiles/cmTC_113e7.dir/build.make:97: fallo en las instrucciones para el objetivo 'cmTC_113e7'
make[1]: *** [cmTC_113e7] Error 1
make[1]: se sale del directorio '/home/adrii/talos_public_ws/build/aruco_msgs/CMakeFiles/CMakeTmp'
Makefile:126: fallo en las instrucciones para el objetivo 'cmTC_113e7/fast'
make: *** [cmTC_113e7/fast] Error 2

File /home/adrii/talos_public_ws/build/aruco_msgs/CMakeFiles/CMakeTmp/CheckSymbolExists.c:
/* */
#include <pthread.h>

int main(int argc, char** argv)
{
  (void)argv;
#ifndef pthread_create
  return ((int*)(&pthread_create))[argc];
#else
  (void)argc;
  return 0;
#endif
}

Determining if the function pthread_create exists in the pthreads failed with the following output:
Change Dir: /home/adrii/talos_public_ws/build/aruco_msgs/CMakeFiles/CMakeTmp

Run Build Command:"/usr/bin/make" "cmTC_3ebea/fast"
/usr/bin/make -f CMakeFiles/cmTC_3ebea.dir/build.make CMakeFiles/cmTC_3ebea.dir/build
make[1]: se entra en el directorio '/home/adrii/talos_public_ws/build/aruco_msgs/CMakeFiles/CMakeTmp'
Building C object CMakeFiles/cmTC_3ebea.dir/CheckFunctionExists.c.o
/usr/bin/cc    -DCHECK_FUNCTION_EXISTS=pthread_create   -o CMakeFiles/cmTC_3ebea.dir/CheckFunctionExists.c.o   -c /usr/share/cmake-3.5/Modules/CheckFunctionExists.c
Linking C executable cmTC_3ebea
/usr/bin/cmake -E cmake_link_script CMakeFiles/cmTC_3ebea.dir/link.txt --verbose=1
/usr/bin/cc   -DCHECK_FUNCTION_EXISTS=pthread_create    CMakeFiles/cmTC_3ebea.dir/CheckFunctionExists.c.o  -o cmTC_3ebea -rdynamic -lpthreads 
/usr/bin/ld: no se puede encontrar -lpthreads
collect2: error: ld returned 1 exit status
CMakeFiles/cmTC_3ebea.dir/build.make:97: fallo en las instrucciones para el objetivo 'cmTC_3ebea'
make[1]: *** [cmTC_3ebea] Error 1
make[1]: se sale del directorio '/home/adrii/talos_public_ws/build/aruco_msgs/CMakeFiles/CMakeTmp'
Makefile:126: fallo en las instrucciones para el objetivo 'cmTC_3ebea/fast'
make: *** [cmTC_3ebea/fast] Error 2


