[  0%] Built target _pal_motion_model_msgs_generate_messages_check_deps_GetMotionMap
[  0%] Built target _pal_motion_model_msgs_generate_messages_check_deps_MotionModelMap
[  0%] Built target _pal_motion_model_msgs_generate_messages_check_deps_MotionModel
[  0%] Built target std_msgs_generate_messages_cpp
[  0%] Built target _pal_motion_model_msgs_generate_messages_check_deps_MotionModelList
[  0%] Built target nav_msgs_generate_messages_cpp
[  0%] Built target nav_msgs_generate_messages_nodejs
[  0%] Built target std_msgs_generate_messages_nodejs
[  0%] Built target std_msgs_generate_messages_py
[  0%] Built target nav_msgs_generate_messages_py
[  0%] Built target std_msgs_generate_messages_eus
[  0%] Built target nav_msgs_generate_messages_eus
[  0%] Built target nav_msgs_generate_messages_lisp
[  0%] Built target std_msgs_generate_messages_lisp
[  4%] [34m[1mGenerating C++ code from pal_motion_model_msgs/MotionModelList.msg[0m
[  8%] [34m[1mGenerating Javascript code from pal_motion_model_msgs/MotionModelList.msg[0m
[ 13%] [34m[1mGenerating Javascript code from pal_motion_model_msgs/MotionModel.msg[0m
[ 17%] [34m[1mGenerating Python from MSG pal_motion_model_msgs/MotionModelList[0m
[ 21%] [34m[1mGenerating Javascript code from pal_motion_model_msgs/MotionModelMap.msg[0m
[ 26%] [34m[1mGenerating Javascript code from pal_motion_model_msgs/GetMotionMap.srv[0m
[ 30%] [34m[1mGenerating Python from MSG pal_motion_model_msgs/MotionModel[0m
[ 30%] Built target pal_motion_model_msgs_generate_messages_nodejs
[ 34%] [34m[1mGenerating C++ code from pal_motion_model_msgs/MotionModel.msg[0m
[ 39%] [34m[1mGenerating C++ code from pal_motion_model_msgs/MotionModelMap.msg[0m
[ 43%] [34m[1mGenerating Python from MSG pal_motion_model_msgs/MotionModelMap[0m
[ 47%] [34m[1mGenerating C++ code from pal_motion_model_msgs/GetMotionMap.srv[0m
[ 52%] [34m[1mGenerating Python code from SRV pal_motion_model_msgs/GetMotionMap[0m
[ 56%] [34m[1mGenerating Python msg __init__.py for pal_motion_model_msgs[0m
[ 56%] Built target pal_motion_model_msgs_generate_messages_cpp
[ 60%] [34m[1mGenerating Python srv __init__.py for pal_motion_model_msgs[0m
[ 65%] [34m[1mGenerating EusLisp code from pal_motion_model_msgs/MotionModelList.msg[0m
[ 69%] [34m[1mGenerating EusLisp code from pal_motion_model_msgs/MotionModel.msg[0m
[ 73%] [34m[1mGenerating EusLisp code from pal_motion_model_msgs/MotionModelMap.msg[0m
[ 73%] Built target pal_motion_model_msgs_generate_messages_py
[ 78%] [34m[1mGenerating Lisp code from pal_motion_model_msgs/MotionModelList.msg[0m
[ 82%] [34m[1mGenerating EusLisp code from pal_motion_model_msgs/GetMotionMap.srv[0m
[ 86%] [34m[1mGenerating Lisp code from pal_motion_model_msgs/MotionModel.msg[0m
[ 91%] [34m[1mGenerating Lisp code from pal_motion_model_msgs/MotionModelMap.msg[0m
[ 95%] Built target pal_motion_model_msgs_generate_messages_eus
[100%] [34m[1mGenerating Lisp code from pal_motion_model_msgs/GetMotionMap.srv[0m
[100%] Built target pal_motion_model_msgs_generate_messages_lisp
[100%] Built target pal_motion_model_msgs_generate_messages
