[  0%] Built target _dynamic_introspection_generate_messages_check_deps_MarkerParameter
[  0%] Built target _dynamic_introspection_generate_messages_check_deps_BoolParameter
[  0%] Built target visualization_msgs_generate_messages_eus
[  0%] Built target _dynamic_introspection_generate_messages_check_deps_DoubleParameter
[  0%] Built target _dynamic_introspection_generate_messages_check_deps_IntrospectionMsg
[  0%] Built target _dynamic_introspection_generate_messages_check_deps_IntParameter
[  0%] Built target visualization_msgs_generate_messages_nodejs
[  0%] Built target visualization_msgs_generate_messages_cpp
[  0%] Built target visualization_msgs_generate_messages_py
[  0%] Built target visualization_msgs_generate_messages_lisp
[  0%] Built target roscpp_generate_messages_lisp
[  0%] Built target topic_tools_generate_messages_nodejs
[  0%] Built target std_srvs_generate_messages_cpp
[  0%] Built target rosgraph_msgs_generate_messages_py
[  0%] Built target rosgraph_msgs_generate_messages_lisp
[  0%] Built target roscpp_generate_messages_nodejs
[  0%] Built target pal_statistics_msgs_generate_messages_py
[  0%] Built target std_srvs_generate_messages_nodejs
[  0%] Built target std_msgs_generate_messages_py
[  0%] Built target rosgraph_msgs_generate_messages_nodejs
[  0%] Built target std_srvs_generate_messages_eus
[  0%] Built target std_msgs_generate_messages_cpp
[  0%] Built target rosgraph_msgs_generate_messages_cpp
[  0%] Built target roscpp_generate_messages_cpp
[  0%] Built target std_srvs_generate_messages_lisp
[  0%] Built target geometry_msgs_generate_messages_lisp
[  0%] Built target geometry_msgs_generate_messages_py
[  0%] Built target std_msgs_generate_messages_nodejs
[  0%] Built target std_msgs_generate_messages_eus
[  0%] Built target std_srvs_generate_messages_py
[  0%] Built target pal_statistics_msgs_generate_messages_lisp
[  0%] Built target roscpp_generate_messages_eus
[  0%] Built target rosgraph_msgs_generate_messages_eus
[  0%] Built target roscpp_generate_messages_py
[  0%] Built target topic_tools_generate_messages_cpp
[  0%] Built target topic_tools_generate_messages_eus
[  0%] Built target topic_tools_generate_messages_lisp
[  0%] Built target pal_statistics_msgs_generate_messages_cpp
[  0%] Built target geometry_msgs_generate_messages_eus
[  0%] Built target pal_statistics_msgs_generate_messages_eus
[  0%] Built target std_msgs_generate_messages_lisp
[  0%] Built target pal_statistics_msgs_generate_messages_nodejs
[  0%] Built target geometry_msgs_generate_messages_nodejs
[  0%] Built target geometry_msgs_generate_messages_cpp
[  0%] Built target topic_tools_generate_messages_py
[  3%] [34m[1mGenerating EusLisp code from dynamic_introspection/IntrospectionMsg.msg[0m
[  6%] [34m[1mGenerating EusLisp code from dynamic_introspection/IntParameter.msg[0m
[ 10%] [34m[1mGenerating EusLisp code from dynamic_introspection/BoolParameter.msg[0m
[ 13%] [34m[1mGenerating EusLisp code from dynamic_introspection/DoubleParameter.msg[0m
[ 16%] [34m[1mGenerating EusLisp code from dynamic_introspection/MarkerParameter.msg[0m
[ 20%] Built target dynamic_introspection_generate_messages_eus
[ 23%] [34m[1mGenerating Javascript code from dynamic_introspection/IntrospectionMsg.msg[0m
[ 26%] [34m[1mGenerating Javascript code from dynamic_introspection/IntParameter.msg[0m
[ 30%] [34m[1mGenerating Javascript code from dynamic_introspection/BoolParameter.msg[0m
[ 33%] [34m[1mGenerating Javascript code from dynamic_introspection/DoubleParameter.msg[0m
[ 36%] [34m[1mGenerating Javascript code from dynamic_introspection/MarkerParameter.msg[0m
[ 36%] Built target dynamic_introspection_generate_messages_nodejs
[ 40%] [34m[1mGenerating C++ code from dynamic_introspection/IntrospectionMsg.msg[0m
[ 43%] [34m[1mGenerating C++ code from dynamic_introspection/IntParameter.msg[0m
[ 46%] [34m[1mGenerating C++ code from dynamic_introspection/BoolParameter.msg[0m
[ 50%] [34m[1mGenerating C++ code from dynamic_introspection/DoubleParameter.msg[0m
[ 53%] [34m[1mGenerating C++ code from dynamic_introspection/MarkerParameter.msg[0m
[ 53%] Built target dynamic_introspection_generate_messages_cpp
[ 56%] [34m[1mGenerating Python from MSG dynamic_introspection/IntrospectionMsg[0m
[ 60%] [34m[1mGenerating Python from MSG dynamic_introspection/IntParameter[0m
[ 63%] [34m[1mGenerating Python from MSG dynamic_introspection/BoolParameter[0m
[ 66%] [34m[1mGenerating Python from MSG dynamic_introspection/DoubleParameter[0m
[ 70%] [34m[1mGenerating Python from MSG dynamic_introspection/MarkerParameter[0m
[ 73%] [34m[1mGenerating Python msg __init__.py for dynamic_introspection[0m
[ 73%] Built target dynamic_introspection_generate_messages_py
[ 76%] [34m[1mGenerating Lisp code from dynamic_introspection/IntrospectionMsg.msg[0m
[ 80%] [34m[1mGenerating Lisp code from dynamic_introspection/IntParameter.msg[0m
[ 83%] [34m[1mGenerating Lisp code from dynamic_introspection/BoolParameter.msg[0m
[ 86%] [34m[1mGenerating Lisp code from dynamic_introspection/DoubleParameter.msg[0m
[ 90%] [34m[1mGenerating Lisp code from dynamic_introspection/MarkerParameter.msg[0m
[ 90%] Built target dynamic_introspection_generate_messages_lisp
[ 90%] Built target dynamic_introspection_generate_messages
[35m[1mScanning dependencies of target dynamic_introspection[0m
[ 93%] [32mBuilding CXX object CMakeFiles/dynamic_introspection.dir/src/dynamic_introspection_utils.cpp.o[0m
[ 96%] [32mBuilding CXX object CMakeFiles/dynamic_introspection.dir/src/introspection_online_utils.cpp.o[0m
[100%] [32m[1mLinking CXX shared library /home/adrii/talos_public_ws/devel/.private/dynamic_introspection/lib/libdynamic_introspection.so[0m
[100%] Built target dynamic_introspection
