[  0%] Built target _pal_multirobot_msgs_generate_messages_check_deps_WifiServiceDetection
[  0%] Built target std_msgs_generate_messages_nodejs
[  0%] Built target geometry_msgs_generate_messages_nodejs
[  0%] Built target std_msgs_generate_messages_py
[  0%] Built target geometry_msgs_generate_messages_py
[  0%] Built target std_msgs_generate_messages_eus
[  0%] Built target geometry_msgs_generate_messages_eus
[  0%] Built target std_msgs_generate_messages_lisp
[  0%] Built target geometry_msgs_generate_messages_lisp
[  0%] Built target geometry_msgs_generate_messages_cpp
[  0%] Built target std_msgs_generate_messages_cpp
[ 14%] [34m[1mGenerating Javascript code from pal_multirobot_msgs/WifiServiceDetection.msg[0m
[ 14%] Built target pal_multirobot_msgs_generate_messages_nodejs
[ 28%] [34m[1mGenerating Python from MSG pal_multirobot_msgs/WifiServiceDetection[0m
[ 42%] [34m[1mGenerating Python msg __init__.py for pal_multirobot_msgs[0m
[ 42%] Built target pal_multirobot_msgs_generate_messages_py
[ 57%] [34m[1mGenerating EusLisp code from pal_multirobot_msgs/WifiServiceDetection.msg[0m
[ 71%] Built target pal_multirobot_msgs_generate_messages_eus
[ 85%] [34m[1mGenerating Lisp code from pal_multirobot_msgs/WifiServiceDetection.msg[0m
[ 85%] Built target pal_multirobot_msgs_generate_messages_lisp
[100%] [34m[1mGenerating C++ code from pal_multirobot_msgs/WifiServiceDetection.msg[0m
[100%] Built target pal_multirobot_msgs_generate_messages_cpp
[100%] Built target pal_multirobot_msgs_generate_messages
