Not searching for unused variables given on the command line.
[36m--[0m The C compiler identification is GNU 5.4.0
[36m--[0m The CXX compiler identification is GNU 5.4.0
[36m--[0m Check for working C compiler: /usr/bin/cc
[36m--[0m Check for working C compiler: /usr/bin/cc -- works
[36m--[0m Detecting C compiler ABI info
[36m--[0m Detecting C compiler ABI info - done
[36m--[0m Detecting C compile features
[36m--[0m Detecting C compile features - done
[36m--[0m Check for working CXX compiler: /usr/bin/c++
[36m--[0m Check for working CXX compiler: /usr/bin/c++ -- works
[36m--[0m Detecting CXX compiler ABI info
[36m--[0m Detecting CXX compiler ABI info - done
[36m--[0m Detecting CXX compile features
[36m--[0m Detecting CXX compile features - done
[36m--[0m Using CATKIN_DEVEL_PREFIX: /home/adrii/talos_public_ws/devel/.private/direct_dynamic_controller
[36m--[0m Using CMAKE_PREFIX_PATH: /home/adrii/talos_public_ws/devel;/opt/ros/kinetic
[36m--[0m This workspace overlays: /home/adrii/talos_public_ws/devel;/opt/ros/kinetic
[36m--[0m Found PythonInterp: /usr/bin/python2 (found suitable version "2.7.12", minimum required is "2")
[36m--[0m Using PYTHON_EXECUTABLE: /usr/bin/python2
[36m--[0m Using Debian Python package layout
[36m--[0m Using empy: /usr/bin/empy
[36m--[0m Using CATKIN_ENABLE_TESTING: 0
[36m--[0m catkin 0.7.29
[36m--[0m BUILD_SHARED_LIBS is on
[36m--[0m Using these message generators: gencpp;geneus;genlisp;gennodejs;genpy
[33m[1mCMake Warning[0m at /opt/ros/kinetic/share/catkin/cmake/catkinConfig.cmake:76 (find_package):
  Could not find a package configuration file provided by
  "ddynamic_reconfigure" with any of the following names:

    ddynamic_reconfigureConfig.cmake
    ddynamic_reconfigure-config.cmake

  Add the installation prefix of "ddynamic_reconfigure" to CMAKE_PREFIX_PATH
  or set "ddynamic_reconfigure_DIR" to a directory containing one of the
  above files.  If "ddynamic_reconfigure" provides a separate development
  package or SDK, be sure it has been installed.
[36mCall Stack (most recent call first):[0m
  CMakeLists.txt:8 (find_package)


[31m[1mCMake Error[0m at /opt/ros/kinetic/share/catkin/cmake/catkinConfig.cmake:83 (find_package):
  Could not find a package configuration file provided by
  "ddynamic_reconfigure" with any of the following names:

    ddynamic_reconfigureConfig.cmake
    ddynamic_reconfigure-config.cmake

  Add the installation prefix of "ddynamic_reconfigure" to CMAKE_PREFIX_PATH
  or set "ddynamic_reconfigure_DIR" to a directory containing one of the
  above files.  If "ddynamic_reconfigure" provides a separate development
  package or SDK, be sure it has been installed.
[36mCall Stack (most recent call first):[0m
  CMakeLists.txt:8 (find_package)


[36m--[0m Could not find the required component 'ddynamic_reconfigure'. The following CMake error indicates that you either need to install the package with the same name or change your environment so that it can be found.
[36m--[0m Configuring incomplete, errors occurred!
See also "/home/adrii/talos_public_ws/build/direct_dynamic_controller/CMakeFiles/CMakeOutput.log".
