[  0%] Built target dynamic_reconfigure_generate_messages_py
[  0%] Built target dynamic_reconfigure_gencfg
[  0%] Built target actionlib_msgs_generate_messages_nodejs
[ 33%] [34m[1mGenerating dynamic reconfigure files from cfg/ComplianceController.cfg: /home/adrii/talos_public_ws/devel/.private/cartesian_compliance_controller/include/cartesian_compliance_controller/ComplianceControllerConfig.h /home/adrii/talos_public_ws/devel/.private/cartesian_compliance_controller/lib/python2.7/dist-packages/cartesian_compliance_controller/cfg/ComplianceControllerConfig.py[0m
[ 33%] Built target dynamic_reconfigure_generate_messages_lisp
[ 33%] Built target dynamic_reconfigure_generate_messages_eus
[ 33%] Built target dynamic_reconfigure_generate_messages_cpp
[ 33%] Built target cartesian_controller_base_gencfg
[ 33%] Built target actionlib_msgs_generate_messages_py
[ 33%] Built target dynamic_reconfigure_generate_messages_nodejs
Generating reconfiguration files for ComplianceController in cartesian_compliance_controller
Wrote header file in /home/adrii/talos_public_ws/devel/.private/cartesian_compliance_controller/include/cartesian_compliance_controller/ComplianceControllerConfig.h
[ 33%] Built target control_toolbox_gencfg
[ 33%] Built target std_msgs_generate_messages_eus
[ 33%] Built target roscpp_generate_messages_lisp
[ 33%] Built target cartesian_compliance_controller_gencfg
[ 33%] Built target std_msgs_generate_messages_py
[ 33%] Built target rosgraph_msgs_generate_messages_py
[ 33%] Built target rosgraph_msgs_generate_messages_lisp
[ 33%] Built target rosgraph_msgs_generate_messages_nodejs
[ 33%] Built target roscpp_generate_messages_nodejs
[ 33%] Built target actionlib_msgs_generate_messages_cpp
[ 33%] Built target std_msgs_generate_messages_cpp
[ 33%] Built target trajectory_msgs_generate_messages_py
[ 33%] Built target std_msgs_generate_messages_lisp
[ 33%] Built target geometry_msgs_generate_messages_lisp
[ 33%] Built target roscpp_generate_messages_eus
[ 33%] Built target roscpp_generate_messages_cpp
[ 33%] Built target geometry_msgs_generate_messages_eus
[ 33%] Built target trajectory_msgs_generate_messages_eus
[ 33%] Built target geometry_msgs_generate_messages_nodejs
[ 33%] Built target control_msgs_generate_messages_eus
[ 33%] Built target rosgraph_msgs_generate_messages_eus
[ 33%] Built target roscpp_generate_messages_py
[ 33%] Built target control_msgs_generate_messages_lisp
[ 33%] Built target trajectory_msgs_generate_messages_lisp
[ 33%] Built target trajectory_msgs_generate_messages_nodejs
[ 33%] Built target rosgraph_msgs_generate_messages_cpp
[ 33%] Built target trajectory_msgs_generate_messages_cpp
[ 33%] Built target geometry_msgs_generate_messages_cpp
[ 33%] Built target control_toolbox_generate_messages_cpp
[ 33%] Built target geometry_msgs_generate_messages_py
[ 33%] Built target std_msgs_generate_messages_nodejs
[ 33%] Built target control_toolbox_generate_messages_lisp
[ 33%] Built target control_toolbox_generate_messages_eus
[ 33%] Built target actionlib_msgs_generate_messages_eus
[ 33%] Built target control_toolbox_generate_messages_py
[ 33%] Built target control_toolbox_generate_messages_nodejs
[ 33%] Built target control_msgs_generate_messages_cpp
[ 33%] Built target control_msgs_generate_messages_nodejs
[ 33%] Built target control_msgs_generate_messages_py
[ 33%] Built target actionlib_msgs_generate_messages_lisp
[35m[1mScanning dependencies of target cartesian_compliance_controller[0m
[ 66%] [32mBuilding CXX object CMakeFiles/cartesian_compliance_controller.dir/src/cartesian_compliance_controller.cpp.o[0m
In file included from [01m[K/home/adrii/talos_public_ws/src/ros_control/hardware_interface/include/hardware_interface/robot_hw.h:35:0[m[K,
                 from [01m[K/home/adrii/talos_public_ws/src/ros_control/controller_interface/include/controller_interface/controller_base.h:37[m[K,
                 from [01m[K/home/adrii/talos_public_ws/src/ros_control/controller_interface/include/controller_interface/controller.h:35[m[K,
                 from [01m[K/home/adrii/talos_public_ws/src/talos_astronaut/cartesian_controllers/cartesian_controller_base/include/cartesian_controller_base/cartesian_controller_base.h:49[m[K,
                 from [01m[K/home/adrii/talos_public_ws/src/talos_astronaut/cartesian_controllers/cartesian_compliance_controller/include/cartesian_compliance_controller/cartesian_compliance_controller.h:44[m[K,
                 from [01m[K/home/adrii/talos_public_ws/src/talos_astronaut/cartesian_controllers/cartesian_compliance_controller/src/cartesian_compliance_controller.cpp:44[m[K:
/home/adrii/talos_public_ws/src/ros_control/hardware_interface/include/hardware_interface/internal/interface_manager.h: In instantiation of ‘[01m[Kstatic char (& hardware_interface::CheckIsResourceManager<T>::callCM(std::vector<C*>&, C*, typename C::resource_manager_type*))[1] [with C = hardware_interface::PositionJointInterface; T = hardware_interface::PositionJointInterface; hardware_interface::CheckIsResourceManager<T>::yes = char [1]; typename C::resource_manager_type = hardware_interface::ResourceManager<hardware_interface::JointHandle>][m[K’:
[01m[K/home/adrii/talos_public_ws/src/ros_control/hardware_interface/include/hardware_interface/internal/interface_manager.h:83:14:[m[K   required from ‘[01m[Kstatic const void hardware_interface::CheckIsResourceManager<T>::callConcatManagers(std::vector<T*>&, T*) [with T = hardware_interface::PositionJointInterface][m[K’
[01m[K/home/adrii/talos_public_ws/src/ros_control/hardware_interface/include/hardware_interface/internal/interface_manager.h:200:54:[m[K   required from ‘[01m[KT* hardware_interface::InterfaceManager::get() [with T = hardware_interface::PositionJointInterface][m[K’
[01m[K/home/adrii/talos_public_ws/src/ros_control/controller_interface/include/controller_interface/controller.h:110:30:[m[K   required from ‘[01m[Kbool controller_interface::Controller<T>::initRequest(hardware_interface::RobotHW*, ros::NodeHandle&, ros::NodeHandle&, controller_interface::ControllerBase::ClaimedResources&) [with T = hardware_interface::PositionJointInterface; controller_interface::ControllerBase::ClaimedResources = std::vector<hardware_interface::InterfaceResources>][m[K’
[01m[K/home/adrii/talos_public_ws/src/talos_astronaut/cartesian_controllers/cartesian_compliance_controller/src/cartesian_compliance_controller.cpp:65:1:[m[K   required from here
[01m[K/home/adrii/talos_public_ws/src/ros_control/hardware_interface/include/hardware_interface/internal/interface_manager.h:73:9:[m[K [01;35m[Kwarning: [m[Kreference to local variable ‘[01m[Ktmp_yes[m[K’ returned [-Wreturn-local-addr]
     yes tmp_yes;
[01;32m[K         ^[m[K
/home/adrii/talos_public_ws/src/ros_control/hardware_interface/include/hardware_interface/internal/interface_manager.h: In instantiation of ‘[01m[Kstatic char (& hardware_interface::CheckIsResourceManager<T>::callCM(std::vector<C*>&, C*, typename C::resource_manager_type*))[1] [with C = hardware_interface::VelocityJointInterface; T = hardware_interface::VelocityJointInterface; hardware_interface::CheckIsResourceManager<T>::yes = char [1]; typename C::resource_manager_type = hardware_interface::ResourceManager<hardware_interface::JointHandle>][m[K’:
[01m[K/home/adrii/talos_public_ws/src/ros_control/hardware_interface/include/hardware_interface/internal/interface_manager.h:83:14:[m[K   required from ‘[01m[Kstatic const void hardware_interface::CheckIsResourceManager<T>::callConcatManagers(std::vector<T*>&, T*) [with T = hardware_interface::VelocityJointInterface][m[K’
[01m[K/home/adrii/talos_public_ws/src/ros_control/hardware_interface/include/hardware_interface/internal/interface_manager.h:200:54:[m[K   required from ‘[01m[KT* hardware_interface::InterfaceManager::get() [with T = hardware_interface::VelocityJointInterface][m[K’
[01m[K/home/adrii/talos_public_ws/src/ros_control/controller_interface/include/controller_interface/controller.h:110:30:[m[K   required from ‘[01m[Kbool controller_interface::Controller<T>::initRequest(hardware_interface::RobotHW*, ros::NodeHandle&, ros::NodeHandle&, controller_interface::ControllerBase::ClaimedResources&) [with T = hardware_interface::VelocityJointInterface; controller_interface::ControllerBase::ClaimedResources = std::vector<hardware_interface::InterfaceResources>][m[K’
[01m[K/home/adrii/talos_public_ws/src/talos_astronaut/cartesian_controllers/cartesian_compliance_controller/src/cartesian_compliance_controller.cpp:65:1:[m[K   required from here
[01m[K/home/adrii/talos_public_ws/src/ros_control/hardware_interface/include/hardware_interface/internal/interface_manager.h:73:9:[m[K [01;35m[Kwarning: [m[Kreference to local variable ‘[01m[Ktmp_yes[m[K’ returned [-Wreturn-local-addr]
[100%] [32m[1mLinking CXX shared library /home/adrii/talos_public_ws/devel/.private/cartesian_compliance_controller/lib/libcartesian_compliance_controller.so[0m
[100%] Built target cartesian_compliance_controller
