[  0%] Built target dynamic_reconfigure_generate_messages_py
[  0%] Built target actionlib_msgs_generate_messages_nodejs
[ 33%] Built target cartesian_compliance_controller_gencfg
[ 33%] Built target dynamic_reconfigure_gencfg
[ 33%] Built target dynamic_reconfigure_generate_messages_lisp
[ 33%] Built target dynamic_reconfigure_generate_messages_eus
[ 33%] Built target dynamic_reconfigure_generate_messages_cpp
[ 33%] Built target actionlib_msgs_generate_messages_py
[ 33%] Built target control_toolbox_gencfg
[ 33%] Built target cartesian_controller_base_gencfg
[ 33%] Built target std_msgs_generate_messages_eus
[ 33%] Built target dynamic_reconfigure_generate_messages_nodejs
[ 33%] Built target roscpp_generate_messages_lisp
[ 33%] Built target std_msgs_generate_messages_py
[ 33%] Built target rosgraph_msgs_generate_messages_py
[ 33%] Built target rosgraph_msgs_generate_messages_lisp
[ 33%] Built target roscpp_generate_messages_nodejs
[ 33%] Built target rosgraph_msgs_generate_messages_nodejs
[ 33%] Built target actionlib_msgs_generate_messages_cpp
[ 33%] Built target std_msgs_generate_messages_cpp
[ 33%] Built target trajectory_msgs_generate_messages_py
[ 33%] Built target std_msgs_generate_messages_lisp
[ 33%] Built target geometry_msgs_generate_messages_lisp
[ 33%] Built target roscpp_generate_messages_eus
[ 33%] Built target geometry_msgs_generate_messages_eus
[ 33%] Built target roscpp_generate_messages_cpp
[ 33%] Built target geometry_msgs_generate_messages_nodejs
[ 33%] Built target trajectory_msgs_generate_messages_eus
[ 33%] Built target rosgraph_msgs_generate_messages_eus
[ 33%] Built target control_msgs_generate_messages_eus
[ 33%] Built target roscpp_generate_messages_py
[ 33%] Built target control_msgs_generate_messages_lisp
[ 33%] Built target trajectory_msgs_generate_messages_lisp
[ 33%] Built target trajectory_msgs_generate_messages_nodejs
[ 33%] Built target control_toolbox_generate_messages_cpp
[ 33%] Built target rosgraph_msgs_generate_messages_cpp
[ 33%] Built target trajectory_msgs_generate_messages_cpp
[ 33%] Built target geometry_msgs_generate_messages_cpp
[ 33%] Built target control_toolbox_generate_messages_eus
[ 33%] Built target geometry_msgs_generate_messages_py
[ 33%] Built target std_msgs_generate_messages_nodejs
[ 33%] Built target control_toolbox_generate_messages_lisp
[ 33%] Built target control_toolbox_generate_messages_py
[ 33%] Built target actionlib_msgs_generate_messages_eus
[ 33%] Built target control_toolbox_generate_messages_nodejs
[ 33%] Built target control_msgs_generate_messages_cpp
[ 33%] Built target control_msgs_generate_messages_nodejs
[ 33%] Built target control_msgs_generate_messages_py
[ 33%] Built target actionlib_msgs_generate_messages_lisp
[100%] Built target cartesian_compliance_controller
