[  0%] Built target pal_interaction_msgs_generate_messages_nodejs
[  0%] Built target _pal_web_msgs_generate_messages_check_deps_GetUserInputActionGoal
[  0%] Built target _pal_web_msgs_generate_messages_check_deps_GetUserInputActionResult
[  0%] Built target _pal_web_msgs_generate_messages_check_deps_WebGoTo
[  0%] Built target _pal_web_msgs_generate_messages_check_deps_GetUserInputFeedback
[  0%] Built target _pal_web_msgs_generate_messages_check_deps_GetUserInputGoal
[  0%] Built target _pal_web_msgs_generate_messages_check_deps_GetUserInputActionFeedback
[  0%] Built target std_msgs_generate_messages_nodejs
[  0%] Built target _pal_web_msgs_generate_messages_check_deps_GetUserInputAction
[  0%] Built target _pal_web_msgs_generate_messages_check_deps_GetUserInputResult
[  0%] Built target actionlib_msgs_generate_messages_nodejs
[  0%] Built target actionlib_msgs_generate_messages_lisp
[  0%] Built target pal_interaction_msgs_generate_messages_lisp
[  0%] Built target std_msgs_generate_messages_lisp
[  0%] Built target actionlib_msgs_generate_messages_eus
[  0%] Built target pal_interaction_msgs_generate_messages_eus
[  0%] Built target std_msgs_generate_messages_eus
[  0%] Built target std_msgs_generate_messages_cpp
[  0%] Built target pal_interaction_msgs_generate_messages_cpp
[  0%] Built target actionlib_msgs_generate_messages_cpp
[  0%] Built target actionlib_msgs_generate_messages_py
[  0%] Built target std_msgs_generate_messages_py
[  0%] Built target pal_interaction_msgs_generate_messages_py
[  2%] [34m[1mGenerating Javascript code from pal_web_msgs/GetUserInputActionFeedback.msg[0m
[  4%] [34m[1mGenerating Javascript code from pal_web_msgs/GetUserInputActionGoal.msg[0m
[  7%] [34m[1mGenerating Javascript code from pal_web_msgs/GetUserInputResult.msg[0m
[  9%] [34m[1mGenerating Javascript code from pal_web_msgs/GetUserInputGoal.msg[0m
[ 11%] [34m[1mGenerating Javascript code from pal_web_msgs/GetUserInputFeedback.msg[0m
[ 14%] [34m[1mGenerating Javascript code from pal_web_msgs/WebGoTo.msg[0m
[ 16%] [34m[1mGenerating Javascript code from pal_web_msgs/GetUserInputActionResult.msg[0m
[ 19%] [34m[1mGenerating Javascript code from pal_web_msgs/GetUserInputAction.msg[0m
[ 19%] Built target pal_web_msgs_generate_messages_nodejs
[ 21%] [34m[1mGenerating Lisp code from pal_web_msgs/GetUserInputActionFeedback.msg[0m
[ 23%] [34m[1mGenerating Lisp code from pal_web_msgs/GetUserInputActionGoal.msg[0m
[ 26%] [34m[1mGenerating Lisp code from pal_web_msgs/GetUserInputResult.msg[0m
[ 28%] [34m[1mGenerating Lisp code from pal_web_msgs/GetUserInputGoal.msg[0m
[ 30%] [34m[1mGenerating Lisp code from pal_web_msgs/GetUserInputFeedback.msg[0m
[ 33%] [34m[1mGenerating Lisp code from pal_web_msgs/WebGoTo.msg[0m
[ 35%] [34m[1mGenerating Lisp code from pal_web_msgs/GetUserInputActionResult.msg[0m
[ 38%] [34m[1mGenerating Lisp code from pal_web_msgs/GetUserInputAction.msg[0m
[ 38%] Built target pal_web_msgs_generate_messages_lisp
[ 40%] [34m[1mGenerating EusLisp code from pal_web_msgs/GetUserInputActionFeedback.msg[0m
[ 42%] [34m[1mGenerating EusLisp code from pal_web_msgs/GetUserInputActionGoal.msg[0m
[ 45%] [34m[1mGenerating EusLisp code from pal_web_msgs/GetUserInputResult.msg[0m
[ 47%] [34m[1mGenerating EusLisp code from pal_web_msgs/GetUserInputGoal.msg[0m
[ 50%] [34m[1mGenerating EusLisp code from pal_web_msgs/GetUserInputFeedback.msg[0m
[ 52%] [34m[1mGenerating EusLisp code from pal_web_msgs/WebGoTo.msg[0m
[ 54%] [34m[1mGenerating EusLisp code from pal_web_msgs/GetUserInputActionResult.msg[0m
[ 57%] [34m[1mGenerating EusLisp code from pal_web_msgs/GetUserInputAction.msg[0m
[ 59%] Built target pal_web_msgs_generate_messages_eus
[ 61%] [34m[1mGenerating C++ code from pal_web_msgs/GetUserInputActionFeedback.msg[0m
[ 64%] [34m[1mGenerating C++ code from pal_web_msgs/GetUserInputActionGoal.msg[0m
[ 66%] [34m[1mGenerating C++ code from pal_web_msgs/GetUserInputResult.msg[0m
[ 69%] [34m[1mGenerating C++ code from pal_web_msgs/GetUserInputGoal.msg[0m
[ 71%] [34m[1mGenerating C++ code from pal_web_msgs/GetUserInputFeedback.msg[0m
[ 73%] [34m[1mGenerating C++ code from pal_web_msgs/WebGoTo.msg[0m
[ 76%] [34m[1mGenerating C++ code from pal_web_msgs/GetUserInputActionResult.msg[0m
[ 78%] [34m[1mGenerating C++ code from pal_web_msgs/GetUserInputAction.msg[0m
[ 78%] Built target pal_web_msgs_generate_messages_cpp
[ 80%] [34m[1mGenerating Python from MSG pal_web_msgs/GetUserInputActionFeedback[0m
[ 83%] [34m[1mGenerating Python from MSG pal_web_msgs/GetUserInputActionGoal[0m
[ 85%] [34m[1mGenerating Python from MSG pal_web_msgs/GetUserInputResult[0m
[ 88%] [34m[1mGenerating Python from MSG pal_web_msgs/GetUserInputGoal[0m
[ 90%] [34m[1mGenerating Python from MSG pal_web_msgs/GetUserInputFeedback[0m
[ 92%] [34m[1mGenerating Python from MSG pal_web_msgs/WebGoTo[0m
[ 95%] [34m[1mGenerating Python from MSG pal_web_msgs/GetUserInputActionResult[0m
[ 97%] [34m[1mGenerating Python from MSG pal_web_msgs/GetUserInputAction[0m
[100%] [34m[1mGenerating Python msg __init__.py for pal_web_msgs[0m
[100%] Built target pal_web_msgs_generate_messages_py
[100%] Built target pal_web_msgs_generate_messages
