[  0%] Built target dynamic_reconfigure_generate_messages_py
[  0%] Built target dynamic_reconfigure_gencfg
[  0%] Built target actionlib_msgs_generate_messages_nodejs
[ 16%] [34m[1mGenerating dynamic reconfigure files from cfg/CartesianController.cfg: /home/adrii/talos_public_ws/devel/.private/cartesian_controller_base/include/cartesian_controller_base/CartesianControllerConfig.h /home/adrii/talos_public_ws/devel/.private/cartesian_controller_base/lib/python2.7/dist-packages/cartesian_controller_base/cfg/CartesianControllerConfig.py[0m
[ 16%] Built target dynamic_reconfigure_generate_messages_cpp
[ 16%] Built target dynamic_reconfigure_generate_messages_eus
[ 16%] Built target dynamic_reconfigure_generate_messages_lisp
[ 33%] [34m[1mGenerating dynamic reconfigure files from cfg/PDGains.cfg: /home/adrii/talos_public_ws/devel/.private/cartesian_controller_base/include/cartesian_controller_base/PDGainsConfig.h /home/adrii/talos_public_ws/devel/.private/cartesian_controller_base/lib/python2.7/dist-packages/cartesian_controller_base/cfg/PDGainsConfig.py[0m
[ 33%] Built target trajectory_msgs_generate_messages_eus
[ 33%] Built target std_msgs_generate_messages_eus
[ 33%] Built target std_msgs_generate_messages_py
[ 33%] Built target roscpp_generate_messages_lisp
[ 33%] Built target rosgraph_msgs_generate_messages_py
[ 33%] Built target rosgraph_msgs_generate_messages_lisp
[ 33%] Built target roscpp_generate_messages_nodejs
Generating reconfiguration files for CartesianController in cartesian_controller_base
Generating reconfiguration files for PDGains in cartesian_controller_base
[ 33%] Built target rosgraph_msgs_generate_messages_nodejs
Wrote header file in /home/adrii/talos_public_ws/devel/.private/cartesian_controller_base/include/cartesian_controller_base/CartesianControllerConfig.h
Wrote header file in /home/adrii/talos_public_ws/devel/.private/cartesian_controller_base/include/cartesian_controller_base/PDGainsConfig.h
[ 33%] Built target std_msgs_generate_messages_cpp
[ 33%] Built target actionlib_msgs_generate_messages_cpp
[ 33%] Built target trajectory_msgs_generate_messages_py
[ 33%] Built target std_msgs_generate_messages_lisp
[ 33%] Built target geometry_msgs_generate_messages_lisp
[ 33%] Built target roscpp_generate_messages_eus
[ 33%] Built target cartesian_controller_base_gencfg
[ 33%] Built target roscpp_generate_messages_cpp
[ 33%] Built target geometry_msgs_generate_messages_eus
[ 33%] Built target actionlib_msgs_generate_messages_py
[ 33%] Built target geometry_msgs_generate_messages_nodejs
[ 33%] Built target control_msgs_generate_messages_eus
[ 33%] Built target rosgraph_msgs_generate_messages_eus
[ 33%] Built target roscpp_generate_messages_py
[ 33%] Built target trajectory_msgs_generate_messages_nodejs
[ 33%] Built target control_msgs_generate_messages_lisp
[ 33%] Built target trajectory_msgs_generate_messages_lisp
[ 33%] Built target rosgraph_msgs_generate_messages_cpp
[ 33%] Built target control_toolbox_generate_messages_cpp
[ 33%] Built target trajectory_msgs_generate_messages_cpp
[ 33%] Built target geometry_msgs_generate_messages_cpp
[ 33%] Built target std_msgs_generate_messages_nodejs
[ 33%] Built target geometry_msgs_generate_messages_py
[ 33%] Built target dynamic_reconfigure_generate_messages_nodejs
[ 33%] Built target control_toolbox_gencfg
[ 33%] Built target control_toolbox_generate_messages_lisp
[ 33%] Built target control_toolbox_generate_messages_eus
[ 33%] Built target control_toolbox_generate_messages_py
[ 33%] Built target actionlib_msgs_generate_messages_eus
[ 33%] Built target control_toolbox_generate_messages_nodejs
[ 33%] Built target control_msgs_generate_messages_py
[ 33%] Built target control_msgs_generate_messages_nodejs
[ 33%] Built target control_msgs_generate_messages_cpp
[ 33%] Built target actionlib_msgs_generate_messages_lisp
[35m[1mScanning dependencies of target cartesian_controller_base[0m
[ 50%] [32mBuilding CXX object CMakeFiles/cartesian_controller_base.dir/src/SpatialPDController.cpp.o[0m
[ 66%] [32mBuilding CXX object CMakeFiles/cartesian_controller_base.dir/src/PDController.cpp.o[0m
[ 83%] [32m[1mLinking CXX shared library /home/adrii/talos_public_ws/devel/.private/cartesian_controller_base/lib/libcartesian_controller_base.so[0m
[100%] Built target cartesian_controller_base
