Determining if the pthread_create exist failed with the following output:
Change Dir: /home/adrii/talos_public_ws/build/pal_statistics/CMakeFiles/CMakeTmp

Run Build Command:"/usr/bin/make" "cmTC_07bad/fast"
/usr/bin/make -f CMakeFiles/cmTC_07bad.dir/build.make CMakeFiles/cmTC_07bad.dir/build
make[1]: se entra en el directorio '/home/adrii/talos_public_ws/build/pal_statistics/CMakeFiles/CMakeTmp'
Building C object CMakeFiles/cmTC_07bad.dir/CheckSymbolExists.c.o
/usr/bin/cc     -o CMakeFiles/cmTC_07bad.dir/CheckSymbolExists.c.o   -c /home/adrii/talos_public_ws/build/pal_statistics/CMakeFiles/CMakeTmp/CheckSymbolExists.c
Linking C executable cmTC_07bad
/usr/bin/cmake -E cmake_link_script CMakeFiles/cmTC_07bad.dir/link.txt --verbose=1
/usr/bin/cc       CMakeFiles/cmTC_07bad.dir/CheckSymbolExists.c.o  -o cmTC_07bad -rdynamic 
CMakeFiles/cmTC_07bad.dir/CheckSymbolExists.c.o: En la función `main':
CheckSymbolExists.c:(.text+0x16): referencia a `pthread_create' sin definir
collect2: error: ld returned 1 exit status
CMakeFiles/cmTC_07bad.dir/build.make:97: fallo en las instrucciones para el objetivo 'cmTC_07bad'
make[1]: *** [cmTC_07bad] Error 1
make[1]: se sale del directorio '/home/adrii/talos_public_ws/build/pal_statistics/CMakeFiles/CMakeTmp'
Makefile:126: fallo en las instrucciones para el objetivo 'cmTC_07bad/fast'
make: *** [cmTC_07bad/fast] Error 2

File /home/adrii/talos_public_ws/build/pal_statistics/CMakeFiles/CMakeTmp/CheckSymbolExists.c:
/* */
#include <pthread.h>

int main(int argc, char** argv)
{
  (void)argv;
#ifndef pthread_create
  return ((int*)(&pthread_create))[argc];
#else
  (void)argc;
  return 0;
#endif
}

Determining if the function pthread_create exists in the pthreads failed with the following output:
Change Dir: /home/adrii/talos_public_ws/build/pal_statistics/CMakeFiles/CMakeTmp

Run Build Command:"/usr/bin/make" "cmTC_144a5/fast"
/usr/bin/make -f CMakeFiles/cmTC_144a5.dir/build.make CMakeFiles/cmTC_144a5.dir/build
make[1]: se entra en el directorio '/home/adrii/talos_public_ws/build/pal_statistics/CMakeFiles/CMakeTmp'
Building C object CMakeFiles/cmTC_144a5.dir/CheckFunctionExists.c.o
/usr/bin/cc    -DCHECK_FUNCTION_EXISTS=pthread_create   -o CMakeFiles/cmTC_144a5.dir/CheckFunctionExists.c.o   -c /usr/share/cmake-3.5/Modules/CheckFunctionExists.c
Linking C executable cmTC_144a5
/usr/bin/cmake -E cmake_link_script CMakeFiles/cmTC_144a5.dir/link.txt --verbose=1
/usr/bin/cc   -DCHECK_FUNCTION_EXISTS=pthread_create    CMakeFiles/cmTC_144a5.dir/CheckFunctionExists.c.o  -o cmTC_144a5 -rdynamic -lpthreads 
/usr/bin/ld: no se puede encontrar -lpthreads
collect2: error: ld returned 1 exit status
CMakeFiles/cmTC_144a5.dir/build.make:97: fallo en las instrucciones para el objetivo 'cmTC_144a5'
make[1]: *** [cmTC_144a5] Error 1
make[1]: se sale del directorio '/home/adrii/talos_public_ws/build/pal_statistics/CMakeFiles/CMakeTmp'
Makefile:126: fallo en las instrucciones para el objetivo 'cmTC_144a5/fast'
make: *** [cmTC_144a5/fast] Error 2


