[35m[1mScanning dependencies of target default_robot_hw_sim[0m
[ 12%] [32mBuilding CXX object CMakeFiles/default_robot_hw_sim.dir/src/default_robot_hw_sim.cpp.o[0m
In file included from [01m[K/home/adrii/talos_public_ws/src/ros_control/hardware_interface/include/hardware_interface/robot_hw.h:35:0[m[K,
                 from [01m[K/home/adrii/talos_public_ws/src/ros_control/transmission_interface/include/transmission_interface/transmission_interface_loader.h:57[m[K,
                 from [01m[K/home/adrii/talos_public_ws/src/gazebo_ros_pkgs/gazebo_ros_control/src/default_robot_hw_sim.cpp:48[m[K:
/home/adrii/talos_public_ws/src/ros_control/hardware_interface/include/hardware_interface/internal/interface_manager.h: In instantiation of ‘[01m[Kstatic char (& hardware_interface::CheckIsResourceManager<T>::callCM(std::vector<C*>&, C*, typename C::resource_manager_type*))[1] [with C = hardware_interface::JointModeInterface; T = hardware_interface::JointModeInterface; hardware_interface::CheckIsResourceManager<T>::yes = char [1]; typename C::resource_manager_type = hardware_interface::ResourceManager<hardware_interface::JointModeHandle>][m[K’:
[01m[K/home/adrii/talos_public_ws/src/ros_control/hardware_interface/include/hardware_interface/internal/interface_manager.h:83:14:[m[K   required from ‘[01m[Kstatic const void hardware_interface::CheckIsResourceManager<T>::callConcatManagers(std::vector<T*>&, T*) [with T = hardware_interface::JointModeInterface][m[K’
[01m[K/home/adrii/talos_public_ws/src/ros_control/hardware_interface/include/hardware_interface/internal/interface_manager.h:200:54:[m[K   required from ‘[01m[KT* hardware_interface::InterfaceManager::get() [with T = hardware_interface::JointModeInterface][m[K’
[01m[K/home/adrii/talos_public_ws/src/gazebo_ros_pkgs/gazebo_ros_control/src/default_robot_hw_sim.cpp:229:57:[m[K   required from here
[01m[K/home/adrii/talos_public_ws/src/ros_control/hardware_interface/include/hardware_interface/internal/interface_manager.h:73:9:[m[K [01;35m[Kwarning: [m[Kreference to local variable ‘[01m[Ktmp_yes[m[K’ returned [-Wreturn-local-addr]
     yes tmp_yes;
[01;32m[K         ^[m[K
[ 25%] [32mBuilding CXX object CMakeFiles/default_robot_hw_sim.dir/src/internal/joint_state.cpp.o[0m
In file included from [01m[K/home/adrii/talos_public_ws/src/ros_control/hardware_interface/include/hardware_interface/robot_hw.h:35:0[m[K,
                 from [01m[K/home/adrii/talos_public_ws/src/gazebo_ros_pkgs/gazebo_ros_control/src/internal/joint_state.cpp:36[m[K:
/home/adrii/talos_public_ws/src/ros_control/hardware_interface/include/hardware_interface/internal/interface_manager.h: In instantiation of ‘[01m[Kstatic char (& hardware_interface::CheckIsResourceManager<T>::callCM(std::vector<C*>&, C*, typename C::resource_manager_type*))[1] [with C = hardware_interface::JointStateInterface; T = hardware_interface::JointStateInterface; hardware_interface::CheckIsResourceManager<T>::yes = char [1]; typename C::resource_manager_type = hardware_interface::ResourceManager<hardware_interface::JointStateHandle>][m[K’:
[01m[K/home/adrii/talos_public_ws/src/ros_control/hardware_interface/include/hardware_interface/internal/interface_manager.h:83:14:[m[K   required from ‘[01m[Kstatic const void hardware_interface::CheckIsResourceManager<T>::callConcatManagers(std::vector<T*>&, T*) [with T = hardware_interface::JointStateInterface][m[K’
[01m[K/home/adrii/talos_public_ws/src/ros_control/hardware_interface/include/hardware_interface/internal/interface_manager.h:200:54:[m[K   required from ‘[01m[KT* hardware_interface::InterfaceManager::get() [with T = hardware_interface::JointStateInterface][m[K’
[01m[K/home/adrii/talos_public_ws/src/gazebo_ros_pkgs/gazebo_ros_control/src/internal/joint_state.cpp:83:78:[m[K   required from here
[01m[K/home/adrii/talos_public_ws/src/ros_control/hardware_interface/include/hardware_interface/internal/interface_manager.h:73:9:[m[K [01;35m[Kwarning: [m[Kreference to local variable ‘[01m[Ktmp_yes[m[K’ returned [-Wreturn-local-addr]
     yes tmp_yes;
[01;32m[K         ^[m[K
[ 37%] [32mBuilding CXX object CMakeFiles/default_robot_hw_sim.dir/src/internal/position_joint.cpp.o[0m
In file included from [01m[K/home/adrii/talos_public_ws/src/ros_control/hardware_interface/include/hardware_interface/robot_hw.h:35:0[m[K,
                 from [01m[K/home/adrii/talos_public_ws/src/gazebo_ros_pkgs/gazebo_ros_control/src/internal/position_joint.cpp:37[m[K:
/home/adrii/talos_public_ws/src/ros_control/hardware_interface/include/hardware_interface/internal/interface_manager.h: In instantiation of ‘[01m[Kstatic char (& hardware_interface::CheckIsResourceManager<T>::callCM(std::vector<C*>&, C*, typename C::resource_manager_type*))[1] [with C = hardware_interface::JointStateInterface; T = hardware_interface::JointStateInterface; hardware_interface::CheckIsResourceManager<T>::yes = char [1]; typename C::resource_manager_type = hardware_interface::ResourceManager<hardware_interface::JointStateHandle>][m[K’:
[01m[K/home/adrii/talos_public_ws/src/ros_control/hardware_interface/include/hardware_interface/internal/interface_manager.h:83:14:[m[K   required from ‘[01m[Kstatic const void hardware_interface::CheckIsResourceManager<T>::callConcatManagers(std::vector<T*>&, T*) [with T = hardware_interface::JointStateInterface][m[K’
[01m[K/home/adrii/talos_public_ws/src/ros_control/hardware_interface/include/hardware_interface/internal/interface_manager.h:200:54:[m[K   required from ‘[01m[KT* hardware_interface::InterfaceManager::get() [with T = hardware_interface::JointStateInterface][m[K’
[01m[K/home/adrii/talos_public_ws/src/gazebo_ros_pkgs/gazebo_ros_control/src/internal/position_joint.cpp:84:78:[m[K   required from here
[01m[K/home/adrii/talos_public_ws/src/ros_control/hardware_interface/include/hardware_interface/internal/interface_manager.h:73:9:[m[K [01;35m[Kwarning: [m[Kreference to local variable ‘[01m[Ktmp_yes[m[K’ returned [-Wreturn-local-addr]
     yes tmp_yes;
[01;32m[K         ^[m[K
/home/adrii/talos_public_ws/src/ros_control/hardware_interface/include/hardware_interface/internal/interface_manager.h: In instantiation of ‘[01m[Kstatic char (& hardware_interface::CheckIsResourceManager<T>::callCM(std::vector<C*>&, C*, typename C::resource_manager_type*))[1] [with C = hardware_interface::PositionJointInterface; T = hardware_interface::PositionJointInterface; hardware_interface::CheckIsResourceManager<T>::yes = char [1]; typename C::resource_manager_type = hardware_interface::ResourceManager<hardware_interface::JointHandle>][m[K’:
[01m[K/home/adrii/talos_public_ws/src/ros_control/hardware_interface/include/hardware_interface/internal/interface_manager.h:83:14:[m[K   required from ‘[01m[Kstatic const void hardware_interface::CheckIsResourceManager<T>::callConcatManagers(std::vector<T*>&, T*) [with T = hardware_interface::PositionJointInterface][m[K’
[01m[K/home/adrii/talos_public_ws/src/ros_control/hardware_interface/include/hardware_interface/internal/interface_manager.h:200:54:[m[K   required from ‘[01m[KT* hardware_interface::InterfaceManager::get() [with T = hardware_interface::PositionJointInterface][m[K’
[01m[K/home/adrii/talos_public_ws/src/gazebo_ros_pkgs/gazebo_ros_control/src/internal/position_joint.cpp:88:85:[m[K   required from here
[01m[K/home/adrii/talos_public_ws/src/ros_control/hardware_interface/include/hardware_interface/internal/interface_manager.h:73:9:[m[K [01;35m[Kwarning: [m[Kreference to local variable ‘[01m[Ktmp_yes[m[K’ returned [-Wreturn-local-addr]
[ 50%] [32mBuilding CXX object CMakeFiles/default_robot_hw_sim.dir/src/internal/velocity_joint.cpp.o[0m
In file included from [01m[K/home/adrii/talos_public_ws/src/ros_control/hardware_interface/include/hardware_interface/robot_hw.h:35:0[m[K,
                 from [01m[K/home/adrii/talos_public_ws/src/gazebo_ros_pkgs/gazebo_ros_control/src/internal/velocity_joint.cpp:36[m[K:
/home/adrii/talos_public_ws/src/ros_control/hardware_interface/include/hardware_interface/internal/interface_manager.h: In instantiation of ‘[01m[Kstatic char (& hardware_interface::CheckIsResourceManager<T>::callCM(std::vector<C*>&, C*, typename C::resource_manager_type*))[1] [with C = hardware_interface::JointStateInterface; T = hardware_interface::JointStateInterface; hardware_interface::CheckIsResourceManager<T>::yes = char [1]; typename C::resource_manager_type = hardware_interface::ResourceManager<hardware_interface::JointStateHandle>][m[K’:
[01m[K/home/adrii/talos_public_ws/src/ros_control/hardware_interface/include/hardware_interface/internal/interface_manager.h:83:14:[m[K   required from ‘[01m[Kstatic const void hardware_interface::CheckIsResourceManager<T>::callConcatManagers(std::vector<T*>&, T*) [with T = hardware_interface::JointStateInterface][m[K’
[01m[K/home/adrii/talos_public_ws/src/ros_control/hardware_interface/include/hardware_interface/internal/interface_manager.h:200:54:[m[K   required from ‘[01m[KT* hardware_interface::InterfaceManager::get() [with T = hardware_interface::JointStateInterface][m[K’
[01m[K/home/adrii/talos_public_ws/src/gazebo_ros_pkgs/gazebo_ros_control/src/internal/velocity_joint.cpp:81:78:[m[K   required from here
[01m[K/home/adrii/talos_public_ws/src/ros_control/hardware_interface/include/hardware_interface/internal/interface_manager.h:73:9:[m[K [01;35m[Kwarning: [m[Kreference to local variable ‘[01m[Ktmp_yes[m[K’ returned [-Wreturn-local-addr]
     yes tmp_yes;
[01;32m[K         ^[m[K
/home/adrii/talos_public_ws/src/ros_control/hardware_interface/include/hardware_interface/internal/interface_manager.h: In instantiation of ‘[01m[Kstatic char (& hardware_interface::CheckIsResourceManager<T>::callCM(std::vector<C*>&, C*, typename C::resource_manager_type*))[1] [with C = hardware_interface::VelocityJointInterface; T = hardware_interface::VelocityJointInterface; hardware_interface::CheckIsResourceManager<T>::yes = char [1]; typename C::resource_manager_type = hardware_interface::ResourceManager<hardware_interface::JointHandle>][m[K’:
[01m[K/home/adrii/talos_public_ws/src/ros_control/hardware_interface/include/hardware_interface/internal/interface_manager.h:83:14:[m[K   required from ‘[01m[Kstatic const void hardware_interface::CheckIsResourceManager<T>::callConcatManagers(std::vector<T*>&, T*) [with T = hardware_interface::VelocityJointInterface][m[K’
[01m[K/home/adrii/talos_public_ws/src/ros_control/hardware_interface/include/hardware_interface/internal/interface_manager.h:200:54:[m[K   required from ‘[01m[KT* hardware_interface::InterfaceManager::get() [with T = hardware_interface::VelocityJointInterface][m[K’
[01m[K/home/adrii/talos_public_ws/src/gazebo_ros_pkgs/gazebo_ros_control/src/internal/velocity_joint.cpp:85:85:[m[K   required from here
[01m[K/home/adrii/talos_public_ws/src/ros_control/hardware_interface/include/hardware_interface/internal/interface_manager.h:73:9:[m[K [01;35m[Kwarning: [m[Kreference to local variable ‘[01m[Ktmp_yes[m[K’ returned [-Wreturn-local-addr]
[ 62%] [32mBuilding CXX object CMakeFiles/default_robot_hw_sim.dir/src/internal/effort_joint.cpp.o[0m
In file included from [01m[K/home/adrii/talos_public_ws/src/ros_control/hardware_interface/include/hardware_interface/robot_hw.h:35:0[m[K,
                 from [01m[K/home/adrii/talos_public_ws/src/gazebo_ros_pkgs/gazebo_ros_control/src/internal/effort_joint.cpp:35[m[K:
/home/adrii/talos_public_ws/src/ros_control/hardware_interface/include/hardware_interface/internal/interface_manager.h: In instantiation of ‘[01m[Kstatic char (& hardware_interface::CheckIsResourceManager<T>::callCM(std::vector<C*>&, C*, typename C::resource_manager_type*))[1] [with C = hardware_interface::JointStateInterface; T = hardware_interface::JointStateInterface; hardware_interface::CheckIsResourceManager<T>::yes = char [1]; typename C::resource_manager_type = hardware_interface::ResourceManager<hardware_interface::JointStateHandle>][m[K’:
[01m[K/home/adrii/talos_public_ws/src/ros_control/hardware_interface/include/hardware_interface/internal/interface_manager.h:83:14:[m[K   required from ‘[01m[Kstatic const void hardware_interface::CheckIsResourceManager<T>::callConcatManagers(std::vector<T*>&, T*) [with T = hardware_interface::JointStateInterface][m[K’
[01m[K/home/adrii/talos_public_ws/src/ros_control/hardware_interface/include/hardware_interface/internal/interface_manager.h:200:54:[m[K   required from ‘[01m[KT* hardware_interface::InterfaceManager::get() [with T = hardware_interface::JointStateInterface][m[K’
[01m[K/home/adrii/talos_public_ws/src/gazebo_ros_pkgs/gazebo_ros_control/src/internal/effort_joint.cpp:78:78:[m[K   required from here
[01m[K/home/adrii/talos_public_ws/src/ros_control/hardware_interface/include/hardware_interface/internal/interface_manager.h:73:9:[m[K [01;35m[Kwarning: [m[Kreference to local variable ‘[01m[Ktmp_yes[m[K’ returned [-Wreturn-local-addr]
     yes tmp_yes;
[01;32m[K         ^[m[K
/home/adrii/talos_public_ws/src/ros_control/hardware_interface/include/hardware_interface/internal/interface_manager.h: In instantiation of ‘[01m[Kstatic char (& hardware_interface::CheckIsResourceManager<T>::callCM(std::vector<C*>&, C*, typename C::resource_manager_type*))[1] [with C = hardware_interface::EffortJointInterface; T = hardware_interface::EffortJointInterface; hardware_interface::CheckIsResourceManager<T>::yes = char [1]; typename C::resource_manager_type = hardware_interface::ResourceManager<hardware_interface::JointHandle>][m[K’:
[01m[K/home/adrii/talos_public_ws/src/ros_control/hardware_interface/include/hardware_interface/internal/interface_manager.h:83:14:[m[K   required from ‘[01m[Kstatic const void hardware_interface::CheckIsResourceManager<T>::callConcatManagers(std::vector<T*>&, T*) [with T = hardware_interface::EffortJointInterface][m[K’
[01m[K/home/adrii/talos_public_ws/src/ros_control/hardware_interface/include/hardware_interface/internal/interface_manager.h:200:54:[m[K   required from ‘[01m[KT* hardware_interface::InterfaceManager::get() [with T = hardware_interface::EffortJointInterface][m[K’
[01m[K/home/adrii/talos_public_ws/src/gazebo_ros_pkgs/gazebo_ros_control/src/internal/effort_joint.cpp:82:81:[m[K   required from here
[01m[K/home/adrii/talos_public_ws/src/ros_control/hardware_interface/include/hardware_interface/internal/interface_manager.h:73:9:[m[K [01;35m[Kwarning: [m[Kreference to local variable ‘[01m[Ktmp_yes[m[K’ returned [-Wreturn-local-addr]
[35m[1mScanning dependencies of target gazebo_ros_control[0m
[ 75%] [32mBuilding CXX object CMakeFiles/gazebo_ros_control.dir/src/gazebo_ros_control_plugin.cpp.o[0m
[ 87%] [32m[1mLinking CXX shared library /home/adrii/talos_public_ws/devel/.private/gazebo_ros_control/lib/libdefault_robot_hw_sim.so[0m
[ 87%] Built target default_robot_hw_sim
[100%] [32m[1mLinking CXX shared library /home/adrii/talos_public_ws/devel/.private/gazebo_ros_control/lib/libgazebo_ros_control.so[0m
[100%] Built target gazebo_ros_control
