Determining if the pthread_create exist failed with the following output:
Change Dir: /home/adrii/talos_public_ws/build/gazebo_ros/CMakeFiles/CMakeTmp

Run Build Command:"/usr/bin/make" "cmTC_6ec9a/fast"
/usr/bin/make -f CMakeFiles/cmTC_6ec9a.dir/build.make CMakeFiles/cmTC_6ec9a.dir/build
make[1]: se entra en el directorio '/home/adrii/talos_public_ws/build/gazebo_ros/CMakeFiles/CMakeTmp'
Building C object CMakeFiles/cmTC_6ec9a.dir/CheckSymbolExists.c.o
/usr/bin/cc     -o CMakeFiles/cmTC_6ec9a.dir/CheckSymbolExists.c.o   -c /home/adrii/talos_public_ws/build/gazebo_ros/CMakeFiles/CMakeTmp/CheckSymbolExists.c
Linking C executable cmTC_6ec9a
/usr/bin/cmake -E cmake_link_script CMakeFiles/cmTC_6ec9a.dir/link.txt --verbose=1
/usr/bin/cc       CMakeFiles/cmTC_6ec9a.dir/CheckSymbolExists.c.o  -o cmTC_6ec9a -rdynamic 
CMakeFiles/cmTC_6ec9a.dir/CheckSymbolExists.c.o: En la función `main':
CheckSymbolExists.c:(.text+0x16): referencia a `pthread_create' sin definir
collect2: error: ld returned 1 exit status
CMakeFiles/cmTC_6ec9a.dir/build.make:97: fallo en las instrucciones para el objetivo 'cmTC_6ec9a'
make[1]: *** [cmTC_6ec9a] Error 1
make[1]: se sale del directorio '/home/adrii/talos_public_ws/build/gazebo_ros/CMakeFiles/CMakeTmp'
Makefile:126: fallo en las instrucciones para el objetivo 'cmTC_6ec9a/fast'
make: *** [cmTC_6ec9a/fast] Error 2

File /home/adrii/talos_public_ws/build/gazebo_ros/CMakeFiles/CMakeTmp/CheckSymbolExists.c:
/* */
#include <pthread.h>

int main(int argc, char** argv)
{
  (void)argv;
#ifndef pthread_create
  return ((int*)(&pthread_create))[argc];
#else
  (void)argc;
  return 0;
#endif
}

Determining if the function pthread_create exists in the pthreads failed with the following output:
Change Dir: /home/adrii/talos_public_ws/build/gazebo_ros/CMakeFiles/CMakeTmp

Run Build Command:"/usr/bin/make" "cmTC_25996/fast"
/usr/bin/make -f CMakeFiles/cmTC_25996.dir/build.make CMakeFiles/cmTC_25996.dir/build
make[1]: se entra en el directorio '/home/adrii/talos_public_ws/build/gazebo_ros/CMakeFiles/CMakeTmp'
Building C object CMakeFiles/cmTC_25996.dir/CheckFunctionExists.c.o
/usr/bin/cc    -DCHECK_FUNCTION_EXISTS=pthread_create   -o CMakeFiles/cmTC_25996.dir/CheckFunctionExists.c.o   -c /usr/share/cmake-3.5/Modules/CheckFunctionExists.c
Linking C executable cmTC_25996
/usr/bin/cmake -E cmake_link_script CMakeFiles/cmTC_25996.dir/link.txt --verbose=1
/usr/bin/cc   -DCHECK_FUNCTION_EXISTS=pthread_create    CMakeFiles/cmTC_25996.dir/CheckFunctionExists.c.o  -o cmTC_25996 -rdynamic -lpthreads 
/usr/bin/ld: no se puede encontrar -lpthreads
collect2: error: ld returned 1 exit status
CMakeFiles/cmTC_25996.dir/build.make:97: fallo en las instrucciones para el objetivo 'cmTC_25996'
make[1]: *** [cmTC_25996] Error 1
make[1]: se sale del directorio '/home/adrii/talos_public_ws/build/gazebo_ros/CMakeFiles/CMakeTmp'
Makefile:126: fallo en las instrucciones para el objetivo 'cmTC_25996/fast'
make: *** [cmTC_25996/fast] Error 2


