[  0%] Built target aruco_msgs_generate_messages_lisp
[  0%] Built target actionlib_msgs_generate_messages_lisp
[  0%] Built target tf2_msgs_generate_messages_lisp
[  0%] Built target aruco_msgs_generate_messages_nodejs
[  0%] Built target visualization_msgs_generate_messages_cpp
[  0%] Built target aruco_msgs_generate_messages_eus
[  0%] Built target visualization_msgs_generate_messages_lisp
[  0%] Built target aruco_msgs_generate_messages_py
[  8%] Built target aruco_ros_gencfg
[ 16%] [32m[1mLinking CXX shared library /home/adrii/talos_public_ws/devel/.private/aruco_ros/lib/libaruco_ros_utils.so[0m
[ 16%] Built target tf2_msgs_generate_messages_nodejs
[ 16%] Built target tf2_msgs_generate_messages_cpp
[ 16%] Built target visualization_msgs_generate_messages_nodejs
[ 16%] Built target actionlib_msgs_generate_messages_py
[ 16%] Built target tf2_msgs_generate_messages_eus
[ 16%] Built target visualization_msgs_generate_messages_py
[ 16%] Built target tf2_msgs_generate_messages_py
[ 16%] Built target actionlib_msgs_generate_messages_nodejs
[ 16%] Built target std_msgs_generate_messages_py
[ 16%] Built target actionlib_generate_messages_eus
[ 16%] Built target visualization_msgs_generate_messages_eus
[ 16%] Built target std_msgs_generate_messages_eus
[ 16%] Built target dynamic_reconfigure_generate_messages_eus
[ 16%] Built target dynamic_reconfigure_generate_messages_py
[ 16%] Built target dynamic_reconfigure_generate_messages_nodejs
[ 16%] Built target dynamic_reconfigure_generate_messages_lisp
[ 16%] Built target geometry_msgs_generate_messages_nodejs
[ 16%] Built target sensor_msgs_generate_messages_nodejs
[ 16%] Built target dynamic_reconfigure_generate_messages_cpp
[ 16%] Built target roscpp_generate_messages_lisp
[ 16%] Built target std_msgs_generate_messages_nodejs
[ 16%] Built target roscpp_generate_messages_eus
[ 16%] Built target geometry_msgs_generate_messages_py
[ 16%] Built target sensor_msgs_generate_messages_cpp
[ 16%] Built target geometry_msgs_generate_messages_cpp
[ 16%] Built target roscpp_generate_messages_cpp
[ 16%] Built target std_msgs_generate_messages_lisp
[ 16%] Built target sensor_msgs_generate_messages_lisp
[ 16%] Built target geometry_msgs_generate_messages_lisp
[ 16%] Built target tf_generate_messages_cpp
[ 16%] Built target dynamic_reconfigure_gencfg
[ 16%] Built target rosgraph_msgs_generate_messages_cpp
[ 16%] Built target rosgraph_msgs_generate_messages_lisp
[ 16%] Built target geometry_msgs_generate_messages_eus
[ 16%] Built target tf_generate_messages_lisp
[ 16%] Built target rosgraph_msgs_generate_messages_eus
[ 16%] Built target tf_generate_messages_eus
[ 16%] Built target roscpp_generate_messages_nodejs
[ 16%] Built target rosgraph_msgs_generate_messages_nodejs
[ 16%] Built target roscpp_generate_messages_py
[ 16%] Built target tf_generate_messages_nodejs
[ 16%] Built target tf_generate_messages_py
[ 16%] Built target rosgraph_msgs_generate_messages_py
[ 16%] Built target actionlib_generate_messages_cpp
[ 16%] Built target std_msgs_generate_messages_cpp
[ 16%] Built target sensor_msgs_generate_messages_py
[ 16%] Built target actionlib_generate_messages_lisp
[ 16%] Built target actionlib_generate_messages_nodejs
[ 16%] Built target actionlib_msgs_generate_messages_cpp
[ 16%] Built target actionlib_msgs_generate_messages_eus
[ 16%] Built target aruco_msgs_generate_messages_cpp
[ 16%] Built target sensor_msgs_generate_messages_eus
[ 16%] Built target actionlib_generate_messages_py
[ 25%] [32m[1mLinking CXX executable /home/adrii/talos_public_ws/devel/.private/aruco_ros/lib/aruco_ros/single[0m
[ 33%] [32m[1mLinking CXX executable /home/adrii/talos_public_ws/devel/.private/aruco_ros/lib/aruco_ros/double[0m
[ 41%] [32m[1mLinking CXX executable /home/adrii/talos_public_ws/devel/.private/aruco_ros/lib/aruco_ros/marker_publisher[0m
[ 50%] Built target aruco_ros_utils
[ 66%] Built target marker_publisher
[ 83%] Built target single
[100%] Built target double
