[  0%] Built target actionlib_msgs_generate_messages_lisp
[  0%] Built target trajectory_msgs_generate_messages_py
[  0%] Built target trajectory_msgs_generate_messages_nodejs
[  0%] Built target trajectory_msgs_generate_messages_lisp
[  0%] Built target trajectory_msgs_generate_messages_eus
[  0%] Built target gazebo_msgs_generate_messages_py
[  0%] Built target dynamic_reconfigure_gencfg
[  0%] Built target dynamic_reconfigure_generate_messages_py
[  0%] Built target dynamic_reconfigure_generate_messages_nodejs
[  0%] Built target dynamic_reconfigure_generate_messages_lisp
[  0%] Built target dynamic_reconfigure_generate_messages_eus
[  0%] Built target dynamic_reconfigure_generate_messages_cpp
[  0%] Built target tf2_msgs_generate_messages_nodejs
[  0%] Built target tf2_msgs_generate_messages_lisp
[  0%] Built target tf2_msgs_generate_messages_eus
[  0%] Built target tf2_msgs_generate_messages_cpp
[  0%] Built target actionlib_msgs_generate_messages_py
[  0%] Built target geometry_msgs_generate_messages_nodejs
[  0%] Built target roscpp_generate_messages_lisp
[  0%] Built target geometry_msgs_generate_messages_eus
[  0%] Built target roscpp_generate_messages_cpp
[  0%] Built target std_msgs_generate_messages_py
[  0%] Built target roscpp_generate_messages_nodejs
[ 20%] Built target gazebo_ros_gencfg
[ 20%] Built target rosgraph_msgs_generate_messages_lisp
[ 20%] Built target std_srvs_generate_messages_cpp
[ 20%] Built target tf_generate_messages_eus
[ 20%] Built target std_srvs_generate_messages_lisp
[ 20%] Built target geometry_msgs_generate_messages_lisp
[ 20%] Built target std_msgs_generate_messages_lisp
[ 20%] Built target rosgraph_msgs_generate_messages_nodejs
[ 20%] Built target trajectory_msgs_generate_messages_cpp
[ 20%] Built target geometry_msgs_generate_messages_cpp
[ 20%] Built target sensor_msgs_generate_messages_nodejs
[ 20%] Built target rosgraph_msgs_generate_messages_cpp
[ 20%] Built target gazebo_msgs_generate_messages_nodejs
[ 20%] Built target gazebo_msgs_generate_messages_cpp
[ 20%] Built target geometry_msgs_generate_messages_py
[ 20%] Built target std_msgs_generate_messages_nodejs
[ 20%] Built target roscpp_generate_messages_eus
[ 20%] Built target std_msgs_generate_messages_eus
[ 20%] Built target std_srvs_generate_messages_py
[ 20%] Built target gazebo_msgs_generate_messages_eus
[ 20%] Built target rosgraph_msgs_generate_messages_eus
[ 20%] Built target std_srvs_generate_messages_eus
[ 20%] Built target tf_generate_messages_cpp
[ 20%] Built target actionlib_generate_messages_eus
[ 20%] Built target std_srvs_generate_messages_nodejs
[ 20%] Built target rosgraph_msgs_generate_messages_py
[ 20%] Built target tf_generate_messages_lisp
[ 20%] Built target roscpp_generate_messages_py
[ 20%] Built target tf_generate_messages_nodejs
[ 20%] Built target tf_generate_messages_py
[ 20%] Built target sensor_msgs_generate_messages_cpp
[ 20%] Built target gazebo_msgs_generate_messages_lisp
[ 20%] Built target sensor_msgs_generate_messages_lisp
[ 20%] Built target sensor_msgs_generate_messages_py
[ 20%] Built target actionlib_generate_messages_cpp
[ 20%] Built target tf2_msgs_generate_messages_py
[ 20%] Built target actionlib_msgs_generate_messages_nodejs
[ 20%] Built target actionlib_msgs_generate_messages_eus
[ 20%] Built target actionlib_generate_messages_lisp
[ 20%] Built target actionlib_msgs_generate_messages_cpp
[ 20%] Built target std_msgs_generate_messages_cpp
[ 20%] Built target sensor_msgs_generate_messages_eus
[ 20%] Built target actionlib_generate_messages_nodejs
[ 20%] Built target actionlib_generate_messages_py
[ 60%] Built target gazebo_ros_paths_plugin
[ 80%] [32mBuilding CXX object CMakeFiles/gazebo_ros_api_plugin.dir/src/gazebo_ros_api_plugin.cpp.o[0m
[100%] [32m[1mLinking CXX shared library /home/adrii/talos_public_ws/devel/.private/gazebo_ros/lib/libgazebo_ros_api_plugin.so[0m
[100%] Built target gazebo_ros_api_plugin
