[  0%] Built target actionlib_msgs_generate_messages_lisp
[  0%] Built target trajectory_msgs_generate_messages_py
[  0%] Built target trajectory_msgs_generate_messages_nodejs
[  0%] Built target trajectory_msgs_generate_messages_lisp
[  0%] Built target trajectory_msgs_generate_messages_eus
[  0%] Built target gazebo_msgs_generate_messages_py
[  0%] Built target dynamic_reconfigure_gencfg
[  0%] Built target dynamic_reconfigure_generate_messages_py
[  0%] Built target dynamic_reconfigure_generate_messages_nodejs
[  0%] Built target dynamic_reconfigure_generate_messages_lisp
[  0%] Built target dynamic_reconfigure_generate_messages_eus
[  0%] Built target dynamic_reconfigure_generate_messages_cpp
[  0%] Built target tf2_msgs_generate_messages_nodejs
[  0%] Built target tf2_msgs_generate_messages_lisp
[  0%] Built target tf2_msgs_generate_messages_eus
[  0%] Built target tf2_msgs_generate_messages_cpp
[  0%] Built target actionlib_msgs_generate_messages_py
[  0%] Built target geometry_msgs_generate_messages_nodejs
[  0%] Built target roscpp_generate_messages_lisp
[  0%] Built target geometry_msgs_generate_messages_eus
[  0%] Built target roscpp_generate_messages_cpp
[  0%] Built target std_msgs_generate_messages_py
[  0%] Built target roscpp_generate_messages_nodejs
[ 20%] [34m[1mGenerating dynamic reconfigure files from cfg/Physics.cfg: /home/adrii/talos_public_ws/devel/.private/gazebo_ros/include/gazebo_ros/PhysicsConfig.h /home/adrii/talos_public_ws/devel/.private/gazebo_ros/lib/python2.7/dist-packages/gazebo_ros/cfg/PhysicsConfig.py[0m
Generating reconfiguration files for Physics in gazebo_ros
Wrote header file in /home/adrii/talos_public_ws/devel/.private/gazebo_ros/include/gazebo_ros/PhysicsConfig.h
[ 20%] Built target rosgraph_msgs_generate_messages_lisp
[ 20%] Built target gazebo_ros_gencfg
[ 20%] Built target std_srvs_generate_messages_cpp
[ 20%] Built target tf_generate_messages_eus
[ 20%] Built target std_srvs_generate_messages_lisp
[ 20%] Built target geometry_msgs_generate_messages_lisp
[ 20%] Built target std_msgs_generate_messages_lisp
[ 20%] Built target rosgraph_msgs_generate_messages_nodejs
[ 20%] Built target trajectory_msgs_generate_messages_cpp
[ 20%] Built target geometry_msgs_generate_messages_cpp
[ 20%] Built target sensor_msgs_generate_messages_nodejs
[ 20%] Built target rosgraph_msgs_generate_messages_cpp
[ 20%] Built target gazebo_msgs_generate_messages_nodejs
[ 20%] Built target gazebo_msgs_generate_messages_cpp
[ 20%] Built target geometry_msgs_generate_messages_py
[ 20%] Built target std_msgs_generate_messages_nodejs
[ 20%] Built target roscpp_generate_messages_eus
[ 20%] Built target std_msgs_generate_messages_eus
[ 20%] Built target std_srvs_generate_messages_py
[ 20%] Built target gazebo_msgs_generate_messages_eus
[ 20%] Built target rosgraph_msgs_generate_messages_eus
[ 20%] Built target std_srvs_generate_messages_eus
[ 20%] Built target tf_generate_messages_cpp
[ 20%] Built target actionlib_generate_messages_eus
[ 20%] Built target std_srvs_generate_messages_nodejs
[ 20%] Built target rosgraph_msgs_generate_messages_py
[ 20%] Built target tf_generate_messages_lisp
[ 20%] Built target roscpp_generate_messages_py
[ 20%] Built target tf_generate_messages_nodejs
[ 20%] Built target tf_generate_messages_py
[ 20%] Built target sensor_msgs_generate_messages_cpp
[ 20%] Built target gazebo_msgs_generate_messages_lisp
[ 20%] Built target sensor_msgs_generate_messages_lisp
[ 20%] Built target sensor_msgs_generate_messages_py
[ 20%] Built target actionlib_generate_messages_cpp
[ 20%] Built target tf2_msgs_generate_messages_py
[ 20%] Built target actionlib_msgs_generate_messages_nodejs
[ 20%] Built target actionlib_msgs_generate_messages_eus
[ 20%] Built target actionlib_msgs_generate_messages_cpp
[ 20%] Built target actionlib_generate_messages_lisp
[ 20%] Built target std_msgs_generate_messages_cpp
[ 20%] Built target actionlib_generate_messages_nodejs
[ 20%] Built target sensor_msgs_generate_messages_eus
[ 20%] Built target actionlib_generate_messages_py
[35m[1mScanning dependencies of target gazebo_ros_paths_plugin[0m
[35m[1mScanning dependencies of target gazebo_ros_api_plugin[0m
[ 40%] [32mBuilding CXX object CMakeFiles/gazebo_ros_paths_plugin.dir/src/gazebo_ros_paths_plugin.cpp.o[0m
[ 60%] [32mBuilding CXX object CMakeFiles/gazebo_ros_api_plugin.dir/src/gazebo_ros_api_plugin.cpp.o[0m
In file included from [01m[K/usr/include/gazebo-7/gazebo/physics/Entity.hh:30:0[m[K,
                 from [01m[K/usr/include/gazebo-7/gazebo/physics/Model.hh:34[m[K,
                 from [01m[K/usr/include/gazebo-7/gazebo/physics/Actor.hh:24[m[K,
                 from [01m[K/usr/include/gazebo-7/gazebo/physics/physics.hh:2[m[K,
                 from [01m[K/home/adrii/talos_public_ws/src/gazebo_ros_pkgs/gazebo_ros/include/gazebo_ros/gazebo_ros_api_plugin.h:34[m[K,
                 from [01m[K/home/adrii/talos_public_ws/src/gazebo_ros_pkgs/gazebo_ros/src/gazebo_ros_api_plugin.cpp:25[m[K:
[01m[K/usr/include/gazebo-7/gazebo/msgs/msgs.hh:24:37:[m[K [01;31m[Kfatal error: [m[Kignition/math/Inertial.hh: No existe el archivo o el directorio
compilation terminated.
CMakeFiles/gazebo_ros_api_plugin.dir/build.make:62: fallo en las instrucciones para el objetivo 'CMakeFiles/gazebo_ros_api_plugin.dir/src/gazebo_ros_api_plugin.cpp.o'
make[2]: *** [CMakeFiles/gazebo_ros_api_plugin.dir/src/gazebo_ros_api_plugin.cpp.o] Error 1
CMakeFiles/Makefile2:716: fallo en las instrucciones para el objetivo 'CMakeFiles/gazebo_ros_api_plugin.dir/all'
make[1]: *** [CMakeFiles/gazebo_ros_api_plugin.dir/all] Error 2
make[1]: *** Se espera a que terminen otras tareas....
[ 80%] [32m[1mLinking CXX shared library /home/adrii/talos_public_ws/devel/.private/gazebo_ros/lib/libgazebo_ros_paths_plugin.so[0m
[ 80%] Built target gazebo_ros_paths_plugin
Makefile:127: fallo en las instrucciones para el objetivo 'all'
make: *** [all] Error 2
