[  0%] Built target _pal_walking_msgs_generate_messages_check_deps_ContactState
[  0%] Built target _pal_walking_msgs_generate_messages_check_deps_MoveHipFeet
[  0%] Built target _pal_walking_msgs_generate_messages_check_deps_WalkSteps
[  0%] Built target humanoid_nav_msgs_generate_messages_py
[  0%] Built target _pal_walking_msgs_generate_messages_check_deps_StepOver
[  0%] Built target geometry_msgs_generate_messages_py
[  0%] Built target _pal_walking_msgs_generate_messages_check_deps_Sit
[  0%] Built target _pal_walking_msgs_generate_messages_check_deps_WalkingStep
[  0%] Built target _pal_walking_msgs_generate_messages_check_deps_SMStatus
[  0%] Built target geometry_msgs_generate_messages_eus
[  0%] Built target _pal_walking_msgs_generate_messages_check_deps_WalkingStatus
[  0%] Built target humanoid_nav_msgs_generate_messages_eus
[  0%] Built target humanoid_nav_msgs_generate_messages_cpp
[  0%] Built target geometry_msgs_generate_messages_cpp
[  0%] Built target humanoid_nav_msgs_generate_messages_lisp
[  0%] Built target geometry_msgs_generate_messages_lisp
[  0%] Built target geometry_msgs_generate_messages_nodejs
[  0%] Built target humanoid_nav_msgs_generate_messages_nodejs
[  2%] [34m[1mGenerating Python from MSG pal_walking_msgs/SMStatus[0m
[  4%] [34m[1mGenerating Python from MSG pal_walking_msgs/ContactState[0m
[  6%] [34m[1mGenerating Python from MSG pal_walking_msgs/WalkingStatus[0m
[  9%] [34m[1mGenerating Python from MSG pal_walking_msgs/WalkingStep[0m
[ 11%] [34m[1mGenerating Python code from SRV pal_walking_msgs/StepOver[0m
[ 13%] [34m[1mGenerating Python code from SRV pal_walking_msgs/MoveHipFeet[0m
[ 16%] [34m[1mGenerating Python code from SRV pal_walking_msgs/Sit[0m
[ 18%] [34m[1mGenerating Python code from SRV pal_walking_msgs/WalkSteps[0m
[ 20%] [34m[1mGenerating Python msg __init__.py for pal_walking_msgs[0m
[ 23%] [34m[1mGenerating Python srv __init__.py for pal_walking_msgs[0m
[ 23%] Built target pal_walking_msgs_generate_messages_py
[ 25%] [34m[1mGenerating EusLisp code from pal_walking_msgs/SMStatus.msg[0m
[ 27%] [34m[1mGenerating EusLisp code from pal_walking_msgs/ContactState.msg[0m
[ 30%] [34m[1mGenerating EusLisp code from pal_walking_msgs/WalkingStatus.msg[0m
[ 32%] [34m[1mGenerating EusLisp code from pal_walking_msgs/WalkingStep.msg[0m
[ 34%] [34m[1mGenerating EusLisp code from pal_walking_msgs/StepOver.srv[0m
[ 37%] [34m[1mGenerating EusLisp code from pal_walking_msgs/MoveHipFeet.srv[0m
[ 39%] [34m[1mGenerating EusLisp code from pal_walking_msgs/Sit.srv[0m
[ 41%] [34m[1mGenerating EusLisp code from pal_walking_msgs/WalkSteps.srv[0m
[ 44%] Built target pal_walking_msgs_generate_messages_eus
[ 46%] [34m[1mGenerating C++ code from pal_walking_msgs/SMStatus.msg[0m
[ 48%] [34m[1mGenerating C++ code from pal_walking_msgs/ContactState.msg[0m
[ 51%] [34m[1mGenerating C++ code from pal_walking_msgs/WalkingStatus.msg[0m
[ 53%] [34m[1mGenerating C++ code from pal_walking_msgs/WalkingStep.msg[0m
[ 55%] [34m[1mGenerating C++ code from pal_walking_msgs/StepOver.srv[0m
[ 58%] [34m[1mGenerating C++ code from pal_walking_msgs/MoveHipFeet.srv[0m
[ 60%] [34m[1mGenerating C++ code from pal_walking_msgs/Sit.srv[0m
[ 62%] [34m[1mGenerating Lisp code from pal_walking_msgs/SMStatus.msg[0m
[ 65%] [34m[1mGenerating Lisp code from pal_walking_msgs/ContactState.msg[0m
[ 67%] [34m[1mGenerating Lisp code from pal_walking_msgs/WalkingStatus.msg[0m
[ 69%] [34m[1mGenerating C++ code from pal_walking_msgs/WalkSteps.srv[0m
[ 72%] [34m[1mGenerating Lisp code from pal_walking_msgs/WalkingStep.msg[0m
[ 74%] [34m[1mGenerating Lisp code from pal_walking_msgs/StepOver.srv[0m
[ 76%] [34m[1mGenerating Lisp code from pal_walking_msgs/MoveHipFeet.srv[0m
[ 79%] [34m[1mGenerating Lisp code from pal_walking_msgs/Sit.srv[0m
[ 81%] [34m[1mGenerating Lisp code from pal_walking_msgs/WalkSteps.srv[0m
[ 81%] Built target pal_walking_msgs_generate_messages_lisp
[ 81%] Built target pal_walking_msgs_generate_messages_cpp
[ 83%] [34m[1mGenerating Javascript code from pal_walking_msgs/SMStatus.msg[0m
[ 88%] [34m[1mGenerating Javascript code from pal_walking_msgs/WalkingStatus.msg[0m
[ 88%] [34m[1mGenerating Javascript code from pal_walking_msgs/ContactState.msg[0m
[ 90%] [34m[1mGenerating Javascript code from pal_walking_msgs/WalkingStep.msg[0m
[ 93%] [34m[1mGenerating Javascript code from pal_walking_msgs/StepOver.srv[0m
[ 95%] [34m[1mGenerating Javascript code from pal_walking_msgs/MoveHipFeet.srv[0m
[ 97%] [34m[1mGenerating Javascript code from pal_walking_msgs/Sit.srv[0m
[100%] [34m[1mGenerating Javascript code from pal_walking_msgs/WalkSteps.srv[0m
[100%] Built target pal_walking_msgs_generate_messages_nodejs
[100%] Built target pal_walking_msgs_generate_messages
