Determining if the pthread_create exist failed with the following output:
Change Dir: /home/adrii/talos_public_ws/build/astronaut_controllers/CMakeFiles/CMakeTmp

Run Build Command:"/usr/bin/make" "cmTC_bf598/fast"
/usr/bin/make -f CMakeFiles/cmTC_bf598.dir/build.make CMakeFiles/cmTC_bf598.dir/build
make[1]: se entra en el directorio '/home/adrii/talos_public_ws/build/astronaut_controllers/CMakeFiles/CMakeTmp'
Building C object CMakeFiles/cmTC_bf598.dir/CheckSymbolExists.c.o
/usr/bin/cc     -o CMakeFiles/cmTC_bf598.dir/CheckSymbolExists.c.o   -c /home/adrii/talos_public_ws/build/astronaut_controllers/CMakeFiles/CMakeTmp/CheckSymbolExists.c
Linking C executable cmTC_bf598
/usr/bin/cmake -E cmake_link_script CMakeFiles/cmTC_bf598.dir/link.txt --verbose=1
/usr/bin/cc       CMakeFiles/cmTC_bf598.dir/CheckSymbolExists.c.o  -o cmTC_bf598 -rdynamic 
CMakeFiles/cmTC_bf598.dir/CheckSymbolExists.c.o: En la función `main':
CheckSymbolExists.c:(.text+0x16): referencia a `pthread_create' sin definir
collect2: error: ld returned 1 exit status
CMakeFiles/cmTC_bf598.dir/build.make:97: fallo en las instrucciones para el objetivo 'cmTC_bf598'
make[1]: *** [cmTC_bf598] Error 1
make[1]: se sale del directorio '/home/adrii/talos_public_ws/build/astronaut_controllers/CMakeFiles/CMakeTmp'
Makefile:126: fallo en las instrucciones para el objetivo 'cmTC_bf598/fast'
make: *** [cmTC_bf598/fast] Error 2

File /home/adrii/talos_public_ws/build/astronaut_controllers/CMakeFiles/CMakeTmp/CheckSymbolExists.c:
/* */
#include <pthread.h>

int main(int argc, char** argv)
{
  (void)argv;
#ifndef pthread_create
  return ((int*)(&pthread_create))[argc];
#else
  (void)argc;
  return 0;
#endif
}

Determining if the function pthread_create exists in the pthreads failed with the following output:
Change Dir: /home/adrii/talos_public_ws/build/astronaut_controllers/CMakeFiles/CMakeTmp

Run Build Command:"/usr/bin/make" "cmTC_4e8d6/fast"
/usr/bin/make -f CMakeFiles/cmTC_4e8d6.dir/build.make CMakeFiles/cmTC_4e8d6.dir/build
make[1]: se entra en el directorio '/home/adrii/talos_public_ws/build/astronaut_controllers/CMakeFiles/CMakeTmp'
Building C object CMakeFiles/cmTC_4e8d6.dir/CheckFunctionExists.c.o
/usr/bin/cc    -DCHECK_FUNCTION_EXISTS=pthread_create   -o CMakeFiles/cmTC_4e8d6.dir/CheckFunctionExists.c.o   -c /usr/share/cmake-3.5/Modules/CheckFunctionExists.c
Linking C executable cmTC_4e8d6
/usr/bin/cmake -E cmake_link_script CMakeFiles/cmTC_4e8d6.dir/link.txt --verbose=1
/usr/bin/cc   -DCHECK_FUNCTION_EXISTS=pthread_create    CMakeFiles/cmTC_4e8d6.dir/CheckFunctionExists.c.o  -o cmTC_4e8d6 -rdynamic -lpthreads 
/usr/bin/ld: no se puede encontrar -lpthreads
collect2: error: ld returned 1 exit status
CMakeFiles/cmTC_4e8d6.dir/build.make:97: fallo en las instrucciones para el objetivo 'cmTC_4e8d6'
make[1]: *** [cmTC_4e8d6] Error 1
make[1]: se sale del directorio '/home/adrii/talos_public_ws/build/astronaut_controllers/CMakeFiles/CMakeTmp'
Makefile:126: fallo en las instrucciones para el objetivo 'cmTC_4e8d6/fast'
make: *** [cmTC_4e8d6/fast] Error 2


