Determining if the pthread_create exist failed with the following output:
Change Dir: /home/adrii/talos_public_ws/build/pal_gazebo_plugins/CMakeFiles/CMakeTmp

Run Build Command:"/usr/bin/make" "cmTC_e7015/fast"
/usr/bin/make -f CMakeFiles/cmTC_e7015.dir/build.make CMakeFiles/cmTC_e7015.dir/build
make[1]: se entra en el directorio '/home/adrii/talos_public_ws/build/pal_gazebo_plugins/CMakeFiles/CMakeTmp'
Building C object CMakeFiles/cmTC_e7015.dir/CheckSymbolExists.c.o
/usr/bin/cc     -o CMakeFiles/cmTC_e7015.dir/CheckSymbolExists.c.o   -c /home/adrii/talos_public_ws/build/pal_gazebo_plugins/CMakeFiles/CMakeTmp/CheckSymbolExists.c
Linking C executable cmTC_e7015
/usr/bin/cmake -E cmake_link_script CMakeFiles/cmTC_e7015.dir/link.txt --verbose=1
/usr/bin/cc       CMakeFiles/cmTC_e7015.dir/CheckSymbolExists.c.o  -o cmTC_e7015 -rdynamic 
CMakeFiles/cmTC_e7015.dir/CheckSymbolExists.c.o: En la función `main':
CheckSymbolExists.c:(.text+0x16): referencia a `pthread_create' sin definir
collect2: error: ld returned 1 exit status
CMakeFiles/cmTC_e7015.dir/build.make:97: fallo en las instrucciones para el objetivo 'cmTC_e7015'
make[1]: *** [cmTC_e7015] Error 1
make[1]: se sale del directorio '/home/adrii/talos_public_ws/build/pal_gazebo_plugins/CMakeFiles/CMakeTmp'
Makefile:126: fallo en las instrucciones para el objetivo 'cmTC_e7015/fast'
make: *** [cmTC_e7015/fast] Error 2

File /home/adrii/talos_public_ws/build/pal_gazebo_plugins/CMakeFiles/CMakeTmp/CheckSymbolExists.c:
/* */
#include <pthread.h>

int main(int argc, char** argv)
{
  (void)argv;
#ifndef pthread_create
  return ((int*)(&pthread_create))[argc];
#else
  (void)argc;
  return 0;
#endif
}

Determining if the function pthread_create exists in the pthreads failed with the following output:
Change Dir: /home/adrii/talos_public_ws/build/pal_gazebo_plugins/CMakeFiles/CMakeTmp

Run Build Command:"/usr/bin/make" "cmTC_70a9f/fast"
/usr/bin/make -f CMakeFiles/cmTC_70a9f.dir/build.make CMakeFiles/cmTC_70a9f.dir/build
make[1]: se entra en el directorio '/home/adrii/talos_public_ws/build/pal_gazebo_plugins/CMakeFiles/CMakeTmp'
Building C object CMakeFiles/cmTC_70a9f.dir/CheckFunctionExists.c.o
/usr/bin/cc    -DCHECK_FUNCTION_EXISTS=pthread_create   -o CMakeFiles/cmTC_70a9f.dir/CheckFunctionExists.c.o   -c /usr/share/cmake-3.5/Modules/CheckFunctionExists.c
Linking C executable cmTC_70a9f
/usr/bin/cmake -E cmake_link_script CMakeFiles/cmTC_70a9f.dir/link.txt --verbose=1
/usr/bin/cc   -DCHECK_FUNCTION_EXISTS=pthread_create    CMakeFiles/cmTC_70a9f.dir/CheckFunctionExists.c.o  -o cmTC_70a9f -rdynamic -lpthreads 
/usr/bin/ld: no se puede encontrar -lpthreads
collect2: error: ld returned 1 exit status
CMakeFiles/cmTC_70a9f.dir/build.make:97: fallo en las instrucciones para el objetivo 'cmTC_70a9f'
make[1]: *** [cmTC_70a9f] Error 1
make[1]: se sale del directorio '/home/adrii/talos_public_ws/build/pal_gazebo_plugins/CMakeFiles/CMakeTmp'
Makefile:126: fallo en las instrucciones para el objetivo 'cmTC_70a9f/fast'
make: *** [cmTC_70a9f/fast] Error 2


