Not searching for unused variables given on the command line.
[36m--[0m Using CATKIN_DEVEL_PREFIX: /home/adrii/talos_public_ws/devel/.private/backward_ros
[36m--[0m Using CMAKE_PREFIX_PATH: /home/adrii/talos_public_ws/devel;/opt/ros/kinetic
[36m--[0m This workspace overlays: /home/adrii/talos_public_ws/devel;/opt/ros/kinetic
[36m--[0m Using PYTHON_EXECUTABLE: /usr/bin/python2
[36m--[0m Using Debian Python package layout
[36m--[0m Using empy: /usr/bin/empy
[36m--[0m Using CATKIN_ENABLE_TESTING: 0
[36m--[0m catkin 0.7.29
[36m--[0m BUILD_SHARED_LIBS is on
[36m--[0m Could NOT find libdw (missing:  LIBDW_LIBRARY LIBDW_INCLUDE_DIR)
[36m--[0m Could NOT find libbfd (missing:  LIBBFD_LIBRARY LIBBFD_INCLUDE_DIR)
[36m--[0m BACKWARD_HAS_UNWIND=1
[36m--[0m BACKWARD_HAS_BACKTRACE=0
[36m--[0m BACKWARD_HAS_BACKTRACE_SYMBOL=1
[36m--[0m BACKWARD_HAS_DW=0
[36m--[0m BACKWARD_HAS_BFD=0
[36m--[0m Could NOT find Backward (missing:  BACKWARD_LIBRARIES)
[36m--[0m Configuring done
[36m--[0m Generating done
[36m--[0m Build files have been written to: /home/adrii/talos_public_ws/build/backward_ros
