Determining if the pthread_create exist failed with the following output:
Change Dir: /home/adrii/talos_public_ws/build/head_action/CMakeFiles/CMakeTmp

Run Build Command:"/usr/bin/make" "cmTC_7d568/fast"
/usr/bin/make -f CMakeFiles/cmTC_7d568.dir/build.make CMakeFiles/cmTC_7d568.dir/build
make[1]: se entra en el directorio '/home/adrii/talos_public_ws/build/head_action/CMakeFiles/CMakeTmp'
Building C object CMakeFiles/cmTC_7d568.dir/CheckSymbolExists.c.o
/usr/bin/cc     -o CMakeFiles/cmTC_7d568.dir/CheckSymbolExists.c.o   -c /home/adrii/talos_public_ws/build/head_action/CMakeFiles/CMakeTmp/CheckSymbolExists.c
Linking C executable cmTC_7d568
/usr/bin/cmake -E cmake_link_script CMakeFiles/cmTC_7d568.dir/link.txt --verbose=1
/usr/bin/cc       CMakeFiles/cmTC_7d568.dir/CheckSymbolExists.c.o  -o cmTC_7d568 -rdynamic 
CMakeFiles/cmTC_7d568.dir/CheckSymbolExists.c.o: En la función `main':
CheckSymbolExists.c:(.text+0x16): referencia a `pthread_create' sin definir
collect2: error: ld returned 1 exit status
CMakeFiles/cmTC_7d568.dir/build.make:97: fallo en las instrucciones para el objetivo 'cmTC_7d568'
make[1]: *** [cmTC_7d568] Error 1
make[1]: se sale del directorio '/home/adrii/talos_public_ws/build/head_action/CMakeFiles/CMakeTmp'
Makefile:126: fallo en las instrucciones para el objetivo 'cmTC_7d568/fast'
make: *** [cmTC_7d568/fast] Error 2

File /home/adrii/talos_public_ws/build/head_action/CMakeFiles/CMakeTmp/CheckSymbolExists.c:
/* */
#include <pthread.h>

int main(int argc, char** argv)
{
  (void)argv;
#ifndef pthread_create
  return ((int*)(&pthread_create))[argc];
#else
  (void)argc;
  return 0;
#endif
}

Determining if the function pthread_create exists in the pthreads failed with the following output:
Change Dir: /home/adrii/talos_public_ws/build/head_action/CMakeFiles/CMakeTmp

Run Build Command:"/usr/bin/make" "cmTC_77841/fast"
/usr/bin/make -f CMakeFiles/cmTC_77841.dir/build.make CMakeFiles/cmTC_77841.dir/build
make[1]: se entra en el directorio '/home/adrii/talos_public_ws/build/head_action/CMakeFiles/CMakeTmp'
Building C object CMakeFiles/cmTC_77841.dir/CheckFunctionExists.c.o
/usr/bin/cc    -DCHECK_FUNCTION_EXISTS=pthread_create   -o CMakeFiles/cmTC_77841.dir/CheckFunctionExists.c.o   -c /usr/share/cmake-3.5/Modules/CheckFunctionExists.c
Linking C executable cmTC_77841
/usr/bin/cmake -E cmake_link_script CMakeFiles/cmTC_77841.dir/link.txt --verbose=1
/usr/bin/cc   -DCHECK_FUNCTION_EXISTS=pthread_create    CMakeFiles/cmTC_77841.dir/CheckFunctionExists.c.o  -o cmTC_77841 -rdynamic -lpthreads 
/usr/bin/ld: no se puede encontrar -lpthreads
collect2: error: ld returned 1 exit status
CMakeFiles/cmTC_77841.dir/build.make:97: fallo en las instrucciones para el objetivo 'cmTC_77841'
make[1]: *** [cmTC_77841] Error 1
make[1]: se sale del directorio '/home/adrii/talos_public_ws/build/head_action/CMakeFiles/CMakeTmp'
Makefile:126: fallo en las instrucciones para el objetivo 'cmTC_77841/fast'
make: *** [cmTC_77841/fast] Error 2


