[01m[K/home/adrii/talos_public_ws/src/talos_astronaut/astronaut/src/send_position.cpp:12:6:[m[K [01;31m[Kerror: [m[K‘[01m[Kbool read[m[K’ redeclared as different kind of symbol
 bool read = false;
[01;32m[K      ^[m[K
In file included from [01m[K/usr/include/boost/config/stdlib/libstdcpp3.hpp:78:0[m[K,
                 from [01m[K/usr/include/boost/config.hpp:48[m[K,
                 from [01m[K/usr/include/boost/math/tools/config.hpp:13[m[K,
                 from [01m[K/usr/include/boost/math/special_functions/round.hpp:13[m[K,
                 from [01m[K/opt/ros/kinetic/include/ros/time.h:58[m[K,
                 from [01m[K/opt/ros/kinetic/include/ros/ros.h:38[m[K,
                 from [01m[K/home/adrii/talos_public_ws/src/talos_astronaut/astronaut/src/send_position.cpp:1[m[K:
[01m[K/usr/include/unistd.h:363:16:[m[K [01;36m[Knote: [m[Kprevious declaration ‘[01m[Kssize_t read(int, void*, size_t)[m[K’
 extern ssize_t read (int __fd, void *__buf, size_t __nbytes) __wur;
[01;32m[K                ^[m[K
[01m[K/home/adrii/talos_public_ws/src/talos_astronaut/astronaut/src/send_position.cpp:[m[K In function ‘[01m[Kvoid qr_callback(const ConstPtr&)[m[K’:
[01m[K/home/adrii/talos_public_ws/src/talos_astronaut/astronaut/src/send_position.cpp:49:10:[m[K [01;31m[Kerror: [m[Kassignment of function ‘[01m[Kssize_t read(int, void*, size_t)[m[K’
     read = true;
[01;32m[K          ^[m[K
[01m[K/home/adrii/talos_public_ws/src/talos_astronaut/astronaut/src/send_position.cpp:49:10:[m[K [01;31m[Kerror: [m[Kcannot convert ‘[01m[Kbool[m[K’ to ‘[01m[Kssize_t(int, void*, size_t) {aka long int(int, void*, long unsigned int)}[m[K’ in assignment
make[2]: *** [CMakeFiles/send_position.dir/src/send_position.cpp.o] Error 1
make[1]: *** [CMakeFiles/send_position.dir/all] Error 2
make: *** [all] Error 2
