[  0%] Built target rosgraph_msgs_generate_messages_eus
[  0%] Built target roscpp_generate_messages_py
[  0%] Built target rosgraph_msgs_generate_messages_lisp
[  0%] Built target astronaut_controllers_generate_messages_py
[  0%] Built target rosgraph_msgs_generate_messages_nodejs
[  0%] Built target roscpp_generate_messages_eus
[  0%] Built target rosgraph_msgs_generate_messages_cpp
[  0%] Built target std_msgs_generate_messages_lisp
[  0%] Built target astronaut_controllers_generate_messages_eus
[  0%] Built target std_msgs_generate_messages_cpp
[ 50%] Built target look_to_aruco
[ 50%] Built target roscpp_generate_messages_nodejs
[ 50%] Built target roscpp_generate_messages_lisp
[ 50%] Built target std_msgs_generate_messages_eus
[ 50%] Built target std_msgs_generate_messages_py
[ 50%] Built target roscpp_generate_messages_cpp
[ 50%] Built target rosgraph_msgs_generate_messages_py
[ 50%] Built target astronaut_controllers_generate_messages_cpp
[ 50%] Built target astronaut_controllers_generate_messages_lisp
[ 50%] Built target astronaut_controllers_generate_messages_nodejs
[ 50%] Built target std_msgs_generate_messages_nodejs
[100%] Built target send_position
