[35m[1mScanning dependencies of target look_to_aruco[0m
[  0%] Built target std_msgs_generate_messages_eus
[  0%] Built target astronaut_controllers_generate_messages_py
[  0%] Built target astronaut_controllers_generate_messages_nodejs
[ 25%] [32mBuilding CXX object CMakeFiles/look_to_aruco.dir/src/look_to_aruco.cpp.o[0m
[ 25%] Built target roscpp_generate_messages_py
[ 25%] Built target rosgraph_msgs_generate_messages_eus
[ 25%] Built target astronaut_controllers_generate_messages_lisp
[ 25%] Built target std_msgs_generate_messages_nodejs
[ 25%] Built target roscpp_generate_messages_eus
[ 25%] Built target roscpp_generate_messages_cpp
[ 25%] Built target std_msgs_generate_messages_lisp
[ 25%] Built target astronaut_controllers_generate_messages_cpp
[ 25%] Built target astronaut_controllers_generate_messages_eus
[ 25%] Built target std_msgs_generate_messages_cpp
[ 25%] Built target rosgraph_msgs_generate_messages_cpp
[ 25%] Built target rosgraph_msgs_generate_messages_nodejs
[ 25%] Built target roscpp_generate_messages_nodejs
[ 25%] Built target rosgraph_msgs_generate_messages_py
[ 25%] Built target rosgraph_msgs_generate_messages_lisp
[ 25%] Built target std_msgs_generate_messages_py
[ 25%] Built target roscpp_generate_messages_lisp
[ 75%] Built target send_position
In file included from [01m[K/opt/ros/kinetic/include/ros/subscription_callback_helper.h:35:0[m[K,
                 from [01m[K/opt/ros/kinetic/include/ros/subscriber.h:33[m[K,
                 from [01m[K/opt/ros/kinetic/include/ros/node_handle.h:33[m[K,
                 from [01m[K/opt/ros/kinetic/include/ros/ros.h:45[m[K,
                 from [01m[K/home/adrii/talos_public_ws/src/talos_astronaut/astronaut/src/look_to_aruco.cpp:2[m[K:
/opt/ros/kinetic/include/ros/parameter_adapter.h: In instantiation of ‘[01m[Kstatic ros::ParameterAdapter<M>::Parameter ros::ParameterAdapter<M>::getParameter(const Event&) [with M = std_msgs::Bool_<std::allocator<void> >&; ros::ParameterAdapter<M>::Parameter = std_msgs::Bool_<std::allocator<void> >&; ros::ParameterAdapter<M>::Event = ros::MessageEvent<const std_msgs::Bool_<std::allocator<void> > >; typename boost::remove_reference<typename boost::remove_const<M>::type>::type = std_msgs::Bool_<std::allocator<void> >][m[K’:
[01m[K/opt/ros/kinetic/include/ros/subscription_callback_helper.h:144:48:[m[K   required from ‘[01m[Kvoid ros::SubscriptionCallbackHelperT<P, Enabled>::call(ros::SubscriptionCallbackHelperCallParams&) [with P = std_msgs::Bool_<std::allocator<void> >&; Enabled = void][m[K’
[01m[K/home/adrii/talos_public_ws/src/talos_astronaut/astronaut/src/look_to_aruco.cpp:47:1:[m[K   required from here
[01m[K/opt/ros/kinetic/include/ros/parameter_adapter.h:78:30:[m[K [01;31m[Kerror: [m[Kbinding ‘[01m[Kconst std_msgs::Bool_<std::allocator<void> >[m[K’ to reference of type ‘[01m[Kros::ParameterAdapter<std_msgs::Bool_<std::allocator<void> >&>::Parameter {aka std_msgs::Bool_<std::allocator<void> >&}[m[K’ discards qualifiers
     return *event.getMessage();
[01;32m[K                              ^[m[K
CMakeFiles/look_to_aruco.dir/build.make:62: fallo en las instrucciones para el objetivo 'CMakeFiles/look_to_aruco.dir/src/look_to_aruco.cpp.o'
make[2]: *** [CMakeFiles/look_to_aruco.dir/src/look_to_aruco.cpp.o] Error 1
CMakeFiles/Makefile2:67: fallo en las instrucciones para el objetivo 'CMakeFiles/look_to_aruco.dir/all'
make[1]: *** [CMakeFiles/look_to_aruco.dir/all] Error 2
Makefile:138: fallo en las instrucciones para el objetivo 'all'
make: *** [all] Error 2
