[  0%] Built target astronaut_controllers_generate_messages_nodejs
[  0%] Built target astronaut_controllers_generate_messages_py
[  0%] Built target roscpp_generate_messages_py
[  0%] Built target std_msgs_generate_messages_eus
[  0%] Built target std_msgs_generate_messages_nodejs
[  0%] Built target rosgraph_msgs_generate_messages_eus
[  0%] Built target roscpp_generate_messages_eus
[  0%] Built target astronaut_controllers_generate_messages_lisp
[  0%] Built target roscpp_generate_messages_cpp
[  0%] Built target astronaut_controllers_generate_messages_cpp
[  0%] Built target astronaut_controllers_generate_messages_eus
[  0%] Built target std_msgs_generate_messages_lisp
[  0%] Built target rosgraph_msgs_generate_messages_nodejs
[  0%] Built target std_msgs_generate_messages_cpp
[  0%] Built target roscpp_generate_messages_nodejs
[  0%] Built target rosgraph_msgs_generate_messages_cpp
[  0%] Built target rosgraph_msgs_generate_messages_lisp
[  0%] Built target std_msgs_generate_messages_py
[  0%] Built target rosgraph_msgs_generate_messages_py
[  0%] Built target roscpp_generate_messages_lisp
[ 50%] [32mBuilding CXX object CMakeFiles/send_position.dir/src/send_position.cpp.o[0m
[100%] [32m[1mLinking CXX executable /home/adrii/talos_public_ws/devel/.private/astronaut/lib/astronaut/send_position[0m
[100%] Built target send_position
