Determining if the pthread_create exist failed with the following output:
Change Dir: /home/adrii/talos_public_ws/build/cartesian_controller_base/CMakeFiles/CMakeTmp

Run Build Command:"/usr/bin/make" "cmTC_a8d72/fast"
/usr/bin/make -f CMakeFiles/cmTC_a8d72.dir/build.make CMakeFiles/cmTC_a8d72.dir/build
make[1]: se entra en el directorio '/home/adrii/talos_public_ws/build/cartesian_controller_base/CMakeFiles/CMakeTmp'
Building C object CMakeFiles/cmTC_a8d72.dir/CheckSymbolExists.c.o
/usr/bin/cc     -o CMakeFiles/cmTC_a8d72.dir/CheckSymbolExists.c.o   -c /home/adrii/talos_public_ws/build/cartesian_controller_base/CMakeFiles/CMakeTmp/CheckSymbolExists.c
Linking C executable cmTC_a8d72
/usr/bin/cmake -E cmake_link_script CMakeFiles/cmTC_a8d72.dir/link.txt --verbose=1
/usr/bin/cc       CMakeFiles/cmTC_a8d72.dir/CheckSymbolExists.c.o  -o cmTC_a8d72 -rdynamic 
CMakeFiles/cmTC_a8d72.dir/CheckSymbolExists.c.o: En la función `main':
CheckSymbolExists.c:(.text+0x16): referencia a `pthread_create' sin definir
collect2: error: ld returned 1 exit status
CMakeFiles/cmTC_a8d72.dir/build.make:97: fallo en las instrucciones para el objetivo 'cmTC_a8d72'
make[1]: *** [cmTC_a8d72] Error 1
make[1]: se sale del directorio '/home/adrii/talos_public_ws/build/cartesian_controller_base/CMakeFiles/CMakeTmp'
Makefile:126: fallo en las instrucciones para el objetivo 'cmTC_a8d72/fast'
make: *** [cmTC_a8d72/fast] Error 2

File /home/adrii/talos_public_ws/build/cartesian_controller_base/CMakeFiles/CMakeTmp/CheckSymbolExists.c:
/* */
#include <pthread.h>

int main(int argc, char** argv)
{
  (void)argv;
#ifndef pthread_create
  return ((int*)(&pthread_create))[argc];
#else
  (void)argc;
  return 0;
#endif
}

Determining if the function pthread_create exists in the pthreads failed with the following output:
Change Dir: /home/adrii/talos_public_ws/build/cartesian_controller_base/CMakeFiles/CMakeTmp

Run Build Command:"/usr/bin/make" "cmTC_9d00f/fast"
/usr/bin/make -f CMakeFiles/cmTC_9d00f.dir/build.make CMakeFiles/cmTC_9d00f.dir/build
make[1]: se entra en el directorio '/home/adrii/talos_public_ws/build/cartesian_controller_base/CMakeFiles/CMakeTmp'
Building C object CMakeFiles/cmTC_9d00f.dir/CheckFunctionExists.c.o
/usr/bin/cc    -DCHECK_FUNCTION_EXISTS=pthread_create   -o CMakeFiles/cmTC_9d00f.dir/CheckFunctionExists.c.o   -c /usr/share/cmake-3.5/Modules/CheckFunctionExists.c
Linking C executable cmTC_9d00f
/usr/bin/cmake -E cmake_link_script CMakeFiles/cmTC_9d00f.dir/link.txt --verbose=1
/usr/bin/cc   -DCHECK_FUNCTION_EXISTS=pthread_create    CMakeFiles/cmTC_9d00f.dir/CheckFunctionExists.c.o  -o cmTC_9d00f -rdynamic -lpthreads 
/usr/bin/ld: no se puede encontrar -lpthreads
collect2: error: ld returned 1 exit status
CMakeFiles/cmTC_9d00f.dir/build.make:97: fallo en las instrucciones para el objetivo 'cmTC_9d00f'
make[1]: *** [cmTC_9d00f] Error 1
make[1]: se sale del directorio '/home/adrii/talos_public_ws/build/cartesian_controller_base/CMakeFiles/CMakeTmp'
Makefile:126: fallo en las instrucciones para el objetivo 'cmTC_9d00f/fast'
make: *** [cmTC_9d00f/fast] Error 2


