[35m[1mScanning dependencies of target play_motion_helpers[0m
[  0%] Built target play_motion_msgs_generate_messages_cpp
[  9%] [32mBuilding CXX object CMakeFiles/play_motion_helpers.dir/src/play_motion_helpers.cpp.o[0m
[  9%] Built target diagnostic_msgs_generate_messages_cpp
[  9%] Built target diagnostic_msgs_generate_messages_nodejs
[  9%] Built target diagnostic_msgs_generate_messages_lisp
[  9%] Built target diagnostic_msgs_generate_messages_eus
[  9%] Built target controller_manager_msgs_generate_messages_cpp
[  9%] Built target trajectory_msgs_generate_messages_nodejs
[  9%] Built target trajectory_msgs_generate_messages_lisp
[  9%] Built target trajectory_msgs_generate_messages_cpp
[  9%] Built target control_msgs_generate_messages_lisp
[  9%] Built target geometry_msgs_generate_messages_cpp
[  9%] Built target octomap_msgs_generate_messages_nodejs
[  9%] Built target std_msgs_generate_messages_nodejs
[  9%] Built target controller_manager_msgs_generate_messages_lisp
[  9%] Built target control_msgs_generate_messages_nodejs
[  9%] Built target control_msgs_generate_messages_eus
[  9%] Built target rosgraph_msgs_generate_messages_nodejs
[  9%] Built target moveit_msgs_generate_messages_cpp
[  9%] Built target actionlib_msgs_generate_messages_cpp
[  9%] Built target sensor_msgs_generate_messages_eus
[  9%] Built target actionlib_msgs_generate_messages_lisp
[  9%] Built target sensor_msgs_generate_messages_lisp
[  9%] Built target object_recognition_msgs_generate_messages_py
[  9%] Built target geometry_msgs_generate_messages_py
[  9%] Built target geometry_msgs_generate_messages_lisp
[  9%] Built target std_msgs_generate_messages_lisp
[  9%] Built target actionlib_generate_messages_lisp
[  9%] Built target actionlib_msgs_generate_messages_eus
[  9%] Built target roscpp_generate_messages_py
[  9%] Built target play_motion_msgs_generate_messages_nodejs
[  9%] Built target tf_generate_messages_nodejs
[  9%] Built target controller_manager_msgs_generate_messages_eus
[  9%] Built target actionlib_generate_messages_py
[  9%] Built target trajectory_msgs_generate_messages_py
[  9%] Built target tf_generate_messages_cpp
[  9%] Built target rosgraph_msgs_generate_messages_cpp
[  9%] Built target object_recognition_msgs_generate_messages_lisp
[  9%] Built target actionlib_msgs_generate_messages_nodejs
[  9%] Built target rosgraph_msgs_generate_messages_eus
[  9%] Built target std_msgs_generate_messages_py
[  9%] Built target geometry_msgs_generate_messages_nodejs
[  9%] Built target geometry_msgs_generate_messages_eus
[  9%] Built target controller_manager_msgs_generate_messages_nodejs
[  9%] Built target roscpp_generate_messages_cpp
[  9%] Built target roscpp_generate_messages_lisp
[  9%] Built target actionlib_generate_messages_eus
[  9%] Built target std_msgs_generate_messages_eus
[  9%] Built target control_msgs_generate_messages_cpp
[  9%] Built target _catkin_empty_exported_target
[  9%] Built target visualization_msgs_generate_messages_eus
[  9%] Built target roscpp_generate_messages_eus
[  9%] Built target actionlib_generate_messages_cpp
[  9%] Built target rosgraph_msgs_generate_messages_py
[  9%] Built target moveit_msgs_generate_messages_eus
[  9%] Built target rosgraph_msgs_generate_messages_lisp
[  9%] Built target sensor_msgs_generate_messages_py
[  9%] Built target roscpp_generate_messages_nodejs
[  9%] Built target shape_msgs_generate_messages_cpp
[  9%] Built target tf2_msgs_generate_messages_cpp
[  9%] Built target std_msgs_generate_messages_cpp
[  9%] Built target sensor_msgs_generate_messages_nodejs
[  9%] Built target play_motion_msgs_generate_messages_eus
[  9%] Built target trajectory_msgs_generate_messages_eus
[  9%] Built target play_motion_msgs_generate_messages_lisp
[  9%] Built target visualization_msgs_generate_messages_nodejs
[  9%] Built target play_motion_msgs_generate_messages_py
[  9%] Built target moveit_msgs_generate_messages_py
[  9%] Built target diagnostic_msgs_generate_messages_py
[  9%] Built target shape_msgs_generate_messages_eus
[  9%] Built target moveit_ros_planning_gencfg
[  9%] Built target shape_msgs_generate_messages_lisp
[  9%] Built target actionlib_msgs_generate_messages_py
[  9%] Built target shape_msgs_generate_messages_nodejs
[  9%] Built target shape_msgs_generate_messages_py
[  9%] Built target visualization_msgs_generate_messages_cpp
[  9%] Built target visualization_msgs_generate_messages_lisp
[  9%] Built target visualization_msgs_generate_messages_py
[  9%] Built target tf2_msgs_generate_messages_py
[  9%] Built target moveit_msgs_generate_messages_lisp
[  9%] Built target tf_generate_messages_lisp
[  9%] Built target moveit_msgs_generate_messages_nodejs
[  9%] Built target sensor_msgs_generate_messages_cpp
[  9%] Built target control_msgs_generate_messages_py
[  9%] Built target actionlib_generate_messages_nodejs
[  9%] Built target object_recognition_msgs_generate_messages_cpp
[  9%] Built target octomap_msgs_generate_messages_eus
[  9%] Built target object_recognition_msgs_generate_messages_eus
[  9%] Built target object_recognition_msgs_generate_messages_nodejs
[  9%] Built target controller_manager_msgs_generate_messages_py
[  9%] Built target tf_generate_messages_py
[  9%] Built target octomap_msgs_generate_messages_cpp
[ 18%] [32m[1mLinking CXX shared library /home/adrii/talos_public_ws/devel/.private/play_motion/lib/libplay_motion_helpers.so[0m
[ 18%] Built target octomap_msgs_generate_messages_lisp
[ 18%] Built target octomap_msgs_generate_messages_py
[ 18%] Built target tf_generate_messages_eus
[ 18%] Built target tf2_msgs_generate_messages_eus
[ 18%] Built target tf2_msgs_generate_messages_lisp
[ 18%] Built target tf2_msgs_generate_messages_nodejs
[ 18%] Built target moveit_ros_manipulation_gencfg
[35m[1mScanning dependencies of target run_motion[0m
[ 27%] [32mBuilding CXX object CMakeFiles/run_motion.dir/src/run_motion_node.cpp.o[0m
[ 27%] Built target play_motion_helpers
[35m[1mScanning dependencies of target play_motion[0m
[ 36%] [32mBuilding CXX object CMakeFiles/play_motion.dir/src/play_motion_main.cpp.o[0m
[ 45%] [32mBuilding CXX object CMakeFiles/play_motion.dir/src/play_motion_server.cpp.o[0m
[ 54%] [32mBuilding CXX object CMakeFiles/play_motion.dir/src/play_motion.cpp.o[0m
[ 63%] [32m[1mLinking CXX executable /home/adrii/talos_public_ws/devel/.private/play_motion/lib/play_motion/run_motion[0m
[ 63%] Built target run_motion
[ 72%] [32mBuilding CXX object CMakeFiles/play_motion.dir/src/move_joint_group.cpp.o[0m
[ 81%] [32mBuilding CXX object CMakeFiles/play_motion.dir/src/controller_updater.cpp.o[0m
[ 90%] [32mBuilding CXX object CMakeFiles/play_motion.dir/src/approach_planner.cpp.o[0m
[100%] [32m[1mLinking CXX executable /home/adrii/talos_public_ws/devel/.private/play_motion/lib/play_motion/play_motion[0m
[100%] Built target play_motion
