[35m[1mScanning dependencies of target rosgraph_msgs_generate_messages_lisp[0m
[  0%] Built target rosgraph_msgs_generate_messages_lisp
[35m[1mScanning dependencies of target std_msgs_generate_messages_lisp[0m
[  0%] Built target std_msgs_generate_messages_lisp
[35m[1mScanning dependencies of target roscpp_generate_messages_py[0m
[35m[1mScanning dependencies of target rosgraph_msgs_generate_messages_eus[0m
[  0%] Built target roscpp_generate_messages_py
[  0%] Built target rosgraph_msgs_generate_messages_eus
[35m[1mScanning dependencies of target pal_statistics_msgs_generate_messages_nodejs[0m
[  0%] Built target pal_statistics_msgs_generate_messages_nodejs
[35m[1mScanning dependencies of target pal_statistics_msgs_generate_messages_eus[0m
[  0%] Built target pal_statistics_msgs_generate_messages_eus
[35m[1mScanning dependencies of target roscpp_generate_messages_nodejs[0m
[  0%] Built target roscpp_generate_messages_nodejs
[35m[1mScanning dependencies of target rosgraph_msgs_generate_messages_nodejs[0m
[  0%] Built target rosgraph_msgs_generate_messages_nodejs
[35m[1mScanning dependencies of target roscpp_generate_messages_cpp[0m
[  0%] Built target roscpp_generate_messages_cpp
[35m[1mScanning dependencies of target pal_statistics_msgs_generate_messages_py[0m
[  0%] Built target pal_statistics_msgs_generate_messages_py
[35m[1mScanning dependencies of target std_msgs_generate_messages_py[0m
[  0%] Built target std_msgs_generate_messages_py
[35m[1mScanning dependencies of target pal_statistics_msgs_generate_messages_lisp[0m
[  0%] Built target pal_statistics_msgs_generate_messages_lisp
[35m[1mScanning dependencies of target pal_statistics_msgs_generate_messages_cpp[0m
[  0%] Built target pal_statistics_msgs_generate_messages_cpp
[35m[1mScanning dependencies of target std_msgs_generate_messages_cpp[0m
[  0%] Built target std_msgs_generate_messages_cpp
[35m[1mScanning dependencies of target rosgraph_msgs_generate_messages_cpp[0m
[  0%] Built target rosgraph_msgs_generate_messages_cpp
[35m[1mScanning dependencies of target std_msgs_generate_messages_nodejs[0m
[  0%] Built target std_msgs_generate_messages_nodejs
[35m[1mScanning dependencies of target std_msgs_generate_messages_eus[0m
[  0%] Built target std_msgs_generate_messages_eus
[35m[1mScanning dependencies of target roscpp_generate_messages_lisp[0m
[  0%] Built target roscpp_generate_messages_lisp
[35m[1mScanning dependencies of target roscpp_generate_messages_eus[0m
[  0%] Built target roscpp_generate_messages_eus
[35m[1mScanning dependencies of target rosgraph_msgs_generate_messages_py[0m
[  0%] Built target rosgraph_msgs_generate_messages_py
[35m[1mScanning dependencies of target pal_statistics[0m
[ 25%] [32mBuilding CXX object CMakeFiles/pal_statistics.dir/src/pal_statistics_utils.cpp.o[0m
[ 50%] [32mBuilding CXX object CMakeFiles/pal_statistics.dir/src/pal_statistics.cpp.o[0m
[ 75%] [32mBuilding CXX object CMakeFiles/pal_statistics.dir/src/pal_statistics_macros.cpp.o[0m
[100%] [32m[1mLinking CXX shared library /home/adrii/talos_public_ws/devel/.private/pal_statistics/lib/libpal_statistics.so[0m
[100%] Built target pal_statistics
