In file included from [01m[K/opt/openrobots/include/pinocchio/fwd.hpp:25:0[m[K,
                 from [01m[K/opt/openrobots/include/pinocchio/spatial/fwd.hpp:9[m[K,
                 from [01m[K/opt/openrobots/include/pinocchio/multibody/model.hpp:9[m[K,
                 from [01m[K/home/adrii/talos_public_ws/src/talos_astronaut/astronaut_controllers/include/astronaut_controllers/aruco_trajectory_cartesian_controller.h:47[m[K,
                 from [01m[K/home/adrii/talos_public_ws/src/talos_astronaut/astronaut_controllers/src/cartesian_controller.cpp:4[m[K:
[01m[K/opt/openrobots/include/pinocchio/container/boost-container-limits.hpp:18:0:[m[K [01;35m[Kwarning: [m[K"BOOST_MPL_CFG_NO_PREPROCESSED_HEADERS" redefined
   #define BOOST_MPL_CFG_NO_PREPROCESSED_HEADERS
[01;32m[K ^[m[K
[01m[K<command-line>:0:0:[m[K [01;36m[Knote: [m[Kthis is the location of the previous definition
In file included from [01m[K/home/adrii/talos_public_ws/src/talos_astronaut/astronaut_controllers/include/astronaut_controllers/aruco_trajectory_cartesian_controller.h:147:0[m[K,
                 from [01m[K/home/adrii/talos_public_ws/src/talos_astronaut/astronaut_controllers/src/cartesian_controller.cpp:4[m[K:
[01m[K/home/adrii/talos_public_ws/src/talos_astronaut/astronaut_controllers/include/astronaut_controllers/aruco_trajectory_cartesian_controller.hpp:[m[K In member function ‘[01m[Kvirtual void controller_ns::aruco_trajectory_cartesian_controller_class::update(const ros::Time&, const ros::Duration&)[m[K’:
[01m[K/home/adrii/talos_public_ws/src/talos_astronaut/astronaut_controllers/include/astronaut_controllers/aruco_trajectory_cartesian_controller.hpp:240:44:[m[K [01;31m[Kerror: [m[Kno matching function for call to ‘[01m[KEigen::Block<Eigen::Matrix<double, -1, -1>, -1, -1, false>::data(unsigned int&, unsigned int&)[m[K’
             jnt_effort_(i) += (Hbm.data(j,i) * jacobian_(j,i) * (kp_ * control_error(j) + kv_*velocity_error(j)));
[01;32m[K                                            ^[m[K
In file included from [01m[K/usr/include/eigen3/Eigen/Core:377:0[m[K,
                 from [01m[K/opt/ros/kinetic/include/kdl/jacobian.hpp:26[m[K,
                 from [01m[K/opt/ros/kinetic/include/kdl/chainjnttojacsolver.hpp:27[m[K,
                 from [01m[K/home/adrii/talos_public_ws/src/talos_astronaut/astronaut_controllers/include/astronaut_controllers/aruco_cartesian_controller.h:15[m[K,
                 from [01m[K/home/adrii/talos_public_ws/src/talos_astronaut/astronaut_controllers/src/cartesian_controller.cpp:3[m[K:
[01m[K/usr/include/eigen3/Eigen/src/Core/MapBase.h:209:26:[m[K [01;36m[Knote: [m[Kcandidate: const Scalar* Eigen::MapBase<Derived, 1>::data() const [with Derived = Eigen::Block<Eigen::Matrix<double, -1, -1>, -1, -1, false>; Eigen::MapBase<Derived, 1>::Scalar = double]
     inline const Scalar* data() const { return this->m_data; }
[01;32m[K                          ^[m[K
[01m[K/usr/include/eigen3/Eigen/src/Core/MapBase.h:209:26:[m[K [01;36m[Knote: [m[K  candidate expects 0 arguments, 2 provided
[01m[K/usr/include/eigen3/Eigen/src/Core/MapBase.h:211:40:[m[K [01;36m[Knote: [m[Kcandidate: Eigen::MapBase<Derived, 1>::ScalarWithConstIfNotLvalue* Eigen::MapBase<Derived, 1>::data() [with Derived = Eigen::Block<Eigen::Matrix<double, -1, -1>, -1, -1, false>; Eigen::MapBase<Derived, 1>::ScalarWithConstIfNotLvalue = double]
     inline ScalarWithConstIfNotLvalue* data() { return this->m_data; } // no const-cast here so non-const-correct code will give a compile error
[01;32m[K                                        ^[m[K
[01m[K/usr/include/eigen3/Eigen/src/Core/MapBase.h:211:40:[m[K [01;36m[Knote: [m[K  candidate expects 0 arguments, 2 provided
In file included from [01m[K/home/adrii/talos_public_ws/src/ros_control/hardware_interface/include/hardware_interface/robot_hw.h:35:0[m[K,
                 from [01m[K/home/adrii/talos_public_ws/src/ros_control/controller_interface/include/controller_interface/controller_base.h:37[m[K,
                 from [01m[K/home/adrii/talos_public_ws/src/ros_control/controller_interface/include/controller_interface/controller.h:35[m[K,
                 from [01m[K/home/adrii/talos_public_ws/src/talos_astronaut/astronaut_controllers/include/astronaut_controllers/aruco_cartesian_controller.h:9[m[K,
                 from [01m[K/home/adrii/talos_public_ws/src/talos_astronaut/astronaut_controllers/src/cartesian_controller.cpp:3[m[K:
/home/adrii/talos_public_ws/src/ros_control/hardware_interface/include/hardware_interface/internal/interface_manager.h: In instantiation of ‘[01m[Kstatic char (& hardware_interface::CheckIsResourceManager<T>::callCM(std::vector<C*>&, C*, typename C::resource_manager_type*))[1] [with C = hardware_interface::EffortJointInterface; T = hardware_interface::EffortJointInterface; hardware_interface::CheckIsResourceManager<T>::yes = char [1]; typename C::resource_manager_type = hardware_interface::ResourceManager<hardware_interface::JointHandle>][m[K’:
[01m[K/home/adrii/talos_public_ws/src/ros_control/hardware_interface/include/hardware_interface/internal/interface_manager.h:83:14:[m[K   required from ‘[01m[Kstatic const void hardware_interface::CheckIsResourceManager<T>::callConcatManagers(std::vector<T*>&, T*) [with T = hardware_interface::EffortJointInterface][m[K’
[01m[K/home/adrii/talos_public_ws/src/ros_control/hardware_interface/include/hardware_interface/internal/interface_manager.h:200:54:[m[K   required from ‘[01m[KT* hardware_interface::InterfaceManager::get() [with T = hardware_interface::EffortJointInterface][m[K’
[01m[K/home/adrii/talos_public_ws/src/ros_control/controller_interface/include/controller_interface/controller.h:110:30:[m[K   required from ‘[01m[Kbool controller_interface::Controller<T>::initRequest(hardware_interface::RobotHW*, ros::NodeHandle&, ros::NodeHandle&, controller_interface::ControllerBase::ClaimedResources&) [with T = hardware_interface::EffortJointInterface; controller_interface::ControllerBase::ClaimedResources = std::vector<hardware_interface::InterfaceResources>][m[K’
[01m[K/home/adrii/talos_public_ws/src/talos_astronaut/astronaut_controllers/src/cartesian_controller.cpp:27:105:[m[K   required from here
[01m[K/home/adrii/talos_public_ws/src/ros_control/hardware_interface/include/hardware_interface/internal/interface_manager.h:73:9:[m[K [01;35m[Kwarning: [m[Kreference to local variable ‘[01m[Ktmp_yes[m[K’ returned [-Wreturn-local-addr]
     yes tmp_yes;
[01;32m[K         ^[m[K
make[2]: *** [CMakeFiles/astronaut_controllers_lib.dir/src/cartesian_controller.cpp.o] Error 1
make[1]: *** [CMakeFiles/astronaut_controllers_lib.dir/all] Error 2
make: *** [all] Error 2
