[  0%] Built target trajectory_msgs_generate_messages_cpp
[  0%] Built target geometry_msgs_generate_messages_cpp
[  0%] Built target std_msgs_generate_messages_py
[  0%] Built target std_msgs_generate_messages_cpp
[  0%] Built target _astronaut_controllers_generate_messages_check_deps_hand_operations
[  0%] Built target trajectory_msgs_generate_messages_py
[  0%] Built target geometry_msgs_generate_messages_py
[  0%] Built target std_msgs_generate_messages_lisp
[  0%] Built target trajectory_msgs_generate_messages_lisp
[  0%] Built target geometry_msgs_generate_messages_lisp
[  0%] Built target std_msgs_generate_messages_eus
[  0%] Built target geometry_msgs_generate_messages_eus
[  0%] Built target trajectory_msgs_generate_messages_eus
[  0%] Built target std_msgs_generate_messages_nodejs
[  0%] Built target geometry_msgs_generate_messages_nodejs
[  0%] Built target trajectory_msgs_generate_messages_nodejs
[  7%] Built target astronaut_controllers_generate_messages_cpp
[ 23%] Built target astronaut_controllers_lib
[ 38%] Built target publisher
[ 53%] Built target astronaut_controllers_generate_messages_py
[ 69%] Built target astronaut_controllers_generate_messages_eus
[ 76%] Built target astronaut_controllers_generate_messages_lisp
[ 84%] Built target astronaut_controllers_generate_messages_nodejs
[ 84%] Built target astronaut_controllers_gencpp
[ 84%] Built target astronaut_controllers_generate_messages
[100%] Built target hand_service
