In file included from [01m[K/home/adrii/talos_public_ws/src/talos_astronaut/astronaut_controllers/include/astronaut_controllers/cartesian_controller.h:53:0[m[K,
                 from [01m[K/home/adrii/talos_public_ws/src/talos_astronaut/astronaut_controllers/src/cartesian_controller.cpp:3[m[K:
[01m[K/home/adrii/talos_public_ws/src/talos_astronaut/astronaut_controllers/include/astronaut_controllers/cartesian_controller.hpp:[m[K In member function ‘[01m[Kvirtual void controller_ns::cartesian_controller_calss::update(const ros::Time&, const ros::Duration&)[m[K’:
[01m[K/home/adrii/talos_public_ws/src/talos_astronaut/astronaut_controllers/include/astronaut_controllers/cartesian_controller.hpp:107:17:[m[K [01;31m[Kerror: [m[Kno match for ‘[01m[Koperator[][m[K’ (operand types are ‘[01m[KKDL::JntArray[m[K’ and ‘[01m[Kstd::size_t {aka long unsigned int}[m[K’)
         _jnt_pos[i] = _joint_handles[i].getPosition();
[01;32m[K                 ^[m[K
[01m[K/home/adrii/talos_public_ws/src/talos_astronaut/astronaut_controllers/include/astronaut_controllers/cartesian_controller.hpp:[m[K At global scope:
[01m[K/home/adrii/talos_public_ws/src/talos_astronaut/astronaut_controllers/include/astronaut_controllers/cartesian_controller.hpp:137:6:[m[K [01;31m[Kerror: [m[K‘[01m[Kcartesian_controller_class[m[K’ has not been declared
 void cartesian_controller_class::writeJointCommand(KDL::JntArray joint_command){
[01;32m[K      ^[m[K
[01m[K/home/adrii/talos_public_ws/src/talos_astronaut/astronaut_controllers/include/astronaut_controllers/cartesian_controller.hpp:[m[K In function ‘[01m[Kvoid controller_ns::writeJointCommand(KDL::JntArray)[m[K’:
[01m[K/home/adrii/talos_public_ws/src/talos_astronaut/astronaut_controllers/include/astronaut_controllers/cartesian_controller.hpp:139:27:[m[K [01;31m[Kerror: [m[K‘[01m[K_joint_handles[m[K’ was not declared in this scope
     for(size_t i = 0; i < _joint_handles.size(); i++){
[01;32m[K                           ^[m[K
[01m[K/home/adrii/talos_public_ws/src/talos_astronaut/astronaut_controllers/include/astronaut_controllers/cartesian_controller.hpp:140:9:[m[K [01;31m[Kerror: [m[K‘[01m[Kjoint[m[K’ was not declared in this scope
         joint.handles[i].setCommand(joint_command[i]);
[01;32m[K         ^[m[K
[01m[K/home/adrii/talos_public_ws/src/talos_astronaut/astronaut_controllers/include/astronaut_controllers/cartesian_controller.hpp:140:50:[m[K [01;31m[Kerror: [m[Kno match for ‘[01m[Koperator[][m[K’ (operand types are ‘[01m[KKDL::JntArray[m[K’ and ‘[01m[Kstd::size_t {aka long unsigned int}[m[K’)
         joint.handles[i].setCommand(joint_command[i]);
[01;32m[K                                                  ^[m[K
[01m[K/home/adrii/talos_public_ws/src/talos_astronaut/astronaut_controllers/src/cartesian_controller.cpp:[m[K At global scope:
[01m[K/home/adrii/talos_public_ws/src/talos_astronaut/astronaut_controllers/src/cartesian_controller.cpp:7:24:[m[K [01;31m[Kerror: [m[K‘[01m[Kposition_controller[m[K’ in namespace ‘[01m[Kcontroller_ns[m[K’ does not name a type
 typedef controller_ns::position_controller PositionController;
[01;32m[K                        ^[m[K
In file included from [01m[K/opt/ros/kinetic/include/class_loader/./class_loader.hpp:45:0[m[K,
                 from [01m[K/opt/ros/kinetic/include/class_loader/class_loader.h:35[m[K,
                 from [01m[K/opt/ros/kinetic/include/pluginlib/./class_list_macros.hpp:40[m[K,
                 from [01m[K/opt/ros/kinetic/include/pluginlib/class_list_macros.h:35[m[K,
                 from [01m[K/home/adrii/talos_public_ws/src/talos_astronaut/astronaut_controllers/src/cartesian_controller.cpp:2[m[K:
[01m[K/home/adrii/talos_public_ws/src/talos_astronaut/astronaut_controllers/src/cartesian_controller.cpp:11:45:[m[K [01;31m[Kerror: [m[K‘[01m[KPositionController[m[K’ in namespace ‘[01m[Kposition_controller[m[K’ does not name a type
 PLUGINLIB_EXPORT_CLASS(position_controller::PositionController, controller_interface::ControllerBase);
[01;32m[K                                             ^[m[K
[01m[K/opt/ros/kinetic/include/class_loader/register_macro.hpp:45:14:[m[K [01;36m[Knote: [m[Kin definition of macro ‘[01m[KCLASS_LOADER_REGISTER_CLASS_INTERNAL_WITH_MESSAGE[m[K’
     typedef  Derived _derived; \
[01;32m[K              ^[m[K
[01m[K/opt/ros/kinetic/include/class_loader/register_macro.hpp:65:3:[m[K [01;36m[Knote: [m[Kin expansion of macro ‘[01m[KCLASS_LOADER_REGISTER_CLASS_INTERNAL_HOP1_WITH_MESSAGE[m[K’
   CLASS_LOADER_REGISTER_CLASS_INTERNAL_HOP1_WITH_MESSAGE(Derived, Base, __COUNTER__, Message)
[01;32m[K   ^[m[K
[01m[K/opt/ros/kinetic/include/class_loader/register_macro.hpp:72:3:[m[K [01;36m[Knote: [m[Kin expansion of macro ‘[01m[KCLASS_LOADER_REGISTER_CLASS_WITH_MESSAGE[m[K’
   CLASS_LOADER_REGISTER_CLASS_WITH_MESSAGE(Derived, Base, "")
[01;32m[K   ^[m[K
[01m[K/opt/ros/kinetic/include/pluginlib/./class_list_macros.hpp:70:3:[m[K [01;36m[Knote: [m[Kin expansion of macro ‘[01m[KCLASS_LOADER_REGISTER_CLASS[m[K’
   CLASS_LOADER_REGISTER_CLASS(class_type, base_class_type);
[01;32m[K   ^[m[K
[01m[K/home/adrii/talos_public_ws/src/talos_astronaut/astronaut_controllers/src/cartesian_controller.cpp:11:1:[m[K [01;36m[Knote: [m[Kin expansion of macro ‘[01m[KPLUGINLIB_EXPORT_CLASS[m[K’
 PLUGINLIB_EXPORT_CLASS(position_controller::PositionController, controller_interface::ControllerBase);
[01;32m[K ^[m[K
[01m[K/home/adrii/talos_public_ws/src/talos_astronaut/astronaut_controllers/src/cartesian_controller.cpp:[m[K In constructor ‘[01m[K{anonymous}::ProxyExec0::ProxyExec0()[m[K’:
[01m[K/opt/ros/kinetic/include/class_loader/register_macro.hpp:51:58:[m[K [01;31m[Kerror: [m[K‘[01m[K_derived[m[K’ was not declared in this scope
       class_loader::class_loader_private::registerPlugin<_derived, _base>(#Derived, #Base); \
[01;32m[K                                                          ^[m[K
[01m[K/opt/ros/kinetic/include/class_loader/register_macro.hpp:58:3:[m[K [01;36m[Knote: [m[Kin expansion of macro ‘[01m[KCLASS_LOADER_REGISTER_CLASS_INTERNAL_WITH_MESSAGE[m[K’
   CLASS_LOADER_REGISTER_CLASS_INTERNAL_WITH_MESSAGE(Derived, Base, UniqueID, Message)
[01;32m[K   ^[m[K
[01m[K/opt/ros/kinetic/include/class_loader/register_macro.hpp:65:3:[m[K [01;36m[Knote: [m[Kin expansion of macro ‘[01m[KCLASS_LOADER_REGISTER_CLASS_INTERNAL_HOP1_WITH_MESSAGE[m[K’
   CLASS_LOADER_REGISTER_CLASS_INTERNAL_HOP1_WITH_MESSAGE(Derived, Base, __COUNTER__, Message)
[01;32m[K   ^[m[K
[01m[K/opt/ros/kinetic/include/class_loader/register_macro.hpp:72:3:[m[K [01;36m[Knote: [m[Kin expansion of macro ‘[01m[KCLASS_LOADER_REGISTER_CLASS_WITH_MESSAGE[m[K’
   CLASS_LOADER_REGISTER_CLASS_WITH_MESSAGE(Derived, Base, "")
[01;32m[K   ^[m[K
[01m[K/opt/ros/kinetic/include/pluginlib/./class_list_macros.hpp:70:3:[m[K [01;36m[Knote: [m[Kin expansion of macro ‘[01m[KCLASS_LOADER_REGISTER_CLASS[m[K’
   CLASS_LOADER_REGISTER_CLASS(class_type, base_class_type);
[01;32m[K   ^[m[K
[01m[K/home/adrii/talos_public_ws/src/talos_astronaut/astronaut_controllers/src/cartesian_controller.cpp:11:1:[m[K [01;36m[Knote: [m[Kin expansion of macro ‘[01m[KPLUGINLIB_EXPORT_CLASS[m[K’
 PLUGINLIB_EXPORT_CLASS(position_controller::PositionController, controller_interface::ControllerBase);
[01;32m[K ^[m[K
[01m[K/opt/ros/kinetic/include/class_loader/register_macro.hpp:51:90:[m[K [01;31m[Kerror: [m[Kno matching function for call to ‘[01m[KregisterPlugin(const char [40], const char [37])[m[K’
       class_loader::class_loader_private::registerPlugin<_derived, _base>(#Derived, #Base); \
[01;32m[K                                                                                          ^[m[K
[01m[K/opt/ros/kinetic/include/class_loader/register_macro.hpp:58:3:[m[K [01;36m[Knote: [m[Kin expansion of macro ‘[01m[KCLASS_LOADER_REGISTER_CLASS_INTERNAL_WITH_MESSAGE[m[K’
   CLASS_LOADER_REGISTER_CLASS_INTERNAL_WITH_MESSAGE(Derived, Base, UniqueID, Message)
[01;32m[K   ^[m[K
[01m[K/opt/ros/kinetic/include/class_loader/register_macro.hpp:65:3:[m[K [01;36m[Knote: [m[Kin expansion of macro ‘[01m[KCLASS_LOADER_REGISTER_CLASS_INTERNAL_HOP1_WITH_MESSAGE[m[K’
   CLASS_LOADER_REGISTER_CLASS_INTERNAL_HOP1_WITH_MESSAGE(Derived, Base, __COUNTER__, Message)
[01;32m[K   ^[m[K
[01m[K/opt/ros/kinetic/include/class_loader/register_macro.hpp:72:3:[m[K [01;36m[Knote: [m[Kin expansion of macro ‘[01m[KCLASS_LOADER_REGISTER_CLASS_WITH_MESSAGE[m[K’
   CLASS_LOADER_REGISTER_CLASS_WITH_MESSAGE(Derived, Base, "")
[01;32m[K   ^[m[K
[01m[K/opt/ros/kinetic/include/pluginlib/./class_list_macros.hpp:70:3:[m[K [01;36m[Knote: [m[Kin expansion of macro ‘[01m[KCLASS_LOADER_REGISTER_CLASS[m[K’
   CLASS_LOADER_REGISTER_CLASS(class_type, base_class_type);
[01;32m[K   ^[m[K
[01m[K/home/adrii/talos_public_ws/src/talos_astronaut/astronaut_controllers/src/cartesian_controller.cpp:11:1:[m[K [01;36m[Knote: [m[Kin expansion of macro ‘[01m[KPLUGINLIB_EXPORT_CLASS[m[K’
 PLUGINLIB_EXPORT_CLASS(position_controller::PositionController, controller_interface::ControllerBase);
[01;32m[K ^[m[K
In file included from [01m[K/opt/ros/kinetic/include/class_loader/./class_loader.hpp:43:0[m[K,
                 from [01m[K/opt/ros/kinetic/include/class_loader/class_loader.h:35[m[K,
                 from [01m[K/opt/ros/kinetic/include/pluginlib/./class_list_macros.hpp:40[m[K,
                 from [01m[K/opt/ros/kinetic/include/pluginlib/class_list_macros.h:35[m[K,
                 from [01m[K/home/adrii/talos_public_ws/src/talos_astronaut/astronaut_controllers/src/cartesian_controller.cpp:2[m[K:
[01m[K/opt/ros/kinetic/include/class_loader/class_loader_core.hpp:162:6:[m[K [01;36m[Knote: [m[Kcandidate: template<class Derived, class Base> void class_loader::class_loader_private::registerPlugin(const string&, const string&)
 void registerPlugin(const std::string & class_name, const std::string & base_class_name)
[01;32m[K      ^[m[K
[01m[K/opt/ros/kinetic/include/class_loader/class_loader_core.hpp:162:6:[m[K [01;36m[Knote: [m[K  template argument deduction/substitution failed:
In file included from [01m[K/opt/ros/kinetic/include/class_loader/./class_loader.hpp:45:0[m[K,
                 from [01m[K/opt/ros/kinetic/include/class_loader/class_loader.h:35[m[K,
                 from [01m[K/opt/ros/kinetic/include/pluginlib/./class_list_macros.hpp:40[m[K,
                 from [01m[K/opt/ros/kinetic/include/pluginlib/class_list_macros.h:35[m[K,
                 from [01m[K/home/adrii/talos_public_ws/src/talos_astronaut/astronaut_controllers/src/cartesian_controller.cpp:2[m[K:
[01m[K/opt/ros/kinetic/include/class_loader/register_macro.hpp:51:90:[m[K [01;31m[Kerror: [m[Ktemplate argument 1 is invalid
       class_loader::class_loader_private::registerPlugin<_derived, _base>(#Derived, #Base); \
[01;32m[K                                                                                          ^[m[K
[01m[K/opt/ros/kinetic/include/class_loader/register_macro.hpp:58:3:[m[K [01;36m[Knote: [m[Kin expansion of macro ‘[01m[KCLASS_LOADER_REGISTER_CLASS_INTERNAL_WITH_MESSAGE[m[K’
   CLASS_LOADER_REGISTER_CLASS_INTERNAL_WITH_MESSAGE(Derived, Base, UniqueID, Message)
[01;32m[K   ^[m[K
[01m[K/opt/ros/kinetic/include/class_loader/register_macro.hpp:65:3:[m[K [01;36m[Knote: [m[Kin expansion of macro ‘[01m[KCLASS_LOADER_REGISTER_CLASS_INTERNAL_HOP1_WITH_MESSAGE[m[K’
   CLASS_LOADER_REGISTER_CLASS_INTERNAL_HOP1_WITH_MESSAGE(Derived, Base, __COUNTER__, Message)
[01;32m[K   ^[m[K
[01m[K/opt/ros/kinetic/include/class_loader/register_macro.hpp:72:3:[m[K [01;36m[Knote: [m[Kin expansion of macro ‘[01m[KCLASS_LOADER_REGISTER_CLASS_WITH_MESSAGE[m[K’
   CLASS_LOADER_REGISTER_CLASS_WITH_MESSAGE(Derived, Base, "")
[01;32m[K   ^[m[K
[01m[K/opt/ros/kinetic/include/pluginlib/./class_list_macros.hpp:70:3:[m[K [01;36m[Knote: [m[Kin expansion of macro ‘[01m[KCLASS_LOADER_REGISTER_CLASS[m[K’
   CLASS_LOADER_REGISTER_CLASS(class_type, base_class_type);
[01;32m[K   ^[m[K
[01m[K/home/adrii/talos_public_ws/src/talos_astronaut/astronaut_controllers/src/cartesian_controller.cpp:11:1:[m[K [01;36m[Knote: [m[Kin expansion of macro ‘[01m[KPLUGINLIB_EXPORT_CLASS[m[K’
 PLUGINLIB_EXPORT_CLASS(position_controller::PositionController, controller_interface::ControllerBase);
[01;32m[K ^[m[K
In file included from [01m[K/home/adrii/talos_public_ws/src/ros_control/hardware_interface/include/hardware_interface/robot_hw.h:35:0[m[K,
                 from [01m[K/home/adrii/talos_public_ws/src/ros_control/controller_interface/include/controller_interface/controller_base.h:37[m[K,
                 from [01m[K/home/adrii/talos_public_ws/src/ros_control/controller_interface/include/controller_interface/controller.h:35[m[K,
                 from [01m[K/home/adrii/talos_public_ws/src/talos_astronaut/astronaut_controllers/include/astronaut_controllers/cartesian_controller.h:8[m[K,
                 from [01m[K/home/adrii/talos_public_ws/src/talos_astronaut/astronaut_controllers/src/cartesian_controller.cpp:3[m[K:
/home/adrii/talos_public_ws/src/ros_control/hardware_interface/include/hardware_interface/internal/interface_manager.h: In instantiation of ‘[01m[Kstatic char (& hardware_interface::CheckIsResourceManager<T>::callCM(std::vector<C*>&, C*, typename C::resource_manager_type*))[1] [with C = hardware_interface::EffortJointInterface; T = hardware_interface::EffortJointInterface; hardware_interface::CheckIsResourceManager<T>::yes = char [1]; typename C::resource_manager_type = hardware_interface::ResourceManager<hardware_interface::JointHandle>][m[K’:
[01m[K/home/adrii/talos_public_ws/src/ros_control/hardware_interface/include/hardware_interface/internal/interface_manager.h:83:14:[m[K   required from ‘[01m[Kstatic const void hardware_interface::CheckIsResourceManager<T>::callConcatManagers(std::vector<T*>&, T*) [with T = hardware_interface::EffortJointInterface][m[K’
[01m[K/home/adrii/talos_public_ws/src/ros_control/hardware_interface/include/hardware_interface/internal/interface_manager.h:200:54:[m[K   required from ‘[01m[KT* hardware_interface::InterfaceManager::get() [with T = hardware_interface::EffortJointInterface][m[K’
[01m[K/home/adrii/talos_public_ws/src/ros_control/controller_interface/include/controller_interface/controller.h:110:30:[m[K   required from ‘[01m[Kbool controller_interface::Controller<T>::initRequest(hardware_interface::RobotHW*, ros::NodeHandle&, ros::NodeHandle&, controller_interface::ControllerBase::ClaimedResources&) [with T = hardware_interface::EffortJointInterface; controller_interface::ControllerBase::ClaimedResources = std::vector<hardware_interface::InterfaceResources>][m[K’
[01m[K/home/adrii/talos_public_ws/src/talos_astronaut/astronaut_controllers/src/cartesian_controller.cpp:11:102:[m[K   required from here
[01m[K/home/adrii/talos_public_ws/src/ros_control/hardware_interface/include/hardware_interface/internal/interface_manager.h:73:9:[m[K [01;35m[Kwarning: [m[Kreference to local variable ‘[01m[Ktmp_yes[m[K’ returned [-Wreturn-local-addr]
     yes tmp_yes;
[01;32m[K         ^[m[K
make[2]: *** [CMakeFiles/astronaut_controllers_lib.dir/src/cartesian_controller.cpp.o] Error 1
make[1]: *** [CMakeFiles/astronaut_controllers_lib.dir/all] Error 2
make: *** [all] Error 2
