[  0%] Built target geometry_msgs_generate_messages_nodejs
[  0%] Built target std_msgs_generate_messages_nodejs
[  0%] Built target geometry_msgs_generate_messages_cpp
[  0%] Built target trajectory_msgs_generate_messages_cpp
[  0%] Built target trajectory_msgs_generate_messages_nodejs
[  0%] Built target std_msgs_generate_messages_cpp
[ 13%] Built target matrix_transf
[ 13%] Built target trajectories
[ 13%] Built target std_msgs_generate_messages_lisp
[ 20%] Built target pinocchio_jacobiana
[ 20%] Built target std_msgs_generate_messages_eus
[ 20%] Built target trajectory_msgs_generate_messages_eus
[ 20%] Built target geometry_msgs_generate_messages_lisp
[ 20%] Built target trajectory_msgs_generate_messages_lisp
[ 20%] Built target geometry_msgs_generate_messages_eus
[ 20%] Built target std_msgs_generate_messages_py
[ 20%] Built target trajectory_msgs_generate_messages_py
[ 20%] Built target _astronaut_controllers_generate_messages_check_deps_target_frame
[ 20%] Built target _astronaut_controllers_generate_messages_check_deps_hand_operations
[ 20%] Built target geometry_msgs_generate_messages_py
[ 20%] Built target _astronaut_controllers_generate_messages_check_deps_plot_msg
[ 20%] Built target roscpp_generate_messages_lisp
[ 20%] Built target roscpp_generate_messages_nodejs
[ 20%] Built target roscpp_generate_messages_cpp
[ 20%] Built target rosgraph_msgs_generate_messages_lisp
[ 20%] Built target rosgraph_msgs_generate_messages_nodejs
[ 20%] Built target rosgraph_msgs_generate_messages_cpp
[ 20%] Built target roscpp_generate_messages_py
[ 20%] Built target rosgraph_msgs_generate_messages_eus
[ 20%] Built target rosgraph_msgs_generate_messages_py
[ 20%] Built target roscpp_generate_messages_eus
[ 30%] Built target astronaut_controllers_generate_messages_lisp
[ 40%] Built target astronaut_controllers_generate_messages_cpp
[ 53%] Built target astronaut_controllers_generate_messages_eus
[ 63%] Built target astronaut_controllers_generate_messages_nodejs
[ 80%] Built target astronaut_controllers_generate_messages_py
[ 80%] Built target astronaut_controllers_gencpp
[ 80%] Built target astronaut_controllers_generate_messages
[ 90%] Built target gripper_service
[ 93%] Built target astronaut_controllers_lib
[100%] Built target hand_service
