[  0%] Built target std_msgs_generate_messages_nodejs
[  0%] Built target geometry_msgs_generate_messages_cpp
[  0%] Built target trajectory_msgs_generate_messages_cpp
[  0%] Built target std_msgs_generate_messages_cpp
[  2%] Built target geometry_msgs_generate_messages_nodejs
[  5%] Built target matrix_transf
[ 11%] Built target trajectories
[ 11%] Built target std_msgs_generate_messages_lisp
[ 11%] Built target geometry_msgs_generate_messages_lisp
[ 11%] Built target _astronaut_controllers_generate_messages_check_deps_plot_jnt
[ 11%] Built target trajectory_msgs_generate_messages_lisp
[ 17%] Built target pinocchio_jacobiana
[ 17%] Built target _astronaut_controllers_generate_messages_check_deps_target_frame
[ 17%] Built target trajectory_msgs_generate_messages_nodejs
[ 17%] Built target trajectory_msgs_generate_messages_eus
[ 17%] Built target std_msgs_generate_messages_eus
[ 17%] Built target _astronaut_controllers_generate_messages_check_deps_plot_msg
[ 17%] Built target _astronaut_controllers_generate_messages_check_deps_hand_operations
[ 17%] Built target geometry_msgs_generate_messages_eus
[ 17%] Built target std_msgs_generate_messages_py
[ 17%] Built target trajectory_msgs_generate_messages_py
[ 17%] Built target geometry_msgs_generate_messages_py
[ 17%] Built target roscpp_generate_messages_cpp
[ 17%] Built target roscpp_generate_messages_lisp
[ 17%] Built target rosgraph_msgs_generate_messages_lisp
[ 17%] Built target roscpp_generate_messages_nodejs
[ 17%] Built target rosgraph_msgs_generate_messages_cpp
[ 17%] Built target rosgraph_msgs_generate_messages_nodejs
[ 17%] Built target rosgraph_msgs_generate_messages_eus
[ 17%] Built target roscpp_generate_messages_py
[ 17%] Built target roscpp_generate_messages_eus
[ 17%] Built target rosgraph_msgs_generate_messages_py
[ 31%] Built target astronaut_controllers_generate_messages_eus
[ 42%] Built target astronaut_controllers_generate_messages_nodejs
[ 68%] Built target astronaut_controllers_generate_messages_lisp
[ 71%] Built target astronaut_controllers_generate_messages_py
[ 82%] Built target astronaut_controllers_generate_messages_cpp
[ 82%] Built target astronaut_controllers_gencpp
[ 82%] Built target astronaut_controllers_generate_messages
[100%] Built target hand_service
[100%] Built target astronaut_controllers_lib
[100%] Built target gripper_service
