In file included from [01m[K/opt/openrobots/include/pinocchio/fwd.hpp:25:0[m[K,
                 from [01m[K/opt/openrobots/include/pinocchio/spatial/fwd.hpp:9[m[K,
                 from [01m[K/opt/openrobots/include/pinocchio/multibody/model.hpp:9[m[K,
                 from [01m[K/home/adrii/talos_public_ws/src/talos_astronaut/astronaut_controllers/include/astronaut_controllers/aruco_trajectory_cartesian_controller.h:47[m[K,
                 from [01m[K/home/adrii/talos_public_ws/src/talos_astronaut/astronaut_controllers/src/cartesian_controller.cpp:4[m[K:
[01m[K/opt/openrobots/include/pinocchio/container/boost-container-limits.hpp:18:0:[m[K [01;35m[Kwarning: [m[K"BOOST_MPL_CFG_NO_PREPROCESSED_HEADERS" redefined
   #define BOOST_MPL_CFG_NO_PREPROCESSED_HEADERS
[01;32m[K ^[m[K
[01m[K<command-line>:0:0:[m[K [01;36m[Knote: [m[Kthis is the location of the previous definition
In file included from [01m[K/home/adrii/talos_public_ws/src/talos_astronaut/astronaut_controllers/src/cartesian_controller.cpp:7:0[m[K:
[01m[K/home/adrii/talos_public_ws/src/talos_astronaut/astronaut_controllers/include/astronaut_controllers/torso_effort_controller.h:115:44:[m[K [01;31m[Kerror: [m[Kexpected identifier before numeric constant
             std::vector<float> jnt_effort_(7,0);
[01;32m[K                                            ^[m[K
[01m[K/home/adrii/talos_public_ws/src/talos_astronaut/astronaut_controllers/include/astronaut_controllers/torso_effort_controller.h:115:44:[m[K [01;31m[Kerror: [m[Kexpected ‘[01m[K,[m[K’ or ‘[01m[K...[m[K’ before numeric constant
In file included from [01m[K/home/adrii/talos_public_ws/src/talos_astronaut/astronaut_controllers/include/astronaut_controllers/torso_effort_controller.h:156:0[m[K,
                 from [01m[K/home/adrii/talos_public_ws/src/talos_astronaut/astronaut_controllers/src/cartesian_controller.cpp:7[m[K:
[01m[K/home/adrii/talos_public_ws/src/talos_astronaut/astronaut_controllers/include/astronaut_controllers/torso_effort_controller.hpp:[m[K In member function ‘[01m[Kvirtual bool controller_ns::torso_effort_controller_class::init(hardware_interface::EffortJointInterface*, ros::NodeHandle&)[m[K’:
[01m[K/home/adrii/talos_public_ws/src/talos_astronaut/astronaut_controllers/include/astronaut_controllers/torso_effort_controller.hpp:104:5:[m[K [01;31m[Kerror: [m[K‘[01m[K((controller_ns::torso_effort_controller_class*)this)->controller_ns::torso_effort_controller_class::jnt_effort_[m[K’ does not have class type
     jnt_effort_.resize(kdl_chain.getNrOfJoints());
[01;32m[K     ^[m[K
[01m[K/home/adrii/talos_public_ws/src/talos_astronaut/astronaut_controllers/include/astronaut_controllers/torso_effort_controller.hpp:[m[K In member function ‘[01m[Kvirtual void controller_ns::torso_effort_controller_class::update(const ros::Time&, const ros::Duration&)[m[K’:
[01m[K/home/adrii/talos_public_ws/src/talos_astronaut/astronaut_controllers/include/astronaut_controllers/torso_effort_controller.hpp:179:114:[m[K [01;31m[Kerror: [m[Kno matching function for call to ‘[01m[Kcontroller_ns::torso_effort_controller_class::calculate_jnt_efforts(pinocchio::Model&, KDL::Twist&, KDL::Twist&, KDL::Twist&, KDL::JntArray&, float&, float&)[m[K’
         jnt_effort_ = calculate_jnt_efforts(model, desired_acc, velocity_error, control_error, jnt_vel_, kp_, kv_);
[01;32m[K                                                                                                                  ^[m[K
In file included from [01m[K/home/adrii/talos_public_ws/src/talos_astronaut/astronaut_controllers/src/cartesian_controller.cpp:7:0[m[K:
[01m[K/home/adrii/talos_public_ws/src/talos_astronaut/astronaut_controllers/include/astronaut_controllers/torso_effort_controller.h:78:32:[m[K [01;36m[Knote: [m[Kcandidate: std::vector<float> controller_ns::torso_effort_controller_class::calculate_jnt_efforts(pinocchio::Model, KDL::Twist, KDL::Twist, KDL::Twist, KDL::JntArray)
             std::vector<float> calculate_jnt_efforts(pinocchio::Model model,KDL::Twist dot_dot_Xd, KDL::Twist vel_err, KDL::Twist pos_err, KDL::JntArray jnt_vel);
[01;32m[K                                ^[m[K
[01m[K/home/adrii/talos_public_ws/src/talos_astronaut/astronaut_controllers/include/astronaut_controllers/torso_effort_controller.h:78:32:[m[K [01;36m[Knote: [m[K  candidate expects 5 arguments, 7 provided
In file included from [01m[K/home/adrii/talos_public_ws/src/talos_astronaut/astronaut_controllers/include/astronaut_controllers/torso_effort_controller.h:156:0[m[K,
                 from [01m[K/home/adrii/talos_public_ws/src/talos_astronaut/astronaut_controllers/src/cartesian_controller.cpp:7[m[K:
[01m[K/home/adrii/talos_public_ws/src/talos_astronaut/astronaut_controllers/include/astronaut_controllers/torso_effort_controller.hpp:182:34:[m[K [01;31m[Kerror: [m[Kinvalid use of non-static member function
     writeJointCommand(jnt_effort_);
[01;32m[K                                  ^[m[K
[01m[K/home/adrii/talos_public_ws/src/talos_astronaut/astronaut_controllers/include/astronaut_controllers/torso_effort_controller.hpp:187:23:[m[K [01;31m[Kerror: [m[Kcannot convert ‘[01m[Kstd::vector<float>[m[K’ to ‘[01m[Kastronaut_controllers::plot_msg_<std::allocator<void> >::_x_err_type {aka double}[m[K’ in assignment
     joint_value.x_err = jnt_effort_(0);
[01;32m[K                       ^[m[K
[01m[K/home/adrii/talos_public_ws/src/talos_astronaut/astronaut_controllers/include/astronaut_controllers/torso_effort_controller.hpp:188:23:[m[K [01;31m[Kerror: [m[Kcannot convert ‘[01m[Kstd::vector<float>[m[K’ to ‘[01m[Kastronaut_controllers::plot_msg_<std::allocator<void> >::_y_err_type {aka double}[m[K’ in assignment
     joint_value.y_err = jnt_effort_(1);
[01;32m[K                       ^[m[K
[01m[K/home/adrii/talos_public_ws/src/talos_astronaut/astronaut_controllers/include/astronaut_controllers/torso_effort_controller.hpp:189:23:[m[K [01;31m[Kerror: [m[Kcannot convert ‘[01m[Kstd::vector<float>[m[K’ to ‘[01m[Kastronaut_controllers::plot_msg_<std::allocator<void> >::_z_err_type {aka double}[m[K’ in assignment
     joint_value.z_err = jnt_effort_(2);
[01;32m[K                       ^[m[K
[01m[K/home/adrii/talos_public_ws/src/talos_astronaut/astronaut_controllers/include/astronaut_controllers/torso_effort_controller.hpp:190:26:[m[K [01;31m[Kerror: [m[Kcannot convert ‘[01m[Kstd::vector<float>[m[K’ to ‘[01m[Kastronaut_controllers::plot_msg_<std::allocator<void> >::_roll_err_type {aka double}[m[K’ in assignment
     joint_value.roll_err = jnt_effort_(3);
[01;32m[K                          ^[m[K
[01m[K/home/adrii/talos_public_ws/src/talos_astronaut/astronaut_controllers/include/astronaut_controllers/torso_effort_controller.hpp:191:27:[m[K [01;31m[Kerror: [m[Kcannot convert ‘[01m[Kstd::vector<float>[m[K’ to ‘[01m[Kastronaut_controllers::plot_msg_<std::allocator<void> >::_pitch_err_type {aka double}[m[K’ in assignment
     joint_value.pitch_err = jnt_effort_(4);
[01;32m[K                           ^[m[K
[01m[K/home/adrii/talos_public_ws/src/talos_astronaut/astronaut_controllers/include/astronaut_controllers/torso_effort_controller.hpp:192:25:[m[K [01;31m[Kerror: [m[Kcannot convert ‘[01m[Kstd::vector<float>[m[K’ to ‘[01m[Kastronaut_controllers::plot_msg_<std::allocator<void> >::_yaw_err_type {aka double}[m[K’ in assignment
     joint_value.yaw_err = jnt_effort_(5);
[01;32m[K                         ^[m[K
In file included from [01m[K/home/adrii/talos_public_ws/src/talos_astronaut/astronaut_controllers/include/astronaut_controllers/torso_effort_controller.h:156:0[m[K,
                 from [01m[K/home/adrii/talos_public_ws/src/talos_astronaut/astronaut_controllers/src/cartesian_controller.cpp:7[m[K:
[01m[K/home/adrii/talos_public_ws/src/talos_astronaut/astronaut_controllers/include/astronaut_controllers/torso_effort_controller.hpp:[m[K At global scope:
[01m[K/home/adrii/talos_public_ws/src/talos_astronaut/astronaut_controllers/include/astronaut_controllers/torso_effort_controller.hpp:457:20:[m[K [01;31m[Kerror: [m[Kprototype for ‘[01m[Kstd::vector<float> controller_ns::torso_effort_controller_class::calculate_jnt_efforts(pinocchio::Model, KDL::Twist, KDL::Twist, KDL::Twist, KDL::JntArray, float, float)[m[K’ does not match any in class ‘[01m[Kcontroller_ns::torso_effort_controller_class[m[K’
 std::vector<float> torso_effort_controller_class::calculate_jnt_efforts(pinocchio::Model model, KDL::Twist dot_dot_Xd, KDL::Twist dot_X_err, KDL::Twist x_err, KDL::JntArray jnt_vel, float kp, float kv){
[01;32m[K                    ^[m[K
In file included from [01m[K/home/adrii/talos_public_ws/src/talos_astronaut/astronaut_controllers/src/cartesian_controller.cpp:7:0[m[K:
[01m[K/home/adrii/talos_public_ws/src/talos_astronaut/astronaut_controllers/include/astronaut_controllers/torso_effort_controller.h:78:32:[m[K [01;31m[Kerror: [m[Kcandidate is: std::vector<float> controller_ns::torso_effort_controller_class::calculate_jnt_efforts(pinocchio::Model, KDL::Twist, KDL::Twist, KDL::Twist, KDL::JntArray)
             std::vector<float> calculate_jnt_efforts(pinocchio::Model model,KDL::Twist dot_dot_Xd, KDL::Twist vel_err, KDL::Twist pos_err, KDL::JntArray jnt_vel);
[01;32m[K                                ^[m[K
In file included from [01m[K/home/adrii/talos_public_ws/src/ros_control/hardware_interface/include/hardware_interface/robot_hw.h:35:0[m[K,
                 from [01m[K/home/adrii/talos_public_ws/src/ros_control/controller_interface/include/controller_interface/controller_base.h:37[m[K,
                 from [01m[K/home/adrii/talos_public_ws/src/ros_control/controller_interface/include/controller_interface/controller.h:35[m[K,
                 from [01m[K/home/adrii/talos_public_ws/src/talos_astronaut/astronaut_controllers/include/astronaut_controllers/aruco_cartesian_controller.h:9[m[K,
                 from [01m[K/home/adrii/talos_public_ws/src/talos_astronaut/astronaut_controllers/src/cartesian_controller.cpp:3[m[K:
/home/adrii/talos_public_ws/src/ros_control/hardware_interface/include/hardware_interface/internal/interface_manager.h: In instantiation of ‘[01m[Kstatic char (& hardware_interface::CheckIsResourceManager<T>::callCM(std::vector<C*>&, C*, typename C::resource_manager_type*))[1] [with C = hardware_interface::EffortJointInterface; T = hardware_interface::EffortJointInterface; hardware_interface::CheckIsResourceManager<T>::yes = char [1]; typename C::resource_manager_type = hardware_interface::ResourceManager<hardware_interface::JointHandle>][m[K’:
[01m[K/home/adrii/talos_public_ws/src/ros_control/hardware_interface/include/hardware_interface/internal/interface_manager.h:83:14:[m[K   required from ‘[01m[Kstatic const void hardware_interface::CheckIsResourceManager<T>::callConcatManagers(std::vector<T*>&, T*) [with T = hardware_interface::EffortJointInterface][m[K’
[01m[K/home/adrii/talos_public_ws/src/ros_control/hardware_interface/include/hardware_interface/internal/interface_manager.h:200:54:[m[K   required from ‘[01m[KT* hardware_interface::InterfaceManager::get() [with T = hardware_interface::EffortJointInterface][m[K’
[01m[K/home/adrii/talos_public_ws/src/ros_control/controller_interface/include/controller_interface/controller.h:110:30:[m[K   required from ‘[01m[Kbool controller_interface::Controller<T>::initRequest(hardware_interface::RobotHW*, ros::NodeHandle&, ros::NodeHandle&, controller_interface::ControllerBase::ClaimedResources&) [with T = hardware_interface::EffortJointInterface; controller_interface::ControllerBase::ClaimedResources = std::vector<hardware_interface::InterfaceResources>][m[K’
[01m[K/home/adrii/talos_public_ws/src/talos_astronaut/astronaut_controllers/src/cartesian_controller.cpp:27:105:[m[K   required from here
[01m[K/home/adrii/talos_public_ws/src/ros_control/hardware_interface/include/hardware_interface/internal/interface_manager.h:73:9:[m[K [01;35m[Kwarning: [m[Kreference to local variable ‘[01m[Ktmp_yes[m[K’ returned [-Wreturn-local-addr]
     yes tmp_yes;
[01;32m[K         ^[m[K
make[2]: *** [CMakeFiles/astronaut_controllers_lib.dir/src/cartesian_controller.cpp.o] Error 1
make[1]: *** [CMakeFiles/astronaut_controllers_lib.dir/all] Error 2
make: *** [all] Error 2
