[  0%] Built target std_msgs_generate_messages_cpp
[  0%] Built target geometry_msgs_generate_messages_cpp
[  0%] Built target trajectory_msgs_generate_messages_cpp
[  0%] Built target geometry_msgs_generate_messages_nodejs
[  0%] Built target std_msgs_generate_messages_nodejs
[  0%] Built target _astronaut_controllers_generate_messages_check_deps_hand_operations
[  0%] Built target std_msgs_generate_messages_lisp
[  0%] Built target trajectory_msgs_generate_messages_nodejs
[  0%] Built target geometry_msgs_generate_messages_lisp
[  0%] Built target trajectory_msgs_generate_messages_lisp
[  0%] Built target _astronaut_controllers_generate_messages_check_deps_target_frame
[  0%] Built target std_msgs_generate_messages_eus
[  0%] Built target trajectory_msgs_generate_messages_eus
[  0%] Built target geometry_msgs_generate_messages_eus
[  0%] Built target std_msgs_generate_messages_py
[  0%] Built target trajectory_msgs_generate_messages_py
[35m[1mScanning dependencies of target matrix_transf[0m
[  0%] Built target geometry_msgs_generate_messages_py
[ 10%] Built target astronaut_controllers_generate_messages_cpp
[ 15%] [32mBuilding CXX object CMakeFiles/matrix_transf.dir/src/matrix_transf.cpp.o[0m
[ 26%] Built target astronaut_controllers_lib
[ 36%] Built target astronaut_controllers_generate_messages_nodejs
[ 47%] Built target astronaut_controllers_generate_messages_lisp
[ 63%] Built target astronaut_controllers_generate_messages_eus
[ 84%] Built target astronaut_controllers_generate_messages_py
[ 84%] Built target astronaut_controllers_gencpp
[ 84%] Built target astronaut_controllers_generate_messages
[ 94%] Built target hand_service
[100%] [32m[1mLinking CXX executable /home/adrii/talos_public_ws/devel/.private/astronaut_controllers/lib/astronaut_controllers/matrix_transf[0m
[100%] Built target matrix_transf
