[  0%] Built target std_msgs_generate_messages_cpp
[  9%] Built target trajectories
[  9%] Built target geometry_msgs_generate_messages_cpp
[  9%] Built target trajectory_msgs_generate_messages_cpp
[  9%] Built target std_msgs_generate_messages_nodejs
[  9%] Built target geometry_msgs_generate_messages_nodejs
[  9%] Built target _astronaut_controllers_generate_messages_check_deps_target_frame
[  9%] Built target _astronaut_controllers_generate_messages_check_deps_hand_operations
[  9%] Built target trajectory_msgs_generate_messages_nodejs
[  9%] Built target std_msgs_generate_messages_lisp
[  9%] Built target trajectory_msgs_generate_messages_lisp
[  9%] Built target geometry_msgs_generate_messages_lisp
[  9%] Built target geometry_msgs_generate_messages_eus
[  9%] Built target trajectory_msgs_generate_messages_py
[  9%] Built target std_msgs_generate_messages_py
[  9%] Built target trajectory_msgs_generate_messages_eus
[  9%] Built target std_msgs_generate_messages_eus
[ 19%] Built target astronaut_controllers_lib
[ 19%] Built target geometry_msgs_generate_messages_py
[ 28%] Built target astronaut_controllers_generate_messages_nodejs
[ 38%] Built target astronaut_controllers_generate_messages_cpp
[ 47%] Built target matrix_transf
[ 57%] Built target astronaut_controllers_generate_messages_lisp
[ 71%] Built target astronaut_controllers_generate_messages_eus
[ 90%] Built target astronaut_controllers_generate_messages_py
[ 90%] Built target astronaut_controllers_gencpp
[ 90%] Built target astronaut_controllers_generate_messages
[100%] Built target hand_service
