[  0%] Built target std_msgs_generate_messages_cpp
[  0%] Built target geometry_msgs_generate_messages_cpp
[  0%] Built target trajectory_msgs_generate_messages_cpp
[  0%] Built target geometry_msgs_generate_messages_nodejs
[  0%] Built target std_msgs_generate_messages_nodejs
[  0%] Built target _astronaut_controllers_generate_messages_check_deps_hand_operations
[  0%] Built target trajectory_msgs_generate_messages_nodejs
[  0%] Built target std_msgs_generate_messages_lisp
[  0%] Built target geometry_msgs_generate_messages_lisp
[  0%] Built target _astronaut_controllers_generate_messages_check_deps_target_frame
[  0%] Built target trajectory_msgs_generate_messages_lisp
[  0%] Built target std_msgs_generate_messages_eus
[  0%] Built target geometry_msgs_generate_messages_eus
[  0%] Built target trajectory_msgs_generate_messages_eus
[  0%] Built target geometry_msgs_generate_messages_py
[  0%] Built target std_msgs_generate_messages_py
[  0%] Built target trajectory_msgs_generate_messages_py
[ 11%] Built target astronaut_controllers_generate_messages_cpp
[ 23%] Built target astronaut_controllers_generate_messages_nodejs
[ 35%] Built target astronaut_controllers_generate_messages_lisp
[ 47%] Built target astronaut_controllers_lib
[ 64%] Built target astronaut_controllers_generate_messages_eus
[ 88%] Built target astronaut_controllers_generate_messages_py
[ 88%] Built target astronaut_controllers_gencpp
[35m[1mScanning dependencies of target hand_service[0m
[ 88%] Built target astronaut_controllers_generate_messages
[ 94%] [32mBuilding CXX object CMakeFiles/hand_service.dir/src/hand_service.cpp.o[0m
[100%] [32m[1mLinking CXX executable /home/adrii/talos_public_ws/devel/.private/astronaut_controllers/lib/astronaut_controllers/hand_service[0m
[100%] Built target hand_service
