[35m[1mScanning dependencies of target _astronaut_controllers_generate_messages_check_deps_plot_msg[0m
[  0%] Built target std_msgs_generate_messages_nodejs
[  0%] Built target geometry_msgs_generate_messages_cpp
[  0%] Built target std_msgs_generate_messages_cpp
[  0%] Built target trajectory_msgs_generate_messages_cpp
[  0%] Built target trajectory_msgs_generate_messages_nodejs
[  0%] Built target trajectory_msgs_generate_messages_lisp
[  0%] Built target geometry_msgs_generate_messages_nodejs
[  0%] Built target std_msgs_generate_messages_lisp
[  0%] Built target geometry_msgs_generate_messages_lisp
[  0%] Built target geometry_msgs_generate_messages_eus
[  0%] Built target std_msgs_generate_messages_py
[35m[1mScanning dependencies of target astronaut_controllers_lib[0m
[  0%] Built target geometry_msgs_generate_messages_py
[  0%] Built target std_msgs_generate_messages_eus
[  0%] Built target trajectory_msgs_generate_messages_py
[  0%] Built target trajectory_msgs_generate_messages_eus
[  7%] Built target matrix_transf
[  7%] Built target _astronaut_controllers_generate_messages_check_deps_target_frame
[  7%] Built target _astronaut_controllers_generate_messages_check_deps_plot_msg
[ 14%] Built target trajectories
[ 14%] Built target _astronaut_controllers_generate_messages_check_deps_hand_operations
[ 17%] [32mBuilding CXX object CMakeFiles/astronaut_controllers_lib.dir/src/cartesian_controller.cpp.o[0m
[ 32%] [34m[1mGenerating Javascript code from astronaut_controllers/plot_msg.msg[0m
[ 32%] [34m[1mGenerating EusLisp code from astronaut_controllers/plot_msg.msg[0m
[ 32%] [34m[1mGenerating Lisp code from astronaut_controllers/plot_msg.msg[0m
[ 32%] [34m[1mGenerating Python from MSG astronaut_controllers/plot_msg[0m
[ 35%] [34m[1mGenerating C++ code from astronaut_controllers/plot_msg.msg[0m
[ 50%] Built target astronaut_controllers_generate_messages_nodejs
[ 50%] Built target astronaut_controllers_generate_messages_lisp
[ 60%] Built target astronaut_controllers_generate_messages_eus
[ 64%] [34m[1mGenerating Python msg __init__.py for astronaut_controllers[0m
[ 67%] [34m[1mGenerating Python srv __init__.py for astronaut_controllers[0m
[ 75%] Built target astronaut_controllers_generate_messages_cpp
[ 75%] Built target astronaut_controllers_gencpp
[ 89%] Built target gripper_service
[ 89%] Built target hand_service
[ 96%] Built target astronaut_controllers_generate_messages_py
[ 96%] Built target astronaut_controllers_generate_messages
In file included from [01m[K/home/adrii/talos_public_ws/src/ros_control/hardware_interface/include/hardware_interface/robot_hw.h:35:0[m[K,
                 from [01m[K/home/adrii/talos_public_ws/src/ros_control/controller_interface/include/controller_interface/controller_base.h:37[m[K,
                 from [01m[K/home/adrii/talos_public_ws/src/ros_control/controller_interface/include/controller_interface/controller.h:35[m[K,
                 from [01m[K/home/adrii/talos_public_ws/src/talos_astronaut/astronaut_controllers/include/astronaut_controllers/aruco_cartesian_controller.h:9[m[K,
                 from [01m[K/home/adrii/talos_public_ws/src/talos_astronaut/astronaut_controllers/src/cartesian_controller.cpp:3[m[K:
/home/adrii/talos_public_ws/src/ros_control/hardware_interface/include/hardware_interface/internal/interface_manager.h: In instantiation of ‘[01m[Kstatic char (& hardware_interface::CheckIsResourceManager<T>::callCM(std::vector<C*>&, C*, typename C::resource_manager_type*))[1] [with C = hardware_interface::EffortJointInterface; T = hardware_interface::EffortJointInterface; hardware_interface::CheckIsResourceManager<T>::yes = char [1]; typename C::resource_manager_type = hardware_interface::ResourceManager<hardware_interface::JointHandle>][m[K’:
[01m[K/home/adrii/talos_public_ws/src/ros_control/hardware_interface/include/hardware_interface/internal/interface_manager.h:83:14:[m[K   required from ‘[01m[Kstatic const void hardware_interface::CheckIsResourceManager<T>::callConcatManagers(std::vector<T*>&, T*) [with T = hardware_interface::EffortJointInterface][m[K’
[01m[K/home/adrii/talos_public_ws/src/ros_control/hardware_interface/include/hardware_interface/internal/interface_manager.h:200:54:[m[K   required from ‘[01m[KT* hardware_interface::InterfaceManager::get() [with T = hardware_interface::EffortJointInterface][m[K’
[01m[K/home/adrii/talos_public_ws/src/ros_control/controller_interface/include/controller_interface/controller.h:110:30:[m[K   required from ‘[01m[Kbool controller_interface::Controller<T>::initRequest(hardware_interface::RobotHW*, ros::NodeHandle&, ros::NodeHandle&, controller_interface::ControllerBase::ClaimedResources&) [with T = hardware_interface::EffortJointInterface; controller_interface::ControllerBase::ClaimedResources = std::vector<hardware_interface::InterfaceResources>][m[K’
[01m[K/home/adrii/talos_public_ws/src/talos_astronaut/astronaut_controllers/src/cartesian_controller.cpp:23:113:[m[K   required from here
[01m[K/home/adrii/talos_public_ws/src/ros_control/hardware_interface/include/hardware_interface/internal/interface_manager.h:73:9:[m[K [01;35m[Kwarning: [m[Kreference to local variable ‘[01m[Ktmp_yes[m[K’ returned [-Wreturn-local-addr]
     yes tmp_yes;
[01;32m[K         ^[m[K
[100%] [32m[1mLinking CXX shared library /home/adrii/talos_public_ws/devel/.private/astronaut_controllers/lib/libastronaut_controllers_lib.so[0m
[100%] Built target astronaut_controllers_lib
