[  0%] Built target std_msgs_generate_messages_nodejs
[  0%] Built target trajectory_msgs_generate_messages_cpp
[  0%] Built target geometry_msgs_generate_messages_cpp
[  0%] Built target std_msgs_generate_messages_cpp
[  0%] Built target geometry_msgs_generate_messages_nodejs
[  5%] Built target matrix_transf
[ 11%] Built target trajectories
[ 17%] Built target pinocchio_jacobiana
[ 17%] Built target trajectory_msgs_generate_messages_nodejs
[ 17%] Built target geometry_msgs_generate_messages_lisp
[ 17%] Built target std_msgs_generate_messages_eus
[ 17%] Built target std_msgs_generate_messages_lisp
[ 17%] Built target trajectory_msgs_generate_messages_lisp
[ 17%] Built target geometry_msgs_generate_messages_eus
[ 17%] Built target _astronaut_controllers_generate_messages_check_deps_plot_msg
[ 17%] Built target _astronaut_controllers_generate_messages_check_deps_plot_jnt
[ 17%] Built target trajectory_msgs_generate_messages_eus
[ 17%] Built target _astronaut_controllers_generate_messages_check_deps_hand_operations
[ 17%] Built target _astronaut_controllers_generate_messages_check_deps_target_frame
[ 17%] Built target std_msgs_generate_messages_py
[ 17%] Built target trajectory_msgs_generate_messages_py
[ 17%] Built target geometry_msgs_generate_messages_py
[ 17%] Built target roscpp_generate_messages_lisp
[ 17%] Built target roscpp_generate_messages_cpp
[ 17%] Built target rosgraph_msgs_generate_messages_lisp
[ 17%] Built target roscpp_generate_messages_nodejs
[ 17%] Built target rosgraph_msgs_generate_messages_nodejs
[ 17%] Built target rosgraph_msgs_generate_messages_cpp
[ 17%] Built target rosgraph_msgs_generate_messages_eus
[ 17%] Built target roscpp_generate_messages_py
[ 17%] Built target rosgraph_msgs_generate_messages_py
[ 17%] Built target roscpp_generate_messages_eus
[ 28%] Built target astronaut_controllers_generate_messages_lisp
[ 42%] Built target astronaut_controllers_generate_messages_eus
[ 54%] Built target astronaut_controllers_generate_messages_cpp
[ 65%] Built target astronaut_controllers_generate_messages_nodejs
[ 82%] Built target astronaut_controllers_generate_messages_py
[35m[1mScanning dependencies of target astronaut_controllers_lib[0m
[ 82%] Built target astronaut_controllers_gencpp
[ 82%] Built target astronaut_controllers_generate_messages
[ 94%] Built target hand_service
[ 94%] Built target gripper_service
[ 97%] [32mBuilding CXX object CMakeFiles/astronaut_controllers_lib.dir/src/cartesian_controller.cpp.o[0m
In file included from [01m[K/opt/openrobots/include/pinocchio/fwd.hpp:25:0[m[K,
                 from [01m[K/opt/openrobots/include/pinocchio/spatial/fwd.hpp:9[m[K,
                 from [01m[K/opt/openrobots/include/pinocchio/multibody/model.hpp:9[m[K,
                 from [01m[K/home/adrii/talos_public_ws/src/talos_astronaut/astronaut_controllers/include/astronaut_controllers/aruco_trajectory_cartesian_controller.h:48[m[K,
                 from [01m[K/home/adrii/talos_public_ws/src/talos_astronaut/astronaut_controllers/src/cartesian_controller.cpp:4[m[K:
[01m[K/opt/openrobots/include/pinocchio/container/boost-container-limits.hpp:18:0:[m[K [01;35m[Kwarning: [m[K"BOOST_MPL_CFG_NO_PREPROCESSED_HEADERS" redefined
   #define BOOST_MPL_CFG_NO_PREPROCESSED_HEADERS
[01;32m[K ^[m[K
[01m[K<command-line>:0:0:[m[K [01;36m[Knote: [m[Kthis is the location of the previous definition
In file included from [01m[K/home/adrii/talos_public_ws/src/talos_astronaut/astronaut_controllers/include/astronaut_controllers/aruco_trajectory_cartesian_controller.h:154:0[m[K,
                 from [01m[K/home/adrii/talos_public_ws/src/talos_astronaut/astronaut_controllers/src/cartesian_controller.cpp:4[m[K:
[01m[K/home/adrii/talos_public_ws/src/talos_astronaut/astronaut_controllers/include/astronaut_controllers/aruco_trajectory_cartesian_controller.hpp:[m[K In member function ‘[01m[Kvirtual void controller_ns::aruco_trajectory_cartesian_controller_class::update(const ros::Time&, const ros::Duration&)[m[K’:
[01m[K/home/adrii/talos_public_ws/src/talos_astronaut/astronaut_controllers/include/astronaut_controllers/aruco_trajectory_cartesian_controller.hpp:190:24:[m[K [01;31m[Kerror: [m[K‘[01m[Ktarget_frame[m[K’ was not declared in this scope
         prev_target_ = target_frame;
[01;32m[K                        ^[m[K
[01m[K/home/adrii/talos_public_ws/src/talos_astronaut/astronaut_controllers/include/astronaut_controllers/aruco_trajectory_cartesian_controller.hpp:190:24:[m[K [01;36m[Knote: [m[Ksuggested alternative:
In file included from [01m[K/home/adrii/talos_public_ws/src/talos_astronaut/astronaut_controllers/include/astronaut_controllers/aruco_cartesian_controller.h:33:0[m[K,
                 from [01m[K/home/adrii/talos_public_ws/src/talos_astronaut/astronaut_controllers/src/cartesian_controller.cpp:3[m[K:
[01m[K/home/adrii/talos_public_ws/devel/.private/astronaut_controllers/include/astronaut_controllers/target_frame.h:78:71:[m[K [01;36m[Knote: [m[K  ‘[01m[Kastronaut_controllers::target_frame[m[K’
 typedef ::astronaut_controllers::target_frame_<std::allocator<void> > target_frame;
[01;32m[K                                                                       ^[m[K
In file included from [01m[K/home/adrii/talos_public_ws/src/ros_control/hardware_interface/include/hardware_interface/robot_hw.h:35:0[m[K,
                 from [01m[K/home/adrii/talos_public_ws/src/ros_control/controller_interface/include/controller_interface/controller_base.h:37[m[K,
                 from [01m[K/home/adrii/talos_public_ws/src/ros_control/controller_interface/include/controller_interface/controller.h:35[m[K,
                 from [01m[K/home/adrii/talos_public_ws/src/talos_astronaut/astronaut_controllers/include/astronaut_controllers/aruco_cartesian_controller.h:9[m[K,
                 from [01m[K/home/adrii/talos_public_ws/src/talos_astronaut/astronaut_controllers/src/cartesian_controller.cpp:3[m[K:
/home/adrii/talos_public_ws/src/ros_control/hardware_interface/include/hardware_interface/internal/interface_manager.h: In instantiation of ‘[01m[Kstatic char (& hardware_interface::CheckIsResourceManager<T>::callCM(std::vector<C*>&, C*, typename C::resource_manager_type*))[1] [with C = hardware_interface::EffortJointInterface; T = hardware_interface::EffortJointInterface; hardware_interface::CheckIsResourceManager<T>::yes = char [1]; typename C::resource_manager_type = hardware_interface::ResourceManager<hardware_interface::JointHandle>][m[K’:
[01m[K/home/adrii/talos_public_ws/src/ros_control/hardware_interface/include/hardware_interface/internal/interface_manager.h:83:14:[m[K   required from ‘[01m[Kstatic const void hardware_interface::CheckIsResourceManager<T>::callConcatManagers(std::vector<T*>&, T*) [with T = hardware_interface::EffortJointInterface][m[K’
[01m[K/home/adrii/talos_public_ws/src/ros_control/hardware_interface/include/hardware_interface/internal/interface_manager.h:200:54:[m[K   required from ‘[01m[KT* hardware_interface::InterfaceManager::get() [with T = hardware_interface::EffortJointInterface][m[K’
[01m[K/home/adrii/talos_public_ws/src/ros_control/controller_interface/include/controller_interface/controller.h:110:30:[m[K   required from ‘[01m[Kbool controller_interface::Controller<T>::initRequest(hardware_interface::RobotHW*, ros::NodeHandle&, ros::NodeHandle&, controller_interface::ControllerBase::ClaimedResources&) [with T = hardware_interface::EffortJointInterface; controller_interface::ControllerBase::ClaimedResources = std::vector<hardware_interface::InterfaceResources>][m[K’
[01m[K/home/adrii/talos_public_ws/src/talos_astronaut/astronaut_controllers/src/cartesian_controller.cpp:31:115:[m[K   required from here
[01m[K/home/adrii/talos_public_ws/src/ros_control/hardware_interface/include/hardware_interface/internal/interface_manager.h:73:9:[m[K [01;35m[Kwarning: [m[Kreference to local variable ‘[01m[Ktmp_yes[m[K’ returned [-Wreturn-local-addr]
     yes tmp_yes;
[01;32m[K         ^[m[K
CMakeFiles/astronaut_controllers_lib.dir/build.make:62: fallo en las instrucciones para el objetivo 'CMakeFiles/astronaut_controllers_lib.dir/src/cartesian_controller.cpp.o'
make[2]: *** [CMakeFiles/astronaut_controllers_lib.dir/src/cartesian_controller.cpp.o] Error 1
CMakeFiles/Makefile2:1760: fallo en las instrucciones para el objetivo 'CMakeFiles/astronaut_controllers_lib.dir/all'
make[1]: *** [CMakeFiles/astronaut_controllers_lib.dir/all] Error 2
Makefile:138: fallo en las instrucciones para el objetivo 'all'
make: *** [all] Error 2
