[  0%] Built target std_msgs_generate_messages_cpp
[  0%] Built target geometry_msgs_generate_messages_cpp
[  0%] Built target trajectory_msgs_generate_messages_cpp
[  0%] Built target _astronaut_controllers_generate_messages_check_deps_hand_operations
[  0%] Built target geometry_msgs_generate_messages_nodejs
[  0%] Built target std_msgs_generate_messages_nodejs
[  0%] Built target _astronaut_controllers_generate_messages_check_deps_target_frame
[  0%] Built target geometry_msgs_generate_messages_lisp
[  0%] Built target std_msgs_generate_messages_lisp
[  0%] Built target trajectory_msgs_generate_messages_nodejs
[  0%] Built target trajectory_msgs_generate_messages_lisp
[  0%] Built target std_msgs_generate_messages_eus
[  0%] Built target geometry_msgs_generate_messages_eus
[  0%] Built target trajectory_msgs_generate_messages_eus
[  0%] Built target std_msgs_generate_messages_py
[  0%] Built target trajectory_msgs_generate_messages_py
[  0%] Built target geometry_msgs_generate_messages_py
[ 10%] Built target astronaut_controllers_lib
[ 21%] Built target astronaut_controllers_generate_messages_nodejs
[ 31%] Built target astronaut_controllers_generate_messages_lisp
[ 42%] Built target matrix_transf
[ 52%] Built target astronaut_controllers_generate_messages_cpp
[ 73%] Built target astronaut_controllers_generate_messages_py
[ 89%] Built target astronaut_controllers_generate_messages_eus
[ 89%] Built target astronaut_controllers_gencpp
[35m[1mScanning dependencies of target hand_service[0m
[ 89%] Built target astronaut_controllers_generate_messages
[ 94%] [32mBuilding CXX object CMakeFiles/hand_service.dir/src/hand_service.cpp.o[0m
[100%] [32m[1mLinking CXX executable /home/adrii/talos_public_ws/devel/.private/astronaut_controllers/lib/astronaut_controllers/hand_service[0m
[100%] Built target hand_service
