[01m[K/home/adrii/talos_public_ws/src/talos_astronaut/astronaut_controllers/src/matrix_transf.cpp:[m[K In function ‘[01m[Kint main(int, char**)[m[K’:
[01m[K/home/adrii/talos_public_ws/src/talos_astronaut/astronaut_controllers/src/matrix_transf.cpp:11:112:[m[K [01;31m[Kerror: [m[Kno matching function for call to ‘[01m[KKDL::Vector::Vector(int, int, double, double)[m[K’
     KDL::Frame world_2_pto = KDL::Frame(KDL::Rotation::RPY(-2.075, 1.327, 1.052), KDL::Vector(-4,98, 2.04, 0.65));
[01;32m[K                                                                                                                ^[m[K
In file included from [01m[K/opt/ros/kinetic/include/kdl/frames.hpp:1261:0[m[K,
                 from [01m[K/home/adrii/talos_public_ws/src/talos_astronaut/astronaut_controllers/src/matrix_transf.cpp:1[m[K:
[01m[K/opt/ros/kinetic/include/kdl/frames.inl:36:9:[m[K [01;36m[Knote: [m[Kcandidate: KDL::Vector::Vector(const KDL::Vector&)
 IMETHOD Vector::Vector(const Vector & arg)
[01;32m[K         ^[m[K
[01m[K/opt/ros/kinetic/include/kdl/frames.inl:36:9:[m[K [01;36m[Knote: [m[K  candidate expects 1 argument, 4 provided
[01m[K/opt/ros/kinetic/include/kdl/frames.inl:43:9:[m[K [01;36m[Knote: [m[Kcandidate: KDL::Vector::Vector(double, double, double)
 IMETHOD Vector::Vector(double x,double y, double z)
[01;32m[K         ^[m[K
[01m[K/opt/ros/kinetic/include/kdl/frames.inl:43:9:[m[K [01;36m[Knote: [m[K  candidate expects 3 arguments, 4 provided
In file included from [01m[K/home/adrii/talos_public_ws/src/talos_astronaut/astronaut_controllers/src/matrix_transf.cpp:1:0[m[K:
[01m[K/opt/ros/kinetic/include/kdl/frames.hpp:165:13:[m[K [01;36m[Knote: [m[Kcandidate: KDL::Vector::Vector()
      inline Vector() {data[0]=data[1]=data[2] = 0.0;}
[01;32m[K             ^[m[K
[01m[K/opt/ros/kinetic/include/kdl/frames.hpp:165:13:[m[K [01;36m[Knote: [m[K  candidate expects 0 arguments, 4 provided
make[2]: *** [CMakeFiles/matrix_transf.dir/src/matrix_transf.cpp.o] Error 1
make[1]: *** [CMakeFiles/matrix_transf.dir/all] Error 2
make: *** [all] Error 2
