In file included from [01m[K/home/adrii/talos_public_ws/src/talos_astronaut/astronaut_controllers/include/astronaut_controllers/aruco_trajectory_cartesian_controller.h:117:0[m[K,
                 from [01m[K/home/adrii/talos_public_ws/src/talos_astronaut/astronaut_controllers/src/cartesian_controller.cpp:4[m[K:
[01m[K/home/adrii/talos_public_ws/src/talos_astronaut/astronaut_controllers/include/astronaut_controllers/aruco_trajectory_cartesian_controller.hpp:[m[K In member function ‘[01m[Kvirtual void controller_ns::aruco_trajectory_cartesian_controller_class::update(const ros::Time&, const ros::Duration&)[m[K’:
[01m[K/home/adrii/talos_public_ws/src/talos_astronaut/astronaut_controllers/include/astronaut_controllers/aruco_trajectory_cartesian_controller.hpp:181:5:[m[K [01;31m[Kerror: [m[K‘[01m[Kget[m[K’ was not declared in this scope
     get actual cartesian velocities
[01;32m[K     ^[m[K
[01m[K/home/adrii/talos_public_ws/src/talos_astronaut/astronaut_controllers/include/astronaut_controllers/aruco_trajectory_cartesian_controller.hpp:181:5:[m[K [01;36m[Knote: [m[Ksuggested alternatives:
In file included from [01m[K/usr/include/c++/5/functional:55:0[m[K,
                 from [01m[K/usr/include/c++/5/memory:79[m[K,
                 from [01m[K/usr/include/boost/config/no_tr1/memory.hpp:21[m[K,
                 from [01m[K/usr/include/boost/get_pointer.hpp:14[m[K,
                 from [01m[K/usr/include/boost/bind/mem_fn.hpp:25[m[K,
                 from [01m[K/usr/include/boost/mem_fn.hpp:22[m[K,
                 from [01m[K/usr/include/boost/bind/bind.hpp:26[m[K,
                 from [01m[K/usr/include/boost/bind.hpp:22[m[K,
                 from [01m[K/opt/ros/kinetic/include/class_loader/./class_loader.hpp:35[m[K,
                 from [01m[K/opt/ros/kinetic/include/class_loader/class_loader.h:35[m[K,
                 from [01m[K/opt/ros/kinetic/include/pluginlib/./class_list_macros.hpp:40[m[K,
                 from [01m[K/opt/ros/kinetic/include/pluginlib/class_list_macros.h:35[m[K,
                 from [01m[K/home/adrii/talos_public_ws/src/talos_astronaut/astronaut_controllers/src/cartesian_controller.cpp:2[m[K:
[01m[K/usr/include/c++/5/tuple:844:5:[m[K [01;36m[Knote: [m[K  ‘[01m[Kstd::get[m[K’
     get(tuple<_Elements...>&& __t) noexcept
[01;32m[K     ^[m[K
In file included from [01m[K/usr/include/boost/optional.hpp:15:0[m[K,
                 from [01m[K/usr/include/boost/format/internals.hpp:20[m[K,
                 from [01m[K/usr/include/boost/format.hpp:38[m[K,
                 from [01m[K/usr/include/boost/math/policies/error_handling.hpp:31[m[K,
                 from [01m[K/usr/include/boost/math/special_functions/round.hpp:14[m[K,
                 from [01m[K/opt/ros/kinetic/include/ros/time.h:58[m[K,
                 from [01m[K/opt/ros/kinetic/include/ros/ros.h:38[m[K,
                 from [01m[K/home/adrii/talos_public_ws/src/talos_astronaut/astronaut_controllers/include/astronaut_controllers/aruco_cartesian_controller.h:4[m[K,
                 from [01m[K/home/adrii/talos_public_ws/src/talos_astronaut/astronaut_controllers/src/cartesian_controller.cpp:3[m[K:
[01m[K/usr/include/boost/optional/optional.hpp:1210:1:[m[K [01;36m[Knote: [m[K  ‘[01m[Kboost::get[m[K’
 get ( optional<T>* opt )
[01;32m[K ^[m[K
In file included from [01m[K/opt/ros/kinetic/include/ros/ros.h:54:0[m[K,
                 from [01m[K/home/adrii/talos_public_ws/src/talos_astronaut/astronaut_controllers/include/astronaut_controllers/aruco_cartesian_controller.h:4[m[K,
                 from [01m[K/home/adrii/talos_public_ws/src/talos_astronaut/astronaut_controllers/src/cartesian_controller.cpp:3[m[K:
[01m[K/opt/ros/kinetic/include/ros/param.h:465:18:[m[K [01;36m[Knote: [m[K  ‘[01m[Kros::param::get[m[K’
 ROSCPP_DECL bool get(const std::string& key, std::map<std::string, bool>& map);
[01;32m[K                  ^[m[K
In file included from [01m[K/home/adrii/talos_public_ws/src/talos_astronaut/astronaut_controllers/include/astronaut_controllers/aruco_trajectory_cartesian_controller.h:117:0[m[K,
                 from [01m[K/home/adrii/talos_public_ws/src/talos_astronaut/astronaut_controllers/src/cartesian_controller.cpp:4[m[K:
[01m[K/home/adrii/talos_public_ws/src/talos_astronaut/astronaut_controllers/include/astronaut_controllers/aruco_trajectory_cartesian_controller.hpp:185:23:[m[K [01;31m[Kerror: [m[K‘[01m[Kcart_vel[m[K’ was not declared in this scope
             cart_vel(i) = jacobian_(j,i) * jnt_vel_(i);
[01;32m[K                       ^[m[K
In file included from [01m[K/home/adrii/talos_public_ws/src/ros_control/hardware_interface/include/hardware_interface/robot_hw.h:35:0[m[K,
                 from [01m[K/home/adrii/talos_public_ws/src/ros_control/controller_interface/include/controller_interface/controller_base.h:37[m[K,
                 from [01m[K/home/adrii/talos_public_ws/src/ros_control/controller_interface/include/controller_interface/controller.h:35[m[K,
                 from [01m[K/home/adrii/talos_public_ws/src/talos_astronaut/astronaut_controllers/include/astronaut_controllers/aruco_cartesian_controller.h:9[m[K,
                 from [01m[K/home/adrii/talos_public_ws/src/talos_astronaut/astronaut_controllers/src/cartesian_controller.cpp:3[m[K:
/home/adrii/talos_public_ws/src/ros_control/hardware_interface/include/hardware_interface/internal/interface_manager.h: In instantiation of ‘[01m[Kstatic char (& hardware_interface::CheckIsResourceManager<T>::callCM(std::vector<C*>&, C*, typename C::resource_manager_type*))[1] [with C = hardware_interface::EffortJointInterface; T = hardware_interface::EffortJointInterface; hardware_interface::CheckIsResourceManager<T>::yes = char [1]; typename C::resource_manager_type = hardware_interface::ResourceManager<hardware_interface::JointHandle>][m[K’:
[01m[K/home/adrii/talos_public_ws/src/ros_control/hardware_interface/include/hardware_interface/internal/interface_manager.h:83:14:[m[K   required from ‘[01m[Kstatic const void hardware_interface::CheckIsResourceManager<T>::callConcatManagers(std::vector<T*>&, T*) [with T = hardware_interface::EffortJointInterface][m[K’
[01m[K/home/adrii/talos_public_ws/src/ros_control/hardware_interface/include/hardware_interface/internal/interface_manager.h:200:54:[m[K   required from ‘[01m[KT* hardware_interface::InterfaceManager::get() [with T = hardware_interface::EffortJointInterface][m[K’
[01m[K/home/adrii/talos_public_ws/src/ros_control/controller_interface/include/controller_interface/controller.h:110:30:[m[K   required from ‘[01m[Kbool controller_interface::Controller<T>::initRequest(hardware_interface::RobotHW*, ros::NodeHandle&, ros::NodeHandle&, controller_interface::ControllerBase::ClaimedResources&) [with T = hardware_interface::EffortJointInterface; controller_interface::ControllerBase::ClaimedResources = std::vector<hardware_interface::InterfaceResources>][m[K’
[01m[K/home/adrii/talos_public_ws/src/talos_astronaut/astronaut_controllers/src/cartesian_controller.cpp:23:113:[m[K   required from here
[01m[K/home/adrii/talos_public_ws/src/ros_control/hardware_interface/include/hardware_interface/internal/interface_manager.h:73:9:[m[K [01;35m[Kwarning: [m[Kreference to local variable ‘[01m[Ktmp_yes[m[K’ returned [-Wreturn-local-addr]
     yes tmp_yes;
[01;32m[K         ^[m[K
make[2]: *** [CMakeFiles/astronaut_controllers_lib.dir/src/cartesian_controller.cpp.o] Error 1
make[1]: *** [CMakeFiles/astronaut_controllers_lib.dir/all] Error 2
make: *** [all] Error 2
