[  0%] Built target trajectory_msgs_generate_messages_nodejs
[  0%] Built target geometry_msgs_generate_messages_nodejs
[  0%] Built target std_msgs_generate_messages_cpp
[  0%] Built target std_msgs_generate_messages_nodejs
[  0%] Built target geometry_msgs_generate_messages_cpp
[  0%] Built target trajectory_msgs_generate_messages_lisp
[  0%] Built target geometry_msgs_generate_messages_lisp
[  0%] Built target trajectory_msgs_generate_messages_cpp
[  0%] Built target std_msgs_generate_messages_eus
[  0%] Built target std_msgs_generate_messages_lisp
[  0%] Built target geometry_msgs_generate_messages_eus
[  0%] Built target std_msgs_generate_messages_py
[  0%] Built target trajectory_msgs_generate_messages_eus
[  0%] Built target trajectory_msgs_generate_messages_py
[  0%] Built target geometry_msgs_generate_messages_py
[  8%] Built target matrix_transf
[  8%] Built target _astronaut_controllers_generate_messages_check_deps_target_frame
[  8%] Built target _astronaut_controllers_generate_messages_check_deps_hand_operations
[ 17%] Built target trajectories
[ 26%] Built target astronaut_controllers_lib
[ 34%] Built target astronaut_controllers_generate_messages_nodejs
[ 43%] Built target astronaut_controllers_generate_messages_cpp
[ 56%] Built target astronaut_controllers_generate_messages_eus
[ 78%] Built target astronaut_controllers_generate_messages_py
[ 82%] Built target astronaut_controllers_generate_messages_lisp
[ 82%] Built target astronaut_controllers_gencpp
[ 82%] Built target astronaut_controllers_generate_messages
[35m[1mScanning dependencies of target gripper_service[0m
[ 86%] [32mBuilding CXX object CMakeFiles/gripper_service.dir/src/gripper_service.cpp.o[0m
[ 95%] Built target hand_service
[100%] [32m[1mLinking CXX executable /home/adrii/talos_public_ws/devel/.private/astronaut_controllers/lib/astronaut_controllers/gripper_service[0m
[100%] Built target gripper_service
