In file included from [01m[K/home/adrii/talos_public_ws/src/talos_astronaut/astronaut_controllers/include/astronaut_controllers/aruco_trajectory_cartesian_controller.h:123:0[m[K,
                 from [01m[K/home/adrii/talos_public_ws/src/talos_astronaut/astronaut_controllers/src/cartesian_controller.cpp:4[m[K:
[01m[K/home/adrii/talos_public_ws/src/talos_astronaut/astronaut_controllers/include/astronaut_controllers/aruco_trajectory_cartesian_controller.hpp:[m[K In member function ‘[01m[Kvirtual void controller_ns::aruco_trajectory_cartesian_controller_class::update(const ros::Time&, const ros::Duration&)[m[K’:
[01m[K/home/adrii/talos_public_ws/src/talos_astronaut/astronaut_controllers/include/astronaut_controllers/aruco_trajectory_cartesian_controller.hpp:178:23:[m[K [01;31m[Kerror: [m[Kno match for ‘[01m[Koperator=[m[K’ (operand types are ‘[01m[K__gnu_cxx::__alloc_traits<std::allocator<std_msgs::Float64_<std::allocator<void> > > >::value_type {aka std_msgs::Float64_<std::allocator<void> >}[m[K’ and ‘[01m[Kfloat[m[K’)
         bag_errors[i] = (float)control_error(i);
[01;32m[K                       ^[m[K
In file included from [01m[K/home/adrii/talos_public_ws/src/talos_astronaut/astronaut_controllers/include/astronaut_controllers/aruco_trajectory_cartesian_controller.h:44:0[m[K,
                 from [01m[K/home/adrii/talos_public_ws/src/talos_astronaut/astronaut_controllers/src/cartesian_controller.cpp:4[m[K:
[01m[K/opt/ros/kinetic/include/std_msgs/Float64.h:22:8:[m[K [01;36m[Knote: [m[Kcandidate: std_msgs::Float64_<std::allocator<void> >& std_msgs::Float64_<std::allocator<void> >::operator=(const std_msgs::Float64_<std::allocator<void> >&)
 struct Float64_
[01;32m[K        ^[m[K
[01m[K/opt/ros/kinetic/include/std_msgs/Float64.h:22:8:[m[K [01;36m[Knote: [m[K  no known conversion for argument 1 from ‘[01m[Kfloat[m[K’ to ‘[01m[Kconst std_msgs::Float64_<std::allocator<void> >&[m[K’
[01m[K/opt/ros/kinetic/include/std_msgs/Float64.h:22:8:[m[K [01;36m[Knote: [m[Kcandidate: std_msgs::Float64_<std::allocator<void> >& std_msgs::Float64_<std::allocator<void> >::operator=(std_msgs::Float64_<std::allocator<void> >&&)
[01m[K/opt/ros/kinetic/include/std_msgs/Float64.h:22:8:[m[K [01;36m[Knote: [m[K  no known conversion for argument 1 from ‘[01m[Kfloat[m[K’ to ‘[01m[Kstd_msgs::Float64_<std::allocator<void> >&&[m[K’
In file included from [01m[K/home/adrii/talos_public_ws/src/talos_astronaut/astronaut_controllers/include/astronaut_controllers/aruco_trajectory_cartesian_controller.h:123:0[m[K,
                 from [01m[K/home/adrii/talos_public_ws/src/talos_astronaut/astronaut_controllers/src/cartesian_controller.cpp:4[m[K:
[01m[K/home/adrii/talos_public_ws/src/talos_astronaut/astronaut_controllers/include/astronaut_controllers/aruco_trajectory_cartesian_controller.hpp:180:56:[m[K [01;31m[Kerror: [m[Kno match for call to ‘[01m[K(std::vector<std_msgs::Float64_<std::allocator<void> > >) (int)[m[K’
     bag.write("error_x", ros::Time::now(), bag_errors(0));
[01;32m[K                                                        ^[m[K
[01m[K/home/adrii/talos_public_ws/src/talos_astronaut/astronaut_controllers/include/astronaut_controllers/aruco_trajectory_cartesian_controller.hpp:181:56:[m[K [01;31m[Kerror: [m[Kno match for call to ‘[01m[K(std::vector<std_msgs::Float64_<std::allocator<void> > >) (int)[m[K’
     bag.write("error_y", ros::Time::now(), bag_errors(1));
[01;32m[K                                                        ^[m[K
[01m[K/home/adrii/talos_public_ws/src/talos_astronaut/astronaut_controllers/include/astronaut_controllers/aruco_trajectory_cartesian_controller.hpp:182:56:[m[K [01;31m[Kerror: [m[Kno match for call to ‘[01m[K(std::vector<std_msgs::Float64_<std::allocator<void> > >) (int)[m[K’
     bag.write("error_z", ros::Time::now(), bag_errors(2));
[01;32m[K                                                        ^[m[K
[01m[K/home/adrii/talos_public_ws/src/talos_astronaut/astronaut_controllers/include/astronaut_controllers/aruco_trajectory_cartesian_controller.hpp:183:59:[m[K [01;31m[Kerror: [m[Kno match for call to ‘[01m[K(std::vector<std_msgs::Float64_<std::allocator<void> > >) (int)[m[K’
     bag.write("error_roll", ros::Time::now(), bag_errors(3));
[01;32m[K                                                           ^[m[K
[01m[K/home/adrii/talos_public_ws/src/talos_astronaut/astronaut_controllers/include/astronaut_controllers/aruco_trajectory_cartesian_controller.hpp:184:60:[m[K [01;31m[Kerror: [m[Kno match for call to ‘[01m[K(std::vector<std_msgs::Float64_<std::allocator<void> > >) (int)[m[K’
     bag.write("error_pitch", ros::Time::now(), bag_errors(4));
[01;32m[K                                                            ^[m[K
[01m[K/home/adrii/talos_public_ws/src/talos_astronaut/astronaut_controllers/include/astronaut_controllers/aruco_trajectory_cartesian_controller.hpp:185:58:[m[K [01;31m[Kerror: [m[Kno match for call to ‘[01m[K(std::vector<std_msgs::Float64_<std::allocator<void> > >) (int)[m[K’
     bag.write("error_yaw", ros::Time::now(), bag_errors(5));
[01;32m[K                                                          ^[m[K
In file included from [01m[K/home/adrii/talos_public_ws/src/ros_control/hardware_interface/include/hardware_interface/robot_hw.h:35:0[m[K,
                 from [01m[K/home/adrii/talos_public_ws/src/ros_control/controller_interface/include/controller_interface/controller_base.h:37[m[K,
                 from [01m[K/home/adrii/talos_public_ws/src/ros_control/controller_interface/include/controller_interface/controller.h:35[m[K,
                 from [01m[K/home/adrii/talos_public_ws/src/talos_astronaut/astronaut_controllers/include/astronaut_controllers/aruco_cartesian_controller.h:9[m[K,
                 from [01m[K/home/adrii/talos_public_ws/src/talos_astronaut/astronaut_controllers/src/cartesian_controller.cpp:3[m[K:
/home/adrii/talos_public_ws/src/ros_control/hardware_interface/include/hardware_interface/internal/interface_manager.h: In instantiation of ‘[01m[Kstatic char (& hardware_interface::CheckIsResourceManager<T>::callCM(std::vector<C*>&, C*, typename C::resource_manager_type*))[1] [with C = hardware_interface::EffortJointInterface; T = hardware_interface::EffortJointInterface; hardware_interface::CheckIsResourceManager<T>::yes = char [1]; typename C::resource_manager_type = hardware_interface::ResourceManager<hardware_interface::JointHandle>][m[K’:
[01m[K/home/adrii/talos_public_ws/src/ros_control/hardware_interface/include/hardware_interface/internal/interface_manager.h:83:14:[m[K   required from ‘[01m[Kstatic const void hardware_interface::CheckIsResourceManager<T>::callConcatManagers(std::vector<T*>&, T*) [with T = hardware_interface::EffortJointInterface][m[K’
[01m[K/home/adrii/talos_public_ws/src/ros_control/hardware_interface/include/hardware_interface/internal/interface_manager.h:200:54:[m[K   required from ‘[01m[KT* hardware_interface::InterfaceManager::get() [with T = hardware_interface::EffortJointInterface][m[K’
[01m[K/home/adrii/talos_public_ws/src/ros_control/controller_interface/include/controller_interface/controller.h:110:30:[m[K   required from ‘[01m[Kbool controller_interface::Controller<T>::initRequest(hardware_interface::RobotHW*, ros::NodeHandle&, ros::NodeHandle&, controller_interface::ControllerBase::ClaimedResources&) [with T = hardware_interface::EffortJointInterface; controller_interface::ControllerBase::ClaimedResources = std::vector<hardware_interface::InterfaceResources>][m[K’
[01m[K/home/adrii/talos_public_ws/src/talos_astronaut/astronaut_controllers/src/cartesian_controller.cpp:23:113:[m[K   required from here
[01m[K/home/adrii/talos_public_ws/src/ros_control/hardware_interface/include/hardware_interface/internal/interface_manager.h:73:9:[m[K [01;35m[Kwarning: [m[Kreference to local variable ‘[01m[Ktmp_yes[m[K’ returned [-Wreturn-local-addr]
     yes tmp_yes;
[01;32m[K         ^[m[K
make[2]: *** [CMakeFiles/astronaut_controllers_lib.dir/src/cartesian_controller.cpp.o] Error 1
make[1]: *** [CMakeFiles/astronaut_controllers_lib.dir/all] Error 2
make: *** [all] Error 2
