In file included from [01m[K/home/adrii/talos_public_ws/src/talos_astronaut/astronaut_controllers/src/cartesian_controller.cpp:4:0[m[K:
[01m[K/home/adrii/talos_public_ws/src/talos_astronaut/astronaut_controllers/include/astronaut_controllers/aruco_trajectory_cartesian_controller.h:116:55:[m[K [01;31m[Kerror: [m[Kexpected identifier before numeric constant
             std::vector<std_msgs::Float64> bag_errors(6);
[01;32m[K                                                       ^[m[K
[01m[K/home/adrii/talos_public_ws/src/talos_astronaut/astronaut_controllers/include/astronaut_controllers/aruco_trajectory_cartesian_controller.h:116:55:[m[K [01;31m[Kerror: [m[Kexpected ‘[01m[K,[m[K’ or ‘[01m[K...[m[K’ before numeric constant
In file included from [01m[K/home/adrii/talos_public_ws/src/talos_astronaut/astronaut_controllers/include/astronaut_controllers/aruco_trajectory_cartesian_controller.h:123:0[m[K,
                 from [01m[K/home/adrii/talos_public_ws/src/talos_astronaut/astronaut_controllers/src/cartesian_controller.cpp:4[m[K:
[01m[K/home/adrii/talos_public_ws/src/talos_astronaut/astronaut_controllers/include/astronaut_controllers/aruco_trajectory_cartesian_controller.hpp:[m[K In member function ‘[01m[Kvirtual void controller_ns::aruco_trajectory_cartesian_controller_class::update(const ros::Time&, const ros::Duration&)[m[K’:
[01m[K/home/adrii/talos_public_ws/src/talos_astronaut/astronaut_controllers/include/astronaut_controllers/aruco_trajectory_cartesian_controller.hpp:178:23:[m[K [01;31m[Kerror: [m[Kno match for ‘[01m[Koperator=[m[K’ (operand types are ‘[01m[Kstd::vector<std_msgs::Float64_<std::allocator<void> > >[m[K’ and ‘[01m[Kstd_msgs::Float64 {aka std_msgs::Float64_<std::allocator<void> >}[m[K’)
         bag_errors(i) = error;
[01;32m[K                       ^[m[K
In file included from [01m[K/usr/include/c++/5/vector:69:0[m[K,
                 from [01m[K/usr/include/c++/5/bits/random.h:34[m[K,
                 from [01m[K/usr/include/c++/5/random:49[m[K,
                 from [01m[K/usr/include/c++/5/bits/stl_algo.h:66[m[K,
                 from [01m[K/usr/include/c++/5/algorithm:62[m[K,
                 from [01m[K/usr/include/boost/smart_ptr/shared_ptr.hpp:37[m[K,
                 from [01m[K/usr/include/boost/shared_ptr.hpp:17[m[K,
                 from [01m[K/opt/ros/kinetic/include/class_loader/./class_loader.hpp:36[m[K,
                 from [01m[K/opt/ros/kinetic/include/class_loader/class_loader.h:35[m[K,
                 from [01m[K/opt/ros/kinetic/include/pluginlib/./class_list_macros.hpp:40[m[K,
                 from [01m[K/opt/ros/kinetic/include/pluginlib/class_list_macros.h:35[m[K,
                 from [01m[K/home/adrii/talos_public_ws/src/talos_astronaut/astronaut_controllers/src/cartesian_controller.cpp:2[m[K:
[01m[K/usr/include/c++/5/bits/vector.tcc:167:5:[m[K [01;36m[Knote: [m[Kcandidate: std::vector<_Tp, _Alloc>& std::vector<_Tp, _Alloc>::operator=(const std::vector<_Tp, _Alloc>&) [with _Tp = std_msgs::Float64_<std::allocator<void> >; _Alloc = std::allocator<std_msgs::Float64_<std::allocator<void> > >]
     vector<_Tp, _Alloc>::
[01;32m[K     ^[m[K
[01m[K/usr/include/c++/5/bits/vector.tcc:167:5:[m[K [01;36m[Knote: [m[K  no known conversion for argument 1 from ‘[01m[Kstd_msgs::Float64 {aka std_msgs::Float64_<std::allocator<void> >}[m[K’ to ‘[01m[Kconst std::vector<std_msgs::Float64_<std::allocator<void> > >&[m[K’
In file included from [01m[K/usr/include/c++/5/vector:64:0[m[K,
                 from [01m[K/usr/include/c++/5/bits/random.h:34[m[K,
                 from [01m[K/usr/include/c++/5/random:49[m[K,
                 from [01m[K/usr/include/c++/5/bits/stl_algo.h:66[m[K,
                 from [01m[K/usr/include/c++/5/algorithm:62[m[K,
                 from [01m[K/usr/include/boost/smart_ptr/shared_ptr.hpp:37[m[K,
                 from [01m[K/usr/include/boost/shared_ptr.hpp:17[m[K,
                 from [01m[K/opt/ros/kinetic/include/class_loader/./class_loader.hpp:36[m[K,
                 from [01m[K/opt/ros/kinetic/include/class_loader/class_loader.h:35[m[K,
                 from [01m[K/opt/ros/kinetic/include/pluginlib/./class_list_macros.hpp:40[m[K,
                 from [01m[K/opt/ros/kinetic/include/pluginlib/class_list_macros.h:35[m[K,
                 from [01m[K/home/adrii/talos_public_ws/src/talos_astronaut/astronaut_controllers/src/cartesian_controller.cpp:2[m[K:
[01m[K/usr/include/c++/5/bits/stl_vector.h:448:7:[m[K [01;36m[Knote: [m[Kcandidate: std::vector<_Tp, _Alloc>& std::vector<_Tp, _Alloc>::operator=(std::vector<_Tp, _Alloc>&&) [with _Tp = std_msgs::Float64_<std::allocator<void> >; _Alloc = std::allocator<std_msgs::Float64_<std::allocator<void> > >]
       operator=(vector&& __x) noexcept(_Alloc_traits::_S_nothrow_move())
[01;32m[K       ^[m[K
[01m[K/usr/include/c++/5/bits/stl_vector.h:448:7:[m[K [01;36m[Knote: [m[K  no known conversion for argument 1 from ‘[01m[Kstd_msgs::Float64 {aka std_msgs::Float64_<std::allocator<void> >}[m[K’ to ‘[01m[Kstd::vector<std_msgs::Float64_<std::allocator<void> > >&&[m[K’
[01m[K/usr/include/c++/5/bits/stl_vector.h:470:7:[m[K [01;36m[Knote: [m[Kcandidate: std::vector<_Tp, _Alloc>& std::vector<_Tp, _Alloc>::operator=(std::initializer_list<_Tp>) [with _Tp = std_msgs::Float64_<std::allocator<void> >; _Alloc = std::allocator<std_msgs::Float64_<std::allocator<void> > >]
       operator=(initializer_list<value_type> __l)
[01;32m[K       ^[m[K
[01m[K/usr/include/c++/5/bits/stl_vector.h:470:7:[m[K [01;36m[Knote: [m[K  no known conversion for argument 1 from ‘[01m[Kstd_msgs::Float64 {aka std_msgs::Float64_<std::allocator<void> >}[m[K’ to ‘[01m[Kstd::initializer_list<std_msgs::Float64_<std::allocator<void> > >[m[K’
In file included from [01m[K/opt/ros/kinetic/include/ros/serialization.h:37:0[m[K,
                 from [01m[K/opt/ros/kinetic/include/ros/publisher.h:34[m[K,
                 from [01m[K/opt/ros/kinetic/include/ros/node_handle.h:32[m[K,
                 from [01m[K/opt/ros/kinetic/include/ros/ros.h:45[m[K,
                 from [01m[K/home/adrii/talos_public_ws/src/talos_astronaut/astronaut_controllers/include/astronaut_controllers/aruco_cartesian_controller.h:4[m[K,
                 from [01m[K/home/adrii/talos_public_ws/src/talos_astronaut/astronaut_controllers/src/cartesian_controller.cpp:3[m[K:
/opt/ros/kinetic/include/ros/message_traits.h: In instantiation of ‘[01m[Kstatic const char* ros::message_traits::DataType<M>::value(const M&) [with M = std::vector<std_msgs::Float64_<std::allocator<void> > >][m[K’:
[01m[K/opt/ros/kinetic/include/ros/message_traits.h:264:104:[m[K   required from ‘[01m[Kconst char* ros::message_traits::datatype(const M&) [with M = std::vector<std_msgs::Float64_<std::allocator<void> > >][m[K’
[01m[K/opt/ros/kinetic/include/rosbag/bag.h:540:82:[m[K   required from ‘[01m[Kvoid rosbag::Bag::doWrite(const string&, const ros::Time&, const T&, const boost::shared_ptr<std::map<std::__cxx11::basic_string<char>, std::__cxx11::basic_string<char> > >&) [with T = std::vector<std_msgs::Float64_<std::allocator<void> > >; std::__cxx11::string = std::__cxx11::basic_string<char>][m[K’
[01m[K/opt/ros/kinetic/include/rosbag/bag.h:338:5:[m[K   required from ‘[01m[Kvoid rosbag::Bag::write(const string&, const ros::Time&, const T&, boost::shared_ptr<std::map<std::__cxx11::basic_string<char>, std::__cxx11::basic_string<char> > >) [with T = std::vector<std_msgs::Float64_<std::allocator<void> > >; std::__cxx11::string = std::__cxx11::basic_string<char>][m[K’
[01m[K/home/adrii/talos_public_ws/src/talos_astronaut/astronaut_controllers/include/astronaut_controllers/aruco_trajectory_cartesian_controller.hpp:180:57:[m[K   required from here
[01m[K/opt/ros/kinetic/include/ros/message_traits.h:143:36:[m[K [01;31m[Kerror: [m[K‘[01m[Kconst class std::vector<std_msgs::Float64_<std::allocator<void> > >[m[K’ has no member named ‘[01m[K__getDataType[m[K’
     return m.__getDataType().c_str();
[01;32m[K                                    ^[m[K
/opt/ros/kinetic/include/ros/message_traits.h: In instantiation of ‘[01m[Kstatic const char* ros::message_traits::MD5Sum<M>::value(const M&) [with M = std::vector<std_msgs::Float64_<std::allocator<void> > >][m[K’:
[01m[K/opt/ros/kinetic/include/ros/message_traits.h:255:102:[m[K   required from ‘[01m[Kconst char* ros::message_traits::md5sum(const M&) [with M = std::vector<std_msgs::Float64_<std::allocator<void> > >][m[K’
[01m[K/opt/ros/kinetic/include/rosbag/bag.h:541:80:[m[K   required from ‘[01m[Kvoid rosbag::Bag::doWrite(const string&, const ros::Time&, const T&, const boost::shared_ptr<std::map<std::__cxx11::basic_string<char>, std::__cxx11::basic_string<char> > >&) [with T = std::vector<std_msgs::Float64_<std::allocator<void> > >; std::__cxx11::string = std::__cxx11::basic_string<char>][m[K’
[01m[K/opt/ros/kinetic/include/rosbag/bag.h:338:5:[m[K   required from ‘[01m[Kvoid rosbag::Bag::write(const string&, const ros::Time&, const T&, boost::shared_ptr<std::map<std::__cxx11::basic_string<char>, std::__cxx11::basic_string<char> > >) [with T = std::vector<std_msgs::Float64_<std::allocator<void> > >; std::__cxx11::string = std::__cxx11::basic_string<char>][m[K’
[01m[K/home/adrii/talos_public_ws/src/talos_astronaut/astronaut_controllers/include/astronaut_controllers/aruco_trajectory_cartesian_controller.hpp:180:57:[m[K   required from here
[01m[K/opt/ros/kinetic/include/ros/message_traits.h:126:34:[m[K [01;31m[Kerror: [m[K‘[01m[Kconst class std::vector<std_msgs::Float64_<std::allocator<void> > >[m[K’ has no member named ‘[01m[K__getMD5Sum[m[K’
     return m.__getMD5Sum().c_str();
[01;32m[K                                  ^[m[K
/opt/ros/kinetic/include/ros/message_traits.h: In instantiation of ‘[01m[Kstatic const char* ros::message_traits::Definition<M>::value(const M&) [with M = std::vector<std_msgs::Float64_<std::allocator<void> > >][m[K’:
[01m[K/opt/ros/kinetic/include/ros/message_traits.h:273:106:[m[K   required from ‘[01m[Kconst char* ros::message_traits::definition(const M&) [with M = std::vector<std_msgs::Float64_<std::allocator<void> > >][m[K’
[01m[K/opt/ros/kinetic/include/rosbag/bag.h:542:84:[m[K   required from ‘[01m[Kvoid rosbag::Bag::doWrite(const string&, const ros::Time&, const T&, const boost::shared_ptr<std::map<std::__cxx11::basic_string<char>, std::__cxx11::basic_string<char> > >&) [with T = std::vector<std_msgs::Float64_<std::allocator<void> > >; std::__cxx11::string = std::__cxx11::basic_string<char>][m[K’
[01m[K/opt/ros/kinetic/include/rosbag/bag.h:338:5:[m[K   required from ‘[01m[Kvoid rosbag::Bag::write(const string&, const ros::Time&, const T&, boost::shared_ptr<std::map<std::__cxx11::basic_string<char>, std::__cxx11::basic_string<char> > >) [with T = std::vector<std_msgs::Float64_<std::allocator<void> > >; std::__cxx11::string = std::__cxx11::basic_string<char>][m[K’
[01m[K/home/adrii/talos_public_ws/src/talos_astronaut/astronaut_controllers/include/astronaut_controllers/aruco_trajectory_cartesian_controller.hpp:180:57:[m[K   required from here
[01m[K/opt/ros/kinetic/include/ros/message_traits.h:160:45:[m[K [01;31m[Kerror: [m[K‘[01m[Kconst class std::vector<std_msgs::Float64_<std::allocator<void> > >[m[K’ has no member named ‘[01m[K__getMessageDefinition[m[K’
     return m.__getMessageDefinition().c_str();
[01;32m[K                                             ^[m[K
In file included from [01m[K/home/adrii/talos_public_ws/src/ros_control/hardware_interface/include/hardware_interface/robot_hw.h:35:0[m[K,
                 from [01m[K/home/adrii/talos_public_ws/src/ros_control/controller_interface/include/controller_interface/controller_base.h:37[m[K,
                 from [01m[K/home/adrii/talos_public_ws/src/ros_control/controller_interface/include/controller_interface/controller.h:35[m[K,
                 from [01m[K/home/adrii/talos_public_ws/src/talos_astronaut/astronaut_controllers/include/astronaut_controllers/aruco_cartesian_controller.h:9[m[K,
                 from [01m[K/home/adrii/talos_public_ws/src/talos_astronaut/astronaut_controllers/src/cartesian_controller.cpp:3[m[K:
/home/adrii/talos_public_ws/src/ros_control/hardware_interface/include/hardware_interface/internal/interface_manager.h: In instantiation of ‘[01m[Kstatic char (& hardware_interface::CheckIsResourceManager<T>::callCM(std::vector<C*>&, C*, typename C::resource_manager_type*))[1] [with C = hardware_interface::EffortJointInterface; T = hardware_interface::EffortJointInterface; hardware_interface::CheckIsResourceManager<T>::yes = char [1]; typename C::resource_manager_type = hardware_interface::ResourceManager<hardware_interface::JointHandle>][m[K’:
[01m[K/home/adrii/talos_public_ws/src/ros_control/hardware_interface/include/hardware_interface/internal/interface_manager.h:83:14:[m[K   required from ‘[01m[Kstatic const void hardware_interface::CheckIsResourceManager<T>::callConcatManagers(std::vector<T*>&, T*) [with T = hardware_interface::EffortJointInterface][m[K’
[01m[K/home/adrii/talos_public_ws/src/ros_control/hardware_interface/include/hardware_interface/internal/interface_manager.h:200:54:[m[K   required from ‘[01m[KT* hardware_interface::InterfaceManager::get() [with T = hardware_interface::EffortJointInterface][m[K’
[01m[K/home/adrii/talos_public_ws/src/ros_control/controller_interface/include/controller_interface/controller.h:110:30:[m[K   required from ‘[01m[Kbool controller_interface::Controller<T>::initRequest(hardware_interface::RobotHW*, ros::NodeHandle&, ros::NodeHandle&, controller_interface::ControllerBase::ClaimedResources&) [with T = hardware_interface::EffortJointInterface; controller_interface::ControllerBase::ClaimedResources = std::vector<hardware_interface::InterfaceResources>][m[K’
[01m[K/home/adrii/talos_public_ws/src/talos_astronaut/astronaut_controllers/src/cartesian_controller.cpp:23:113:[m[K   required from here
[01m[K/home/adrii/talos_public_ws/src/ros_control/hardware_interface/include/hardware_interface/internal/interface_manager.h:73:9:[m[K [01;35m[Kwarning: [m[Kreference to local variable ‘[01m[Ktmp_yes[m[K’ returned [-Wreturn-local-addr]
     yes tmp_yes;
[01;32m[K         ^[m[K
make[2]: *** [CMakeFiles/astronaut_controllers_lib.dir/src/cartesian_controller.cpp.o] Error 1
make[1]: *** [CMakeFiles/astronaut_controllers_lib.dir/all] Error 2
make: *** [all] Error 2
