In file included from [01m[K/home/adrii/talos_public_ws/src/talos_astronaut/astronaut_controllers/include/astronaut_controllers/cartesian_controller_gazebo_ref.h:111:0[m[K,
                 from [01m[K/home/adrii/talos_public_ws/src/talos_astronaut/astronaut_controllers/src/cartesian_controller.cpp:4[m[K:
[01m[K/home/adrii/talos_public_ws/src/talos_astronaut/astronaut_controllers/include/astronaut_controllers/cartesian_controller_gazebo_ref.hpp:[m[K In member function ‘[01m[Kvirtual void controller_ns::gazebo_cartesian_controller_class::starting(const ros::Time&)[m[K’:
[01m[K/home/adrii/talos_public_ws/src/talos_astronaut/astronaut_controllers/include/astronaut_controllers/cartesian_controller_gazebo_ref.hpp:188:17:[m[K [01;31m[Kerror: [m[Kno match for ‘[01m[Koperator=[m[K’ (operand types are ‘[01m[Kros::Time[m[K’ and ‘[01m[Kdouble[m[K’)
     final_time_ = ros::Duration(7.0).toSec();
[01;32m[K                 ^[m[K
In file included from [01m[K/opt/ros/kinetic/include/ros/ros.h:38:0[m[K,
                 from [01m[K/home/adrii/talos_public_ws/src/talos_astronaut/astronaut_controllers/include/astronaut_controllers/aruco_cartesian_controller.h:4[m[K,
                 from [01m[K/home/adrii/talos_public_ws/src/talos_astronaut/astronaut_controllers/src/cartesian_controller.cpp:3[m[K:
[01m[K/opt/ros/kinetic/include/ros/time.h:180:22:[m[K [01;36m[Knote: [m[Kcandidate: ros::Time& ros::Time::operator=(const ros::Time&)
   class ROSTIME_DECL Time : public TimeBase<Time, Duration>
[01;32m[K                      ^[m[K
[01m[K/opt/ros/kinetic/include/ros/time.h:180:22:[m[K [01;36m[Knote: [m[K  no known conversion for argument 1 from ‘[01m[Kdouble[m[K’ to ‘[01m[Kconst ros::Time&[m[K’
[01m[K/opt/ros/kinetic/include/ros/time.h:180:22:[m[K [01;36m[Knote: [m[Kcandidate: ros::Time& ros::Time::operator=(ros::Time&&)
[01m[K/opt/ros/kinetic/include/ros/time.h:180:22:[m[K [01;36m[Knote: [m[K  no known conversion for argument 1 from ‘[01m[Kdouble[m[K’ to ‘[01m[Kros::Time&&[m[K’
In file included from [01m[K/home/adrii/talos_public_ws/src/talos_astronaut/astronaut_controllers/include/astronaut_controllers/cartesian_controller_gazebo_ref.h:111:0[m[K,
                 from [01m[K/home/adrii/talos_public_ws/src/talos_astronaut/astronaut_controllers/src/cartesian_controller.cpp:4[m[K:
[01m[K/home/adrii/talos_public_ws/src/talos_astronaut/astronaut_controllers/include/astronaut_controllers/cartesian_controller_gazebo_ref.hpp:[m[K In member function ‘[01m[Kvoid controller_ns::gazebo_cartesian_controller_class::targetFrameCallback(const target_frame&)[m[K’:
[01m[K/home/adrii/talos_public_ws/src/talos_astronaut/astronaut_controllers/include/astronaut_controllers/cartesian_controller_gazebo_ref.hpp:281:80:[m[K [01;31m[Kerror: [m[Kno matching function for call to ‘[01m[Kcontroller_ns::gazebo_cartesian_controller_class::trajectoryPlanner(KDL::Frame&, KDL::Frame&, ros::Time&)[m[K’
         trajectory_ = trajectoryPlanner(start_frame_, final_frame_, final_time_);
[01;32m[K                                                                                ^[m[K
In file included from [01m[K/home/adrii/talos_public_ws/src/talos_astronaut/astronaut_controllers/src/cartesian_controller.cpp:4:0[m[K:
[01m[K/home/adrii/talos_public_ws/src/talos_astronaut/astronaut_controllers/include/astronaut_controllers/cartesian_controller_gazebo_ref.h:63:31:[m[K [01;36m[Knote: [m[Kcandidate: KDL::Trajectory* controller_ns::gazebo_cartesian_controller_class::trajectoryPlanner(KDL::Frame, KDL::Frame, double)
             KDL::Trajectory*  trajectoryPlanner(const KDL::Frame start, const KDL::Frame ending, double duration);
[01;32m[K                               ^[m[K
[01m[K/home/adrii/talos_public_ws/src/talos_astronaut/astronaut_controllers/include/astronaut_controllers/cartesian_controller_gazebo_ref.h:63:31:[m[K [01;36m[Knote: [m[K  no known conversion for argument 3 from ‘[01m[Kros::Time[m[K’ to ‘[01m[Kdouble[m[K’
In file included from [01m[K/home/adrii/talos_public_ws/src/talos_astronaut/astronaut_controllers/include/astronaut_controllers/cartesian_controller_gazebo_ref.h:111:0[m[K,
                 from [01m[K/home/adrii/talos_public_ws/src/talos_astronaut/astronaut_controllers/src/cartesian_controller.cpp:4[m[K:
[01m[K/home/adrii/talos_public_ws/src/talos_astronaut/astronaut_controllers/include/astronaut_controllers/cartesian_controller_gazebo_ref.hpp:[m[K At global scope:
[01m[K/home/adrii/talos_public_ws/src/talos_astronaut/astronaut_controllers/include/astronaut_controllers/cartesian_controller_gazebo_ref.hpp:316:18:[m[K [01;31m[Kerror: [m[Kprototype for ‘[01m[KKDL::Trajectory* controller_ns::gazebo_cartesian_controller_class::trajectoryPlanner(KDL::Frame, KDL::Frame, int)[m[K’ does not match any in class ‘[01m[Kcontroller_ns::gazebo_cartesian_controller_class[m[K’
 KDL::Trajectory* gazebo_cartesian_controller_class::trajectoryPlanner(const KDL::Frame start, const KDL::Frame ending, int duration){
[01;32m[K                  ^[m[K
In file included from [01m[K/home/adrii/talos_public_ws/src/talos_astronaut/astronaut_controllers/src/cartesian_controller.cpp:4:0[m[K:
[01m[K/home/adrii/talos_public_ws/src/talos_astronaut/astronaut_controllers/include/astronaut_controllers/cartesian_controller_gazebo_ref.h:63:31:[m[K [01;31m[Kerror: [m[Kcandidate is: KDL::Trajectory* controller_ns::gazebo_cartesian_controller_class::trajectoryPlanner(KDL::Frame, KDL::Frame, double)
             KDL::Trajectory*  trajectoryPlanner(const KDL::Frame start, const KDL::Frame ending, double duration);
[01;32m[K                               ^[m[K
In file included from [01m[K/home/adrii/talos_public_ws/src/ros_control/hardware_interface/include/hardware_interface/robot_hw.h:35:0[m[K,
                 from [01m[K/home/adrii/talos_public_ws/src/ros_control/controller_interface/include/controller_interface/controller_base.h:37[m[K,
                 from [01m[K/home/adrii/talos_public_ws/src/ros_control/controller_interface/include/controller_interface/controller.h:35[m[K,
                 from [01m[K/home/adrii/talos_public_ws/src/talos_astronaut/astronaut_controllers/include/astronaut_controllers/aruco_cartesian_controller.h:9[m[K,
                 from [01m[K/home/adrii/talos_public_ws/src/talos_astronaut/astronaut_controllers/src/cartesian_controller.cpp:3[m[K:
/home/adrii/talos_public_ws/src/ros_control/hardware_interface/include/hardware_interface/internal/interface_manager.h: In instantiation of ‘[01m[Kstatic char (& hardware_interface::CheckIsResourceManager<T>::callCM(std::vector<C*>&, C*, typename C::resource_manager_type*))[1] [with C = hardware_interface::EffortJointInterface; T = hardware_interface::EffortJointInterface; hardware_interface::CheckIsResourceManager<T>::yes = char [1]; typename C::resource_manager_type = hardware_interface::ResourceManager<hardware_interface::JointHandle>][m[K’:
[01m[K/home/adrii/talos_public_ws/src/ros_control/hardware_interface/include/hardware_interface/internal/interface_manager.h:83:14:[m[K   required from ‘[01m[Kstatic const void hardware_interface::CheckIsResourceManager<T>::callConcatManagers(std::vector<T*>&, T*) [with T = hardware_interface::EffortJointInterface][m[K’
[01m[K/home/adrii/talos_public_ws/src/ros_control/hardware_interface/include/hardware_interface/internal/interface_manager.h:200:54:[m[K   required from ‘[01m[KT* hardware_interface::InterfaceManager::get() [with T = hardware_interface::EffortJointInterface][m[K’
[01m[K/home/adrii/talos_public_ws/src/ros_control/controller_interface/include/controller_interface/controller.h:110:30:[m[K   required from ‘[01m[Kbool controller_interface::Controller<T>::initRequest(hardware_interface::RobotHW*, ros::NodeHandle&, ros::NodeHandle&, controller_interface::ControllerBase::ClaimedResources&) [with T = hardware_interface::EffortJointInterface; controller_interface::ControllerBase::ClaimedResources = std::vector<hardware_interface::InterfaceResources>][m[K’
[01m[K/home/adrii/talos_public_ws/src/talos_astronaut/astronaut_controllers/src/cartesian_controller.cpp:15:100:[m[K   required from here
[01m[K/home/adrii/talos_public_ws/src/ros_control/hardware_interface/include/hardware_interface/internal/interface_manager.h:73:9:[m[K [01;35m[Kwarning: [m[Kreference to local variable ‘[01m[Ktmp_yes[m[K’ returned [-Wreturn-local-addr]
     yes tmp_yes;
[01;32m[K         ^[m[K
make[2]: *** [CMakeFiles/astronaut_controllers_lib.dir/src/cartesian_controller.cpp.o] Error 1
make[1]: *** [CMakeFiles/astronaut_controllers_lib.dir/all] Error 2
make: *** [all] Error 2
