Symlinking /home/adrii/talos_public_ws/devel/lib/libastronaut_controllers_lib.so
Symlinking /home/adrii/talos_public_ws/devel/lib/pkgconfig/astronaut_controllers.pc
Symlinking /home/adrii/talos_public_ws/devel/lib/python2.7/dist-packages/astronaut_controllers/__init__.py
Symlinking /home/adrii/talos_public_ws/devel/lib/python2.7/dist-packages/astronaut_controllers/msg/__init__.py
Symlinking /home/adrii/talos_public_ws/devel/lib/python2.7/dist-packages/astronaut_controllers/msg/_target_frame.py
Symlinking /home/adrii/talos_public_ws/devel/lib/python2.7/dist-packages/astronaut_controllers/srv/__init__.py
Symlinking /home/adrii/talos_public_ws/devel/lib/python2.7/dist-packages/astronaut_controllers/srv/_hand_operations.py
Symlinking /home/adrii/talos_public_ws/devel/lib/astronaut_controllers/gripper_service
Symlinking /home/adrii/talos_public_ws/devel/lib/astronaut_controllers/hand_service
Symlinking /home/adrii/talos_public_ws/devel/lib/astronaut_controllers/matrix_transf
Symlinking /home/adrii/talos_public_ws/devel/lib/astronaut_controllers/trajectories
Symlinking /home/adrii/talos_public_ws/devel/share/roseus/ros/astronaut_controllers/manifest.l
Symlinking /home/adrii/talos_public_ws/devel/share/roseus/ros/astronaut_controllers/msg/target_frame.l
Symlinking /home/adrii/talos_public_ws/devel/share/roseus/ros/astronaut_controllers/srv/hand_operations.l
Symlinking /home/adrii/talos_public_ws/devel/share/common-lisp/ros/astronaut_controllers/msg/_package_target_frame.lisp
Symlinking /home/adrii/talos_public_ws/devel/share/common-lisp/ros/astronaut_controllers/msg/target_frame.lisp
Symlinking /home/adrii/talos_public_ws/devel/share/common-lisp/ros/astronaut_controllers/msg/astronaut_controllers-msg.asd
Symlinking /home/adrii/talos_public_ws/devel/share/common-lisp/ros/astronaut_controllers/msg/_package.lisp
Symlinking /home/adrii/talos_public_ws/devel/share/common-lisp/ros/astronaut_controllers/srv/hand_operations.lisp
Symlinking /home/adrii/talos_public_ws/devel/share/common-lisp/ros/astronaut_controllers/srv/astronaut_controllers-srv.asd
Symlinking /home/adrii/talos_public_ws/devel/share/common-lisp/ros/astronaut_controllers/srv/_package_hand_operations.lisp
Symlinking /home/adrii/talos_public_ws/devel/share/common-lisp/ros/astronaut_controllers/srv/_package.lisp
Symlinking /home/adrii/talos_public_ws/devel/share/astronaut_controllers/cmake/astronaut_controllers-msg-paths.cmake
Symlinking /home/adrii/talos_public_ws/devel/share/astronaut_controllers/cmake/astronaut_controllersConfig-version.cmake
Symlinking /home/adrii/talos_public_ws/devel/share/astronaut_controllers/cmake/astronaut_controllers-msg-extras.cmake
Symlinking /home/adrii/talos_public_ws/devel/share/astronaut_controllers/cmake/astronaut_controllersConfig.cmake
Symlinking /home/adrii/talos_public_ws/devel/share/gennodejs/ros/astronaut_controllers/_index.js
Symlinking /home/adrii/talos_public_ws/devel/share/gennodejs/ros/astronaut_controllers/msg/target_frame.js
Symlinking /home/adrii/talos_public_ws/devel/share/gennodejs/ros/astronaut_controllers/msg/_index.js
Symlinking /home/adrii/talos_public_ws/devel/share/gennodejs/ros/astronaut_controllers/srv/hand_operations.js
Symlinking /home/adrii/talos_public_ws/devel/share/gennodejs/ros/astronaut_controllers/srv/_index.js
Symlinking /home/adrii/talos_public_ws/devel/include/astronaut_controllers/hand_operationsRequest.h
Symlinking /home/adrii/talos_public_ws/devel/include/astronaut_controllers/target_frame.h
Symlinking /home/adrii/talos_public_ws/devel/include/astronaut_controllers/hand_operations.h
Symlinking /home/adrii/talos_public_ws/devel/include/astronaut_controllers/hand_operationsResponse.h
