[35m[1mScanning dependencies of target pinocchio_jacobiana[0m
[  0%] Built target std_msgs_generate_messages_nodejs
[  0%] Built target trajectory_msgs_generate_messages_nodejs
[  0%] Built target trajectory_msgs_generate_messages_cpp
[  0%] Built target std_msgs_generate_messages_cpp
[  0%] Built target geometry_msgs_generate_messages_cpp
[  0%] Built target geometry_msgs_generate_messages_nodejs
[  6%] Built target matrix_transf
[ 13%] Built target trajectories
[ 13%] Built target std_msgs_generate_messages_eus
[ 13%] Built target std_msgs_generate_messages_lisp
[ 13%] Built target geometry_msgs_generate_messages_eus
[ 13%] Built target trajectory_msgs_generate_messages_lisp
[ 13%] Built target trajectory_msgs_generate_messages_eus
[ 13%] Built target geometry_msgs_generate_messages_lisp
[ 13%] Built target _astronaut_controllers_generate_messages_check_deps_target_frame
[ 13%] Built target std_msgs_generate_messages_py
[ 13%] Built target _astronaut_controllers_generate_messages_check_deps_hand_operations
[ 16%] [32mBuilding CXX object CMakeFiles/pinocchio_jacobiana.dir/src/pinocchio_jacobiana.cc.o[0m
[ 16%] Built target trajectory_msgs_generate_messages_py
[ 16%] Built target _astronaut_controllers_generate_messages_check_deps_plot_msg
[ 16%] Built target geometry_msgs_generate_messages_py
[ 16%] Built target roscpp_generate_messages_lisp
[ 16%] Built target roscpp_generate_messages_cpp
[ 16%] Built target roscpp_generate_messages_nodejs
[ 16%] Built target rosgraph_msgs_generate_messages_lisp
[ 16%] Built target rosgraph_msgs_generate_messages_nodejs
[ 16%] Built target rosgraph_msgs_generate_messages_cpp
[ 16%] Built target roscpp_generate_messages_py
[ 16%] Built target rosgraph_msgs_generate_messages_eus
[ 16%] Built target rosgraph_msgs_generate_messages_py
[ 16%] Built target roscpp_generate_messages_eus
[ 26%] Built target astronaut_controllers_generate_messages_lisp
[ 36%] Built target astronaut_controllers_generate_messages_cpp
[ 50%] Built target astronaut_controllers_generate_messages_eus
[ 60%] Built target astronaut_controllers_generate_messages_nodejs
[ 76%] Built target astronaut_controllers_generate_messages_py
[ 76%] Built target astronaut_controllers_gencpp
[ 76%] Built target astronaut_controllers_generate_messages
[ 83%] Built target hand_service
[ 90%] Built target gripper_service
[ 96%] Built target astronaut_controllers_lib
In file included from [01m[K/opt/openrobots/include/pinocchio/fwd.hpp:25:0[m[K,
                 from [01m[K/opt/openrobots/include/pinocchio/spatial/fwd.hpp:9[m[K,
                 from [01m[K/opt/openrobots/include/pinocchio/multibody/model.hpp:9[m[K,
                 from [01m[K/home/adrii/talos_public_ws/src/talos_astronaut/astronaut_controllers/include/astronaut_controllers/prueba_jacobiana.h:8[m[K,
                 from [01m[K/home/adrii/talos_public_ws/src/talos_astronaut/astronaut_controllers/src/pinocchio_jacobiana.cc:1[m[K:
[01m[K/opt/openrobots/include/pinocchio/container/boost-container-limits.hpp:18:0:[m[K [01;35m[Kwarning: [m[K"BOOST_MPL_CFG_NO_PREPROCESSED_HEADERS" redefined
   #define BOOST_MPL_CFG_NO_PREPROCESSED_HEADERS
[01;32m[K ^[m[K
[01m[K<command-line>:0:0:[m[K [01;36m[Knote: [m[Kthis is the location of the previous definition
[100%] [32m[1mLinking CXX executable /home/adrii/talos_public_ws/devel/.private/astronaut_controllers/lib/astronaut_controllers/pinocchio_jacobiana[0m
[100%] Built target pinocchio_jacobiana
