[01m[K/home/adrii/talos_public_ws/src/talos_astronaut/astronaut_controllers/src/hand_service.cpp:12:13:[m[K [01;31m[Kerror: [m[K‘[01m[Kstd::__cxx11::string index[m[K’ redeclared as different kind of symbol
 std::string index;
[01;32m[K             ^[m[K
In file included from [01m[K/usr/include/c++/5/cstring:42:0[m[K,
                 from [01m[K/usr/include/boost/math/special_functions/detail/fp_traits.hpp:23[m[K,
                 from [01m[K/usr/include/boost/math/special_functions/fpclassify.hpp:20[m[K,
                 from [01m[K/usr/include/boost/math/special_functions/round.hpp:16[m[K,
                 from [01m[K/opt/ros/kinetic/include/ros/time.h:58[m[K,
                 from [01m[K/opt/ros/kinetic/include/ros/ros.h:38[m[K,
                 from [01m[K/home/adrii/talos_public_ws/src/talos_astronaut/astronaut_controllers/src/hand_service.cpp:4[m[K:
[01m[K/usr/include/string.h:466:20:[m[K [01;36m[Knote: [m[Kprevious declaration ‘[01m[Kconst char* index(const char*, int)[m[K’
 extern const char *index (const char *__s, int __c)
[01;32m[K                    ^[m[K
[01m[K/home/adrii/talos_public_ws/src/talos_astronaut/astronaut_controllers/src/hand_service.cpp:[m[K In function ‘[01m[Kbool serviceCallback(astronaut_controllers::hand_operations::Request&, astronaut_controllers::hand_operations::Response&)[m[K’:
[01m[K/home/adrii/talos_public_ws/src/talos_astronaut/astronaut_controllers/src/hand_service.cpp:21:15:[m[K [01;31m[Kerror: [m[Koverloaded function with no contextual type information
         index = "hand_" + req.hand + "_index_joint";
[01;32m[K               ^[m[K
In file included from [01m[K/opt/ros/kinetic/include/ros/ros.h:40:0[m[K,
                 from [01m[K/home/adrii/talos_public_ws/src/talos_astronaut/astronaut_controllers/src/hand_service.cpp:4[m[K:
[01m[K/opt/ros/kinetic/include/ros/console.h:393:3:[m[K [01;31m[Kerror: [m[Kexpected ‘[01m[K,[m[K’ or ‘[01m[K;[m[K’ before ‘[01m[Kdo[m[K’
   do \
[01;32m[K   ^[m[K
[01m[K/opt/ros/kinetic/include/ros/console.h:568:43:[m[K [01;36m[Knote: [m[Kin expansion of macro ‘[01m[KROS_LOG_STREAM_COND[m[K’
 #define ROS_LOG_STREAM(level, name, args) ROS_LOG_STREAM_COND(true, level, name, args)
[01;32m[K                                           ^[m[K
[01m[K/opt/ros/kinetic/include/rosconsole/macros_generated.h:215:32:[m[K [01;36m[Knote: [m[Kin expansion of macro ‘[01m[KROS_LOG_STREAM[m[K’
 #define ROS_ERROR_STREAM(args) ROS_LOG_STREAM(::ros::console::levels::Error, ROSCONSOLE_DEFAULT_NAME, args)
[01;32m[K                                ^[m[K
[01m[K/home/adrii/talos_public_ws/src/talos_astronaut/astronaut_controllers/src/hand_service.cpp:32:9:[m[K [01;36m[Knote: [m[Kin expansion of macro ‘[01m[KROS_ERROR_STREAM[m[K’
         ROS_ERROR_STREAM(error);
[01;32m[K         ^[m[K
[01m[K/home/adrii/talos_public_ws/src/talos_astronaut/astronaut_controllers/src/hand_service.cpp:97:1:[m[K [01;31m[Kerror: [m[Kexpected ‘[01m[K}[m[K’ at end of input
 }
[01;32m[K ^[m[K
[01m[K/home/adrii/talos_public_ws/src/talos_astronaut/astronaut_controllers/src/hand_service.cpp:97:1:[m[K [01;31m[Kerror: [m[Kexpected ‘[01m[K}[m[K’ at end of input
make[2]: *** [CMakeFiles/hand_service.dir/src/hand_service.cpp.o] Error 1
make[1]: *** [CMakeFiles/hand_service.dir/all] Error 2
make: *** [all] Error 2
