[  0%] Built target std_msgs_generate_messages_cpp
[  0%] Built target std_msgs_generate_messages_nodejs
[  0%] Built target trajectory_msgs_generate_messages_nodejs
[  0%] Built target geometry_msgs_generate_messages_cpp
[  0%] Built target geometry_msgs_generate_messages_lisp
[  0%] Built target geometry_msgs_generate_messages_nodejs
[  0%] Built target std_msgs_generate_messages_lisp
[  0%] Built target trajectory_msgs_generate_messages_cpp
[  6%] Built target pinocchio_jacobiana
[  6%] Built target trajectory_msgs_generate_messages_eus
[  6%] Built target std_msgs_generate_messages_eus
[  6%] Built target geometry_msgs_generate_messages_eus
[  6%] Built target trajectory_msgs_generate_messages_lisp
[  6%] Built target trajectory_msgs_generate_messages_py
[  6%] Built target roscpp_generate_messages_lisp
[  6%] Built target geometry_msgs_generate_messages_py
[  6%] Built target std_msgs_generate_messages_py
[  6%] Built target _astronaut_controllers_generate_messages_check_deps_hand_operations
[  6%] Built target _astronaut_controllers_generate_messages_check_deps_plot_msg
[  6%] Built target _astronaut_controllers_generate_messages_check_deps_target_frame
[  6%] Built target rosgraph_msgs_generate_messages_cpp
[  6%] Built target roscpp_generate_messages_cpp
[  6%] Built target roscpp_generate_messages_nodejs
[  6%] Built target rosgraph_msgs_generate_messages_lisp
[  6%] Built target rosgraph_msgs_generate_messages_nodejs
[  6%] Built target rosgraph_msgs_generate_messages_eus
[  6%] Built target roscpp_generate_messages_py
[  6%] Built target rosgraph_msgs_generate_messages_py
[  6%] Built target roscpp_generate_messages_eus
[ 16%] Built target astronaut_controllers_generate_messages_nodejs
[ 26%] Built target astronaut_controllers_generate_messages_cpp
[ 33%] Built target matrix_transf
[ 43%] Built target astronaut_controllers_generate_messages_lisp
[ 50%] Built target trajectories
[ 66%] Built target astronaut_controllers_generate_messages_py
[ 80%] Built target astronaut_controllers_generate_messages_eus
[ 80%] Built target astronaut_controllers_gencpp
[ 80%] Built target astronaut_controllers_generate_messages
[ 93%] Built target gripper_service
[ 93%] Built target hand_service
[100%] Built target astronaut_controllers_lib
