[  0%] Built target std_msgs_generate_messages_nodejs
[  0%] Built target geometry_msgs_generate_messages_nodejs
[  0%] Built target trajectory_msgs_generate_messages_cpp
[  0%] Built target trajectory_msgs_generate_messages_nodejs
[  0%] Built target geometry_msgs_generate_messages_lisp
[  0%] Built target geometry_msgs_generate_messages_cpp
[  0%] Built target std_msgs_generate_messages_cpp
[  0%] Built target std_msgs_generate_messages_eus
[  0%] Built target trajectory_msgs_generate_messages_lisp
[  0%] Built target std_msgs_generate_messages_lisp
[  0%] Built target geometry_msgs_generate_messages_py
[  0%] Built target geometry_msgs_generate_messages_eus
[  0%] Built target trajectory_msgs_generate_messages_eus
[  0%] Built target std_msgs_generate_messages_py
[  0%] Built target trajectory_msgs_generate_messages_py
[  0%] Built target _astronaut_controllers_generate_messages_check_deps_hand_operations
[  8%] Built target matrix_transf
[ 17%] Built target _astronaut_controllers_generate_messages_check_deps_target_frame
[ 17%] Built target trajectories
[ 26%] Built target astronaut_controllers_lib
[ 39%] Built target astronaut_controllers_generate_messages_eus
[ 47%] Built target astronaut_controllers_generate_messages_cpp
[ 56%] Built target astronaut_controllers_generate_messages_nodejs
[ 65%] Built target astronaut_controllers_generate_messages_lisp
[ 82%] Built target astronaut_controllers_generate_messages_py
[ 82%] Built target astronaut_controllers_gencpp
[ 82%] Built target astronaut_controllers_generate_messages
[ 95%] Built target hand_service
[100%] Built target gripper_service
