[01m[K/home/adrii/talos_public_ws/src/talos_astronaut/astronaut_controllers/src/hand_service.cpp:13:45:[m[K [01;31m[Kerror: [m[K‘[01m[Kastronaut_controllers::hands_operations[m[K’ has not been declared
 bool serviceCallback(astronaut_controllers::hands_operations::Request  &req, astronaut_controllers::hands_operations::Response &res){
[01;32m[K                                             ^[m[K
[01m[K/home/adrii/talos_public_ws/src/talos_astronaut/astronaut_controllers/src/hand_service.cpp:13:73:[m[K [01;31m[Kerror: [m[K‘[01m[Kreq[m[K’ was not declared in this scope
 bool serviceCallback(astronaut_controllers::hands_operations::Request  &req, astronaut_controllers::hands_operations::Response &res){
[01;32m[K                                                                         ^[m[K
[01m[K/home/adrii/talos_public_ws/src/talos_astronaut/astronaut_controllers/src/hand_service.cpp:13:101:[m[K [01;31m[Kerror: [m[K‘[01m[Kastronaut_controllers::hands_operations[m[K’ has not been declared
 bool serviceCallback(astronaut_controllers::hands_operations::Request  &req, astronaut_controllers::hands_operations::Response &res){
[01;32m[K                                                                                                     ^[m[K
[01m[K/home/adrii/talos_public_ws/src/talos_astronaut/astronaut_controllers/src/hand_service.cpp:13:129:[m[K [01;31m[Kerror: [m[K‘[01m[Kres[m[K’ was not declared in this scope
 bool serviceCallback(astronaut_controllers::hands_operations::Request  &req, astronaut_controllers::hands_operations::Response &res){
[01;32m[K                                                                                                                                 ^[m[K
[01m[K/home/adrii/talos_public_ws/src/talos_astronaut/astronaut_controllers/src/hand_service.cpp:13:132:[m[K [01;31m[Kerror: [m[Kexpression list treated as compound expression in initializer [-fpermissive]
 bool serviceCallback(astronaut_controllers::hands_operations::Request  &req, astronaut_controllers::hands_operations::Response &res){
[01;32m[K                                                                                                                                    ^[m[K
[01m[K/home/adrii/talos_public_ws/src/talos_astronaut/astronaut_controllers/src/hand_service.cpp:13:133:[m[K [01;31m[Kerror: [m[Kexpected ‘[01m[K,[m[K’ or ‘[01m[K;[m[K’ before ‘[01m[K{[m[K’ token
 bool serviceCallback(astronaut_controllers::hands_operations::Request  &req, astronaut_controllers::hands_operations::Response &res){
[01;32m[K                                                                                                                                     ^[m[K
make[2]: *** [CMakeFiles/hand_service.dir/src/hand_service.cpp.o] Error 1
make[1]: *** [CMakeFiles/hand_service.dir/all] Error 2
make: *** [all] Error 2
