[  0%] Built target trajectory_msgs_generate_messages_cpp
[  0%] Built target geometry_msgs_generate_messages_cpp
[  0%] Built target std_msgs_generate_messages_nodejs
[  0%] Built target geometry_msgs_generate_messages_lisp
[  0%] Built target trajectory_msgs_generate_messages_lisp
[  0%] Built target geometry_msgs_generate_messages_nodejs
[  0%] Built target trajectory_msgs_generate_messages_nodejs
[  0%] Built target std_msgs_generate_messages_cpp
[  0%] Built target std_msgs_generate_messages_lisp
[  0%] Built target geometry_msgs_generate_messages_py
[  0%] Built target std_msgs_generate_messages_py
[  0%] Built target geometry_msgs_generate_messages_eus
[  0%] Built target std_msgs_generate_messages_eus
[  0%] Built target trajectory_msgs_generate_messages_py
[  0%] Built target trajectory_msgs_generate_messages_eus
[  0%] Built target _astronaut_controllers_generate_messages_check_deps_hand_operations
[  3%] Built target _astronaut_controllers_generate_messages_check_deps_plot_msg
[  7%] Built target matrix_transf
[  7%] Built target _astronaut_controllers_generate_messages_check_deps_target_frame
[ 14%] Built target astronaut_controllers_lib
[ 21%] Built target trajectories
[ 46%] Built target astronaut_controllers_generate_messages_cpp
[ 46%] Built target astronaut_controllers_generate_messages_lisp
[ 57%] Built target astronaut_controllers_generate_messages_eus
[ 67%] Built target astronaut_controllers_generate_messages_nodejs
[ 85%] Built target astronaut_controllers_generate_messages_py
[ 85%] Built target astronaut_controllers_gencpp
[ 85%] Built target astronaut_controllers_generate_messages
[100%] Built target gripper_service
[100%] Built target hand_service
