[35m[1mScanning dependencies of target trajectory_msgs_generate_messages_cpp[0m
[35m[1mScanning dependencies of target geometry_msgs_generate_messages_cpp[0m
[35m[1mScanning dependencies of target std_msgs_generate_messages_cpp[0m
[35m[1mScanning dependencies of target _astronaut_controllers_generate_messages_check_deps_hand_operations[0m
[35m[1mScanning dependencies of target matrix_transf[0m
[35m[1mScanning dependencies of target pinocchio_jacobiana[0m
[35m[1mScanning dependencies of target trajectories[0m
[35m[1mScanning dependencies of target geometry_msgs_generate_messages_nodejs[0m
[35m[1mScanning dependencies of target trajectory_msgs_generate_messages_nodejs[0m
[35m[1mScanning dependencies of target std_msgs_generate_messages_nodejs[0m
[35m[1mScanning dependencies of target _astronaut_controllers_generate_messages_check_deps_target_frame[0m
[35m[1mScanning dependencies of target _astronaut_controllers_generate_messages_check_deps_plot_msg[0m
[  0%] Built target trajectory_msgs_generate_messages_cpp
[  0%] Built target geometry_msgs_generate_messages_cpp
[  0%] Built target geometry_msgs_generate_messages_nodejs
[  0%] Built target std_msgs_generate_messages_nodejs
[  0%] Built target trajectory_msgs_generate_messages_nodejs
[  0%] Built target std_msgs_generate_messages_cpp
[  3%] [32mBuilding CXX object CMakeFiles/matrix_transf.dir/src/matrix_transf.cpp.o[0m
[35m[1mScanning dependencies of target std_msgs_generate_messages_lisp[0m
[35m[1mScanning dependencies of target geometry_msgs_generate_messages_lisp[0m
[35m[1mScanning dependencies of target trajectory_msgs_generate_messages_lisp[0m
[35m[1mScanning dependencies of target geometry_msgs_generate_messages_eus[0m
[35m[1mScanning dependencies of target std_msgs_generate_messages_eus[0m
[35m[1mScanning dependencies of target trajectory_msgs_generate_messages_eus[0m
[  3%] Built target std_msgs_generate_messages_lisp
[  3%] Built target trajectory_msgs_generate_messages_lisp
[  3%] Built target geometry_msgs_generate_messages_lisp
[  3%] Built target std_msgs_generate_messages_eus
[  3%] Built target geometry_msgs_generate_messages_eus
[  3%] Built target _astronaut_controllers_generate_messages_check_deps_hand_operations
[  3%] Built target trajectory_msgs_generate_messages_eus
[35m[1mScanning dependencies of target geometry_msgs_generate_messages_py[0m
[35m[1mScanning dependencies of target trajectory_msgs_generate_messages_py[0m
[  6%] [32mBuilding CXX object CMakeFiles/trajectories.dir/src/trajectories.cpp.o[0m
[35m[1mScanning dependencies of target std_msgs_generate_messages_py[0m
[35m[1mScanning dependencies of target roscpp_generate_messages_lisp[0m
[35m[1mScanning dependencies of target roscpp_generate_messages_cpp[0m
[35m[1mScanning dependencies of target rosgraph_msgs_generate_messages_lisp[0m
[  6%] Built target _astronaut_controllers_generate_messages_check_deps_plot_msg
[35m[1mScanning dependencies of target roscpp_generate_messages_nodejs[0m
[  6%] Built target std_msgs_generate_messages_py
[  6%] Built target _astronaut_controllers_generate_messages_check_deps_target_frame
[  6%] Built target geometry_msgs_generate_messages_py
[  6%] Built target trajectory_msgs_generate_messages_py
[  6%] Built target rosgraph_msgs_generate_messages_lisp
[  6%] Built target roscpp_generate_messages_cpp
[  6%] Built target roscpp_generate_messages_lisp
[  6%] Built target roscpp_generate_messages_nodejs
[35m[1mScanning dependencies of target rosgraph_msgs_generate_messages_cpp[0m
[35m[1mScanning dependencies of target rosgraph_msgs_generate_messages_eus[0m
[35m[1mScanning dependencies of target roscpp_generate_messages_py[0m
[35m[1mScanning dependencies of target rosgraph_msgs_generate_messages_nodejs[0m
[35m[1mScanning dependencies of target rosgraph_msgs_generate_messages_py[0m
[ 10%] [32mBuilding CXX object CMakeFiles/pinocchio_jacobiana.dir/src/pinocchio_jacobiana.cc.o[0m
[35m[1mScanning dependencies of target roscpp_generate_messages_eus[0m
[35m[1mScanning dependencies of target astronaut_controllers_generate_messages_nodejs[0m
[35m[1mScanning dependencies of target astronaut_controllers_generate_messages_lisp[0m
[35m[1mScanning dependencies of target astronaut_controllers_generate_messages_cpp[0m
[ 10%] Built target roscpp_generate_messages_py
[ 10%] Built target rosgraph_msgs_generate_messages_eus
[ 10%] Built target rosgraph_msgs_generate_messages_py
[ 10%] Built target rosgraph_msgs_generate_messages_nodejs
[ 10%] Built target rosgraph_msgs_generate_messages_cpp
[ 13%] [34m[1mGenerating Lisp code from astronaut_controllers/target_frame.msg[0m
[ 13%] Built target roscpp_generate_messages_eus
[ 20%] [34m[1mGenerating Javascript code from astronaut_controllers/target_frame.msg[0m
[ 20%] [34m[1mGenerating C++ code from astronaut_controllers/target_frame.msg[0m
[ 26%] [34m[1mGenerating C++ code from astronaut_controllers/plot_msg.msg[0m
[ 26%] [34m[1mGenerating Javascript code from astronaut_controllers/plot_msg.msg[0m
[ 30%] [34m[1mGenerating Javascript code from astronaut_controllers/hand_operations.srv[0m
[ 33%] [34m[1mGenerating Lisp code from astronaut_controllers/plot_msg.msg[0m
[ 40%] [34m[1mGenerating Lisp code from astronaut_controllers/hand_operations.srv[0m
[ 40%] [34m[1mGenerating C++ code from astronaut_controllers/hand_operations.srv[0m
[35m[1mScanning dependencies of target astronaut_controllers_generate_messages_eus[0m
[35m[1mScanning dependencies of target astronaut_controllers_generate_messages_py[0m
[ 40%] Built target astronaut_controllers_generate_messages_nodejs
[ 40%] Built target astronaut_controllers_generate_messages_lisp
[ 43%] [34m[1mGenerating EusLisp manifest code for astronaut_controllers[0m
[ 46%] [34m[1mGenerating EusLisp code from astronaut_controllers/target_frame.msg[0m
[ 50%] [34m[1mGenerating EusLisp code from astronaut_controllers/plot_msg.msg[0m
[ 53%] [34m[1mGenerating EusLisp code from astronaut_controllers/hand_operations.srv[0m
[ 56%] [34m[1mGenerating Python from MSG astronaut_controllers/plot_msg[0m
[ 60%] [34m[1mGenerating Python from MSG astronaut_controllers/target_frame[0m
[ 63%] [34m[1mGenerating Python code from SRV astronaut_controllers/hand_operations[0m
[ 66%] [32m[1mLinking CXX executable /home/adrii/talos_public_ws/devel/.private/astronaut_controllers/lib/astronaut_controllers/matrix_transf[0m
[ 66%] Built target astronaut_controllers_generate_messages_cpp
[35m[1mScanning dependencies of target astronaut_controllers_gencpp[0m
[ 66%] Built target astronaut_controllers_gencpp
[35m[1mScanning dependencies of target gripper_service[0m
[35m[1mScanning dependencies of target hand_service[0m
[ 66%] Built target matrix_transf
[ 70%] [34m[1mGenerating Python msg __init__.py for astronaut_controllers[0m
[ 73%] [34m[1mGenerating Python srv __init__.py for astronaut_controllers[0m
[ 76%] [32mBuilding CXX object CMakeFiles/gripper_service.dir/src/gripper_service.cpp.o[0m
[ 80%] [32mBuilding CXX object CMakeFiles/hand_service.dir/src/hand_service.cpp.o[0m
In file included from [01m[K/opt/openrobots/include/pinocchio/fwd.hpp:25:0[m[K,
                 from [01m[K/opt/openrobots/include/pinocchio/spatial/fwd.hpp:9[m[K,
                 from [01m[K/opt/openrobots/include/pinocchio/multibody/model.hpp:9[m[K,
                 from [01m[K/home/adrii/talos_public_ws/src/talos_astronaut/astronaut_controllers/include/astronaut_controllers/prueba_jacobiana.h:8[m[K,
                 from [01m[K/home/adrii/talos_public_ws/src/talos_astronaut/astronaut_controllers/src/pinocchio_jacobiana.cc:1[m[K:
[01m[K/opt/openrobots/include/pinocchio/container/boost-container-limits.hpp:18:0:[m[K [01;35m[Kwarning: [m[K"BOOST_MPL_CFG_NO_PREPROCESSED_HEADERS" redefined
   #define BOOST_MPL_CFG_NO_PREPROCESSED_HEADERS
[01;32m[K ^[m[K
[01m[K<command-line>:0:0:[m[K [01;36m[Knote: [m[Kthis is the location of the previous definition
[ 80%] Built target astronaut_controllers_generate_messages_py
[ 80%] Built target astronaut_controllers_generate_messages_eus
[35m[1mScanning dependencies of target astronaut_controllers_generate_messages[0m
[35m[1mScanning dependencies of target astronaut_controllers_lib[0m
[ 80%] Built target astronaut_controllers_generate_messages
[ 83%] [32mBuilding CXX object CMakeFiles/astronaut_controllers_lib.dir/src/cartesian_controller.cpp.o[0m
[ 86%] [32m[1mLinking CXX executable /home/adrii/talos_public_ws/devel/.private/astronaut_controllers/lib/astronaut_controllers/trajectories[0m
[ 86%] Built target trajectories
[ 90%] [32m[1mLinking CXX executable /home/adrii/talos_public_ws/devel/.private/astronaut_controllers/lib/astronaut_controllers/gripper_service[0m
In file included from [01m[K/opt/openrobots/include/pinocchio/fwd.hpp:25:0[m[K,
                 from [01m[K/opt/openrobots/include/pinocchio/spatial/fwd.hpp:9[m[K,
                 from [01m[K/opt/openrobots/include/pinocchio/multibody/model.hpp:9[m[K,
                 from [01m[K/home/adrii/talos_public_ws/src/talos_astronaut/astronaut_controllers/include/astronaut_controllers/torso_effort_controller.h:47[m[K,
                 from [01m[K/home/adrii/talos_public_ws/src/talos_astronaut/astronaut_controllers/src/cartesian_controller.cpp:7[m[K:
[01m[K/opt/openrobots/include/pinocchio/container/boost-container-limits.hpp:18:0:[m[K [01;35m[Kwarning: [m[K"BOOST_MPL_CFG_NO_PREPROCESSED_HEADERS" redefined
   #define BOOST_MPL_CFG_NO_PREPROCESSED_HEADERS
[01;32m[K ^[m[K
[01m[K<command-line>:0:0:[m[K [01;36m[Knote: [m[Kthis is the location of the previous definition
[ 93%] [32m[1mLinking CXX executable /home/adrii/talos_public_ws/devel/.private/astronaut_controllers/lib/astronaut_controllers/hand_service[0m
[ 93%] Built target gripper_service
[ 93%] Built target hand_service
In file included from [01m[K/home/adrii/talos_public_ws/src/ros_control/hardware_interface/include/hardware_interface/robot_hw.h:35:0[m[K,
                 from [01m[K/home/adrii/talos_public_ws/src/ros_control/controller_interface/include/controller_interface/controller_base.h:37[m[K,
                 from [01m[K/home/adrii/talos_public_ws/src/ros_control/controller_interface/include/controller_interface/controller.h:35[m[K,
                 from [01m[K/home/adrii/talos_public_ws/src/talos_astronaut/astronaut_controllers/include/astronaut_controllers/aruco_cartesian_controller.h:9[m[K,
                 from [01m[K/home/adrii/talos_public_ws/src/talos_astronaut/astronaut_controllers/src/cartesian_controller.cpp:3[m[K:
/home/adrii/talos_public_ws/src/ros_control/hardware_interface/include/hardware_interface/internal/interface_manager.h: In instantiation of ‘[01m[Kstatic char (& hardware_interface::CheckIsResourceManager<T>::callCM(std::vector<C*>&, C*, typename C::resource_manager_type*))[1] [with C = hardware_interface::EffortJointInterface; T = hardware_interface::EffortJointInterface; hardware_interface::CheckIsResourceManager<T>::yes = char [1]; typename C::resource_manager_type = hardware_interface::ResourceManager<hardware_interface::JointHandle>][m[K’:
[01m[K/home/adrii/talos_public_ws/src/ros_control/hardware_interface/include/hardware_interface/internal/interface_manager.h:83:14:[m[K   required from ‘[01m[Kstatic const void hardware_interface::CheckIsResourceManager<T>::callConcatManagers(std::vector<T*>&, T*) [with T = hardware_interface::EffortJointInterface][m[K’
[01m[K/home/adrii/talos_public_ws/src/ros_control/hardware_interface/include/hardware_interface/internal/interface_manager.h:200:54:[m[K   required from ‘[01m[KT* hardware_interface::InterfaceManager::get() [with T = hardware_interface::EffortJointInterface][m[K’
[01m[K/home/adrii/talos_public_ws/src/ros_control/controller_interface/include/controller_interface/controller.h:110:30:[m[K   required from ‘[01m[Kbool controller_interface::Controller<T>::initRequest(hardware_interface::RobotHW*, ros::NodeHandle&, ros::NodeHandle&, controller_interface::ControllerBase::ClaimedResources&) [with T = hardware_interface::EffortJointInterface; controller_interface::ControllerBase::ClaimedResources = std::vector<hardware_interface::InterfaceResources>][m[K’
[01m[K/home/adrii/talos_public_ws/src/talos_astronaut/astronaut_controllers/src/cartesian_controller.cpp:27:105:[m[K   required from here
[01m[K/home/adrii/talos_public_ws/src/ros_control/hardware_interface/include/hardware_interface/internal/interface_manager.h:73:9:[m[K [01;35m[Kwarning: [m[Kreference to local variable ‘[01m[Ktmp_yes[m[K’ returned [-Wreturn-local-addr]
     yes tmp_yes;
[01;32m[K         ^[m[K
[ 96%] [32m[1mLinking CXX executable /home/adrii/talos_public_ws/devel/.private/astronaut_controllers/lib/astronaut_controllers/pinocchio_jacobiana[0m
[ 96%] Built target pinocchio_jacobiana
[100%] [32m[1mLinking CXX shared library /home/adrii/talos_public_ws/devel/.private/astronaut_controllers/lib/libastronaut_controllers_lib.so[0m
[100%] Built target astronaut_controllers_lib
