[  0%] Built target geometry_msgs_generate_messages_cpp
[  0%] Built target trajectory_msgs_generate_messages_cpp
[  0%] Built target std_msgs_generate_messages_cpp
[  0%] Built target geometry_msgs_generate_messages_nodejs
[  0%] Built target std_msgs_generate_messages_nodejs
[  0%] Built target _astronaut_controllers_generate_messages_check_deps_hand_operations
[  0%] Built target trajectory_msgs_generate_messages_nodejs
[  0%] Built target std_msgs_generate_messages_lisp
[  0%] Built target _astronaut_controllers_generate_messages_check_deps_target_frame
[  0%] Built target geometry_msgs_generate_messages_lisp
[  0%] Built target trajectory_msgs_generate_messages_lisp
[  0%] Built target std_msgs_generate_messages_eus
[  0%] Built target geometry_msgs_generate_messages_eus
[  0%] Built target trajectory_msgs_generate_messages_eus
[  0%] Built target std_msgs_generate_messages_py
[  0%] Built target trajectory_msgs_generate_messages_py
[  0%] Built target geometry_msgs_generate_messages_py
[ 11%] Built target astronaut_controllers_generate_messages_cpp
[ 23%] Built target astronaut_controllers_generate_messages_nodejs
[ 35%] Built target astronaut_controllers_generate_messages_lisp
[ 47%] Built target astronaut_controllers_lib
[ 64%] Built target astronaut_controllers_generate_messages_eus
[ 64%] Built target astronaut_controllers_gencpp
[ 88%] Built target astronaut_controllers_generate_messages_py
[ 88%] Built target astronaut_controllers_generate_messages
[100%] Built target hand_service
