Unlinking: /home/adrii/talos_public_ws/devel/share/roseus/ros/astronaut_controllers/manifest.l
Unlinking: /home/adrii/talos_public_ws/devel/share/roseus/ros/astronaut_controllers/msg/target_frame.l
Unlinking: /home/adrii/talos_public_ws/devel/share/roseus/ros/astronaut_controllers/srv/hand_operations.l
Unlinking: /home/adrii/talos_public_ws/devel/share/astronaut_controllers/cmake/astronaut_controllers-msg-extras.cmake
Unlinking: /home/adrii/talos_public_ws/devel/share/astronaut_controllers/cmake/astronaut_controllersConfig-version.cmake
Unlinking: /home/adrii/talos_public_ws/devel/share/astronaut_controllers/cmake/astronaut_controllers-msg-paths.cmake
Unlinking: /home/adrii/talos_public_ws/devel/share/astronaut_controllers/cmake/astronaut_controllersConfig.cmake
Unlinking: /home/adrii/talos_public_ws/devel/share/common-lisp/ros/astronaut_controllers/msg/_package.lisp
Unlinking: /home/adrii/talos_public_ws/devel/share/common-lisp/ros/astronaut_controllers/msg/astronaut_controllers-msg.asd
Unlinking: /home/adrii/talos_public_ws/devel/share/common-lisp/ros/astronaut_controllers/msg/target_frame.lisp
Unlinking: /home/adrii/talos_public_ws/devel/share/common-lisp/ros/astronaut_controllers/msg/_package_target_frame.lisp
Unlinking: /home/adrii/talos_public_ws/devel/share/common-lisp/ros/astronaut_controllers/srv/hand_operations.lisp
Unlinking: /home/adrii/talos_public_ws/devel/share/common-lisp/ros/astronaut_controllers/srv/astronaut_controllers-srv.asd
Unlinking: /home/adrii/talos_public_ws/devel/share/common-lisp/ros/astronaut_controllers/srv/_package.lisp
Unlinking: /home/adrii/talos_public_ws/devel/share/common-lisp/ros/astronaut_controllers/srv/_package_hand_operations.lisp
Unlinking: /home/adrii/talos_public_ws/devel/share/gennodejs/ros/astronaut_controllers/_index.js
Unlinking: /home/adrii/talos_public_ws/devel/share/gennodejs/ros/astronaut_controllers/msg/_index.js
Unlinking: /home/adrii/talos_public_ws/devel/share/gennodejs/ros/astronaut_controllers/msg/target_frame.js
Unlinking: /home/adrii/talos_public_ws/devel/share/gennodejs/ros/astronaut_controllers/srv/_index.js
Unlinking: /home/adrii/talos_public_ws/devel/share/gennodejs/ros/astronaut_controllers/srv/hand_operations.js
Unlinking: /home/adrii/talos_public_ws/devel/include/astronaut_controllers/target_frame.h
Unlinking: /home/adrii/talos_public_ws/devel/include/astronaut_controllers/hand_operationsRequest.h
Unlinking: /home/adrii/talos_public_ws/devel/include/astronaut_controllers/hand_operations.h
Unlinking: /home/adrii/talos_public_ws/devel/include/astronaut_controllers/hand_operationsResponse.h
Unlinking: /home/adrii/talos_public_ws/devel/lib/libastronaut_controllers_lib.so
Unlinking: /home/adrii/talos_public_ws/devel/lib/astronaut_controllers/publisher
Unlinking: /home/adrii/talos_public_ws/devel/lib/astronaut_controllers/hand_service
Unlinking: /home/adrii/talos_public_ws/devel/lib/python2.7/dist-packages/astronaut_controllers/__init__.py
Unlinking: /home/adrii/talos_public_ws/devel/lib/python2.7/dist-packages/astronaut_controllers/msg/__init__.py
Unlinking: /home/adrii/talos_public_ws/devel/lib/python2.7/dist-packages/astronaut_controllers/msg/_target_frame.py
Unlinking: /home/adrii/talos_public_ws/devel/lib/python2.7/dist-packages/astronaut_controllers/srv/__init__.py
Unlinking: /home/adrii/talos_public_ws/devel/lib/python2.7/dist-packages/astronaut_controllers/srv/_hand_operations.py
Unlinking: /home/adrii/talos_public_ws/devel/lib/pkgconfig/astronaut_controllers.pc
