Determining if the pthread_create exist failed with the following output:
Change Dir: /home/adrii/talos_public_ws/build/qr_detector/CMakeFiles/CMakeTmp

Run Build Command:"/usr/bin/make" "cmTC_0f3b4/fast"
/usr/bin/make -f CMakeFiles/cmTC_0f3b4.dir/build.make CMakeFiles/cmTC_0f3b4.dir/build
make[1]: se entra en el directorio '/home/adrii/talos_public_ws/build/qr_detector/CMakeFiles/CMakeTmp'
Building C object CMakeFiles/cmTC_0f3b4.dir/CheckSymbolExists.c.o
/usr/bin/cc     -o CMakeFiles/cmTC_0f3b4.dir/CheckSymbolExists.c.o   -c /home/adrii/talos_public_ws/build/qr_detector/CMakeFiles/CMakeTmp/CheckSymbolExists.c
Linking C executable cmTC_0f3b4
/usr/bin/cmake -E cmake_link_script CMakeFiles/cmTC_0f3b4.dir/link.txt --verbose=1
/usr/bin/cc       CMakeFiles/cmTC_0f3b4.dir/CheckSymbolExists.c.o  -o cmTC_0f3b4 -rdynamic 
CMakeFiles/cmTC_0f3b4.dir/CheckSymbolExists.c.o: En la función `main':
CheckSymbolExists.c:(.text+0x16): referencia a `pthread_create' sin definir
collect2: error: ld returned 1 exit status
CMakeFiles/cmTC_0f3b4.dir/build.make:97: fallo en las instrucciones para el objetivo 'cmTC_0f3b4'
make[1]: *** [cmTC_0f3b4] Error 1
make[1]: se sale del directorio '/home/adrii/talos_public_ws/build/qr_detector/CMakeFiles/CMakeTmp'
Makefile:126: fallo en las instrucciones para el objetivo 'cmTC_0f3b4/fast'
make: *** [cmTC_0f3b4/fast] Error 2

File /home/adrii/talos_public_ws/build/qr_detector/CMakeFiles/CMakeTmp/CheckSymbolExists.c:
/* */
#include <pthread.h>

int main(int argc, char** argv)
{
  (void)argv;
#ifndef pthread_create
  return ((int*)(&pthread_create))[argc];
#else
  (void)argc;
  return 0;
#endif
}

Determining if the function pthread_create exists in the pthreads failed with the following output:
Change Dir: /home/adrii/talos_public_ws/build/qr_detector/CMakeFiles/CMakeTmp

Run Build Command:"/usr/bin/make" "cmTC_8864b/fast"
/usr/bin/make -f CMakeFiles/cmTC_8864b.dir/build.make CMakeFiles/cmTC_8864b.dir/build
make[1]: se entra en el directorio '/home/adrii/talos_public_ws/build/qr_detector/CMakeFiles/CMakeTmp'
Building C object CMakeFiles/cmTC_8864b.dir/CheckFunctionExists.c.o
/usr/bin/cc    -DCHECK_FUNCTION_EXISTS=pthread_create   -o CMakeFiles/cmTC_8864b.dir/CheckFunctionExists.c.o   -c /usr/share/cmake-3.5/Modules/CheckFunctionExists.c
Linking C executable cmTC_8864b
/usr/bin/cmake -E cmake_link_script CMakeFiles/cmTC_8864b.dir/link.txt --verbose=1
/usr/bin/cc   -DCHECK_FUNCTION_EXISTS=pthread_create    CMakeFiles/cmTC_8864b.dir/CheckFunctionExists.c.o  -o cmTC_8864b -rdynamic -lpthreads 
/usr/bin/ld: no se puede encontrar -lpthreads
collect2: error: ld returned 1 exit status
CMakeFiles/cmTC_8864b.dir/build.make:97: fallo en las instrucciones para el objetivo 'cmTC_8864b'
make[1]: *** [cmTC_8864b] Error 1
make[1]: se sale del directorio '/home/adrii/talos_public_ws/build/qr_detector/CMakeFiles/CMakeTmp'
Makefile:126: fallo en las instrucciones para el objetivo 'cmTC_8864b/fast'
make: *** [cmTC_8864b/fast] Error 2


